[2025-08-05 06:41:57Z INFO HostContext] No proxy settings were found based on environmental variables (http_proxy/https_proxy/HTTP_PROXY/HTTPS_PROXY)
[2025-08-05 06:41:57Z INFO HostContext] Well known directory 'Bin': 'C:\laragon\www\sapapi\action-runner\bin'
[2025-08-05 06:41:57Z INFO HostContext] Well known directory 'Root': 'C:\laragon\www\sapapi\action-runner'
[2025-08-05 06:41:57Z INFO HostContext] Well known config file 'Credentials': 'C:\laragon\www\sapapi\action-runner\.credentials'
[2025-08-05 06:41:57Z INFO HostContext] Well known directory 'Bin': 'C:\laragon\www\sapapi\action-runner\bin'
[2025-08-05 06:41:57Z INFO HostContext] Well known directory 'Root': 'C:\laragon\www\sapapi\action-runner'
[2025-08-05 06:41:57Z INFO HostContext] Well known config file 'Runner': 'C:\laragon\www\sapapi\action-runner\.runner'
[2025-08-05 06:41:57Z INFO Listener] Runner is built for Windows (X64) - win-x64.
[2025-08-05 06:41:57Z INFO Listener] RuntimeInformation: Microsoft Windows 10.0.19045.
[2025-08-05 06:41:57Z INFO Listener] Version: 2.327.1
[2025-08-05 06:41:57Z INFO Listener] Commit: 9513afd82fbc900d13362cdd4fcdab0538f5124e
[2025-08-05 06:41:57Z INFO Listener] Culture: en-US
[2025-08-05 06:41:57Z INFO Listener] UI Culture: en-US
[2025-08-05 06:41:57Z INFO HostContext] Well known directory 'Bin': 'C:\laragon\www\sapapi\action-runner\bin'
[2025-08-05 06:41:57Z INFO HostContext] Well known directory 'Root': 'C:\laragon\www\sapapi\action-runner'
[2025-08-05 06:41:57Z INFO Listener] Validating directory permissions for: 'C:\laragon\www\sapapi\action-runner'
[2025-08-05 06:41:57Z INFO CommandLineParser] Parse
[2025-08-05 06:41:57Z INFO CommandLineParser] Parsing 3 args
[2025-08-05 06:41:57Z INFO CommandLineParser] parsing argument
[2025-08-05 06:41:57Z INFO CommandLineParser] HasArgs: False
[2025-08-05 06:41:57Z INFO CommandLineParser] Adding Command: run
[2025-08-05 06:41:57Z INFO CommandLineParser] parsing argument
[2025-08-05 06:41:57Z INFO CommandLineParser] HasArgs: True
[2025-08-05 06:41:57Z INFO CommandLineParser] arg: startuptype
[2025-08-05 06:41:57Z INFO CommandLineParser] parsing argument
[2025-08-05 06:41:57Z INFO CommandLineParser] HasArgs: True
[2025-08-05 06:41:57Z INFO CommandLineParser] Adding option 'startuptype': 'service'
[2025-08-05 06:41:57Z INFO Listener] Arguments parsed
[2025-08-05 06:41:57Z INFO Runner] ExecuteCommand
[2025-08-05 06:41:57Z INFO ConfigurationStore] currentAssemblyLocation: C:\laragon\www\sapapi\action-runner\bin\Runner.Listener.dll
[2025-08-05 06:41:57Z INFO HostContext] Well known directory 'Bin': 'C:\laragon\www\sapapi\action-runner\bin'
[2025-08-05 06:41:57Z INFO ConfigurationStore] binPath: C:\laragon\www\sapapi\action-runner\bin
[2025-08-05 06:41:57Z INFO HostContext] Well known directory 'Bin': 'C:\laragon\www\sapapi\action-runner\bin'
[2025-08-05 06:41:57Z INFO HostContext] Well known directory 'Root': 'C:\laragon\www\sapapi\action-runner'
[2025-08-05 06:41:57Z INFO ConfigurationStore] RootFolder: C:\laragon\www\sapapi\action-runner
[2025-08-05 06:41:57Z INFO HostContext] Well known directory 'Bin': 'C:\laragon\www\sapapi\action-runner\bin'
[2025-08-05 06:41:57Z INFO HostContext] Well known directory 'Root': 'C:\laragon\www\sapapi\action-runner'
[2025-08-05 06:41:57Z INFO HostContext] Well known config file 'Runner': 'C:\laragon\www\sapapi\action-runner\.runner'
[2025-08-05 06:41:57Z INFO ConfigurationStore] ConfigFilePath: C:\laragon\www\sapapi\action-runner\.runner
[2025-08-05 06:41:57Z INFO HostContext] Well known directory 'Bin': 'C:\laragon\www\sapapi\action-runner\bin'
[2025-08-05 06:41:57Z INFO HostContext] Well known directory 'Root': 'C:\laragon\www\sapapi\action-runner'
[2025-08-05 06:41:57Z INFO HostContext] Well known config file 'MigratedRunner': 'C:\laragon\www\sapapi\action-runner\.runner_migrated'
[2025-08-05 06:41:57Z INFO ConfigurationStore] MigratedConfigFilePath: C:\laragon\www\sapapi\action-runner\.runner_migrated
[2025-08-05 06:41:57Z INFO HostContext] Well known directory 'Bin': 'C:\laragon\www\sapapi\action-runner\bin'
[2025-08-05 06:41:57Z INFO HostContext] Well known directory 'Root': 'C:\laragon\www\sapapi\action-runner'
[2025-08-05 06:41:57Z INFO HostContext] Well known config file 'Credentials': 'C:\laragon\www\sapapi\action-runner\.credentials'
[2025-08-05 06:41:57Z INFO ConfigurationStore] CredFilePath: C:\laragon\www\sapapi\action-runner\.credentials
[2025-08-05 06:41:57Z INFO HostContext] Well known directory 'Bin': 'C:\laragon\www\sapapi\action-runner\bin'
[2025-08-05 06:41:57Z INFO HostContext] Well known directory 'Root': 'C:\laragon\www\sapapi\action-runner'
[2025-08-05 06:41:57Z INFO HostContext] Well known config file 'MigratedCredentials': 'C:\laragon\www\sapapi\action-runner\.credentials_migrated'
[2025-08-05 06:41:57Z INFO ConfigurationStore] MigratedCredFilePath: C:\laragon\www\sapapi\action-runner\.credentials_migrated
[2025-08-05 06:41:57Z INFO HostContext] Well known directory 'Bin': 'C:\laragon\www\sapapi\action-runner\bin'
[2025-08-05 06:41:57Z INFO HostContext] Well known directory 'Root': 'C:\laragon\www\sapapi\action-runner'
[2025-08-05 06:41:57Z INFO HostContext] Well known config file 'Service': 'C:\laragon\www\sapapi\action-runner\.service'
[2025-08-05 06:41:57Z INFO ConfigurationStore] ServiceConfigFilePath: C:\laragon\www\sapapi\action-runner\.service
[2025-08-05 06:41:57Z INFO CommandSettings] Flag 'help': 'False'
[2025-08-05 06:41:57Z INFO CommandSettings] Flag 'version': 'False'
[2025-08-05 06:41:57Z INFO CommandSettings] Flag 'commit': 'False'
[2025-08-05 06:41:57Z INFO CommandSettings] Flag 'check': 'False'
[2025-08-05 06:41:57Z INFO CommandSettings] Command 'configure': 'False'
[2025-08-05 06:41:57Z INFO CommandSettings] Command 'remove': 'False'
[2025-08-05 06:41:57Z INFO CommandSettings] Command 'warmup': 'False'
[2025-08-05 06:41:57Z INFO ConfigurationManager] LoadSettings
[2025-08-05 06:41:57Z INFO ConfigurationStore] IsConfigured()
[2025-08-05 06:41:57Z INFO ConfigurationStore] IsConfigured: True
[2025-08-05 06:41:57Z INFO ConfigurationManager] Is configured: True
[2025-08-05 06:41:57Z INFO ConfigurationStore] Read setting file: 386 chars
[2025-08-05 06:41:57Z INFO ConfigurationManager] Settings Loaded
[2025-08-05 06:41:57Z INFO ConfigurationStore] IsServiceConfigured()
[2025-08-05 06:41:57Z INFO ConfigurationStore] IsServiceConfigured: True
[2025-08-05 06:41:57Z INFO CommandSettings] Command 'run': 'True'
[2025-08-05 06:41:57Z INFO ConfigurationStore] IsConfigured()
[2025-08-05 06:41:57Z INFO ConfigurationStore] IsConfigured: True
[2025-08-05 06:41:57Z INFO ConfigurationManager] Is configured: True
[2025-08-05 06:41:57Z INFO Runner] Set runner startup type - Service
[2025-08-05 06:41:57Z INFO CommandSettings] Flag 'once': 'False'
[2025-08-05 06:41:57Z INFO CommandSettings] Flag 'once': 'False'
[2025-08-05 06:41:57Z INFO Runner] RunAsync
[2025-08-05 06:41:57Z INFO ConfigurationManager] LoadMigratedSettings
[2025-08-05 06:41:57Z INFO ConfigurationStore] IsMigratedConfigured()
[2025-08-05 06:41:57Z INFO ConfigurationStore] IsMigratedConfigured: False
[2025-08-05 06:41:57Z INFO Runner] Failed to load migrated settings: No migrated configuration found.
[2025-08-05 06:41:57Z INFO Runner] Falling back to original .runner settings
[2025-08-05 06:41:57Z INFO Runner] Using BrokerMessageListener
[2025-08-05 06:41:57Z INFO BrokerMessageListener] Using provided settings
[2025-08-05 06:41:57Z INFO BrokerMessageListener] {
  "AgentId": 21,
  "AgentName": "JO",
  "PoolId": 1,
  "PoolName": "Default",
  "ServerUrl": "https://pipelinesghubeus26.actions.githubusercontent.com/OTqsuixwcDOeboiI5ELPh9vt0loVA9erSQMzHOLYofkfIDGeBX/",
  "GitHubUrl": "https://github.com/jauharimalik/sapapi",
  "WorkFolder": "_work",
  "UseV2Flow": true,
  "ServerUrlV2": "https://broker.actions.githubusercontent.com/"
}
[2025-08-05 06:41:57Z INFO BrokerMessageListener] Loading Credentials
[2025-08-05 06:41:57Z INFO ConfigurationStore] HasCredentials()
[2025-08-05 06:41:57Z INFO ConfigurationStore] stored True
[2025-08-05 06:41:57Z INFO CredentialManager] GetCredentialProvider
[2025-08-05 06:41:57Z INFO CredentialManager] Creating type OAuth
[2025-08-05 06:41:57Z INFO CredentialManager] Creating credential type: OAuth
[2025-08-05 06:41:57Z INFO HostContext] Well known directory 'Bin': 'C:\laragon\www\sapapi\action-runner\bin'
[2025-08-05 06:41:57Z INFO HostContext] Well known directory 'Root': 'C:\laragon\www\sapapi\action-runner'
[2025-08-05 06:41:57Z INFO HostContext] Well known config file 'RSACredentials': 'C:\laragon\www\sapapi\action-runner\.credentials_rsaparams'
[2025-08-05 06:41:57Z INFO RSAEncryptedFileKeyManager] Loading RSA key parameters from file C:\laragon\www\sapapi\action-runner\.credentials_rsaparams
[2025-08-05 06:41:57Z INFO BrokerMessageListener] Attempt to create session.
[2025-08-05 06:41:57Z INFO BrokerMessageListener] Connecting to the Broker Server...
[2025-08-05 06:41:57Z INFO ConfigurationStore] HasCredentials()
[2025-08-05 06:41:57Z INFO ConfigurationStore] stored True
[2025-08-05 06:41:57Z INFO CredentialManager] GetCredentialProvider
[2025-08-05 06:41:57Z INFO CredentialManager] Creating type OAuth
[2025-08-05 06:41:57Z INFO CredentialManager] Creating credential type: OAuth
[2025-08-05 06:41:57Z INFO RSAEncryptedFileKeyManager] Loading RSA key parameters from file C:\laragon\www\sapapi\action-runner\.credentials_rsaparams
[2025-08-05 06:41:57Z INFO BrokerMessageListener] VssConnection created
[2025-08-05 06:41:57Z INFO BrokerMessageListener] Connecting to the Runner server...
[2025-08-05 06:41:57Z INFO RunnerServer] EstablishVssConnection
[2025-08-05 06:41:57Z INFO RunnerServer] Establish connection with 100 seconds timeout.
[2025-08-05 06:41:57Z INFO GitHubActionsService] Starting operation Location.GetConnectionData
[2025-08-05 06:41:57Z INFO RunnerServer] EstablishVssConnection
[2025-08-05 06:41:57Z INFO RunnerServer] Establish connection with 60 seconds timeout.
[2025-08-05 06:41:57Z INFO GitHubActionsService] Starting operation Location.GetConnectionData
[2025-08-05 06:41:57Z INFO RunnerServer] EstablishVssConnection
[2025-08-05 06:41:57Z INFO RunnerServer] Establish connection with 60 seconds timeout.
[2025-08-05 06:41:57Z INFO GitHubActionsService] Starting operation Location.GetConnectionData
[2025-08-05 06:41:58Z INFO GitHubActionsService] Finished operation Location.GetConnectionData
[2025-08-05 06:41:58Z INFO GitHubActionsService] Finished operation Location.GetConnectionData
[2025-08-05 06:41:58Z INFO GitHubActionsService] Finished operation Location.GetConnectionData
[2025-08-05 06:41:59Z INFO BrokerMessageListener] VssConnection created
[2025-08-05 06:41:59Z INFO Terminal] WRITE LINE: 
[2025-08-05 06:41:59Z INFO Terminal] WRITE LINE: 
[2025-08-05 06:41:59Z INFO RSAEncryptedFileKeyManager] Loading RSA key parameters from file C:\laragon\www\sapapi\action-runner\.credentials_rsaparams
[2025-08-05 06:41:59Z INFO RSAEncryptedFileKeyManager] Loading RSA key parameters from file C:\laragon\www\sapapi\action-runner\.credentials_rsaparams
[2025-08-05 06:42:00Z INFO GitHubActionsService] AAD Correlation ID for this token request: Unknown
[2025-08-05 06:42:01Z INFO BrokerMessageListener] Session created.
[2025-08-05 06:42:01Z INFO Terminal] WRITE LINE: Current runner version: '2.327.1'
[2025-08-05 06:42:01Z INFO Terminal] WRITE LINE: 2025-08-05 06:42:01Z: Listening for Jobs
[2025-08-05 06:42:01Z INFO JobDispatcher] Set runner/worker IPC timeout to 30 seconds.
[2025-08-05 06:51:17Z INFO ConfigurationStore] HasCredentials()
[2025-08-05 06:51:17Z INFO ConfigurationStore] stored True
[2025-08-05 06:51:17Z INFO CredentialManager] GetCredentialProvider
[2025-08-05 06:51:17Z INFO CredentialManager] Creating type OAuth
[2025-08-05 06:51:17Z INFO CredentialManager] Creating credential type: OAuth
[2025-08-05 06:51:17Z INFO RSAEncryptedFileKeyManager] Loading RSA key parameters from file C:\laragon\www\sapapi\action-runner\.credentials_rsaparams
[2025-08-05 06:51:17Z INFO RSAEncryptedFileKeyManager] Loading RSA key parameters from file C:\laragon\www\sapapi\action-runner\.credentials_rsaparams
[2025-08-05 06:51:17Z INFO RSAEncryptedFileKeyManager] Loading RSA key parameters from file C:\laragon\www\sapapi\action-runner\.credentials_rsaparams
[2025-08-05 06:51:18Z INFO GitHubActionsService] AAD Correlation ID for this token request: Unknown
[2025-08-05 06:51:20Z INFO JobDispatcher] Job request 0 for plan eeab219f-4985-4e07-83a5-24e6ef6f7690 job 55ae2037-8ef3-5053-8d17-8330e53740fe received.
[2025-08-05 06:51:20Z INFO JobDispatcher] Pull OrchestrationId eeab219f-4985-4e07-83a5-24e6ef6f7690.deploy.__default from JWT claims
[2025-08-05 06:51:20Z INFO BrokerMessageListener] Received job status event. JobState: Busy
[2025-08-05 06:51:20Z INFO BrokerMessageListener] _getMessagesTokenSource is already disposed.
[2025-08-05 06:51:20Z INFO Terminal] WRITE LINE: 2025-08-05 06:51:20Z: Running job: deploy
[2025-08-05 06:51:20Z INFO JobDispatcher] Start renew job request 0 for job 55ae2037-8ef3-5053-8d17-8330e53740fe.
[2025-08-05 06:51:21Z INFO JobDispatcher] Successfully renew job 55ae2037-8ef3-5053-8d17-8330e53740fe, job is valid till 8/5/2025 7:01:24 AM
[2025-08-05 06:51:21Z INFO HostContext] Well known directory 'Bin': 'C:\laragon\www\sapapi\action-runner\bin'
[2025-08-05 06:51:21Z INFO ProcessInvokerWrapper] Starting process:
[2025-08-05 06:51:21Z INFO ProcessInvokerWrapper]   File name: 'C:\laragon\www\sapapi\action-runner\bin\Runner.Worker.exe'
[2025-08-05 06:51:21Z INFO ProcessInvokerWrapper]   Arguments: 'spawnclient 2172 2096'
[2025-08-05 06:51:21Z INFO ProcessInvokerWrapper]   Working directory: 'C:\laragon\www\sapapi\action-runner\bin'
[2025-08-05 06:51:21Z INFO ProcessInvokerWrapper]   Require exit code zero: 'False'
[2025-08-05 06:51:21Z INFO ProcessInvokerWrapper]   Encoding web name:  ; code page: ''
[2025-08-05 06:51:21Z INFO ProcessInvokerWrapper]   Force kill process on cancellation: 'True'
[2025-08-05 06:51:21Z INFO ProcessInvokerWrapper]   Redirected STDIN: 'False'
[2025-08-05 06:51:21Z INFO ProcessInvokerWrapper]   Persist current code page: 'False'
[2025-08-05 06:51:21Z INFO ProcessInvokerWrapper]   Keep redirected STDIN open: 'False'
[2025-08-05 06:51:21Z INFO ProcessInvokerWrapper]   High priority process: 'True'
[2025-08-05 06:51:21Z INFO ProcessInvokerWrapper] Process started with process id 26156, waiting for process exit.
[2025-08-05 06:51:21Z INFO JobDispatcher] Send job request message to worker for job 55ae2037-8ef3-5053-8d17-8330e53740fe.
[2025-08-05 06:51:21Z INFO ProcessChannel] Sending message of length 19211, with hash 'bbcd753b90a60a89639780ae05efc0ecdee41a4d250878ab18d5132e8e258167'
[2025-08-05 06:51:22Z INFO JobNotification] Entering JobStarted Notification
[2025-08-05 06:51:22Z INFO JobNotification] Entering StartMonitor
[2025-08-05 06:52:22Z INFO JobDispatcher] Successfully renew job 55ae2037-8ef3-5053-8d17-8330e53740fe, job is valid till 8/5/2025 7:02:24 AM
[2025-08-05 06:53:22Z INFO JobDispatcher] Successfully renew job 55ae2037-8ef3-5053-8d17-8330e53740fe, job is valid till 8/5/2025 7:03:25 AM
[2025-08-05 06:54:22Z INFO JobDispatcher] Successfully renew job 55ae2037-8ef3-5053-8d17-8330e53740fe, job is valid till 8/5/2025 7:04:25 AM
[2025-08-05 06:54:47Z INFO ProcessInvokerWrapper] STDOUT/STDERR stream read finished.
[2025-08-05 06:54:47Z INFO ProcessInvokerWrapper] STDOUT/STDERR stream read finished.
[2025-08-05 06:54:47Z INFO ProcessInvokerWrapper] Finished process 26156 with exit code 102, and elapsed time 00:03:25.5004019.
[2025-08-05 06:54:47Z INFO JobDispatcher] Worker finished for job 55ae2037-8ef3-5053-8d17-8330e53740fe. Code: 102
[2025-08-05 06:54:47Z INFO JobDispatcher] finish job request for job 55ae2037-8ef3-5053-8d17-8330e53740fe with result: Failed
[2025-08-05 06:54:47Z INFO Terminal] WRITE LINE: 2025-08-05 06:54:47Z: Job deploy completed with result: Failed
[2025-08-05 06:54:47Z INFO JobDispatcher] Stop renew job request for job 55ae2037-8ef3-5053-8d17-8330e53740fe.
[2025-08-05 06:54:47Z INFO JobDispatcher] job renew has been cancelled, stop renew job 55ae2037-8ef3-5053-8d17-8330e53740fe.
[2025-08-05 06:54:47Z INFO JobNotification] Entering JobCompleted Notification
[2025-08-05 06:54:47Z INFO JobNotification] Entering EndMonitor
[2025-08-05 06:54:47Z INFO BrokerMessageListener] Received job status event. JobState: Online
[2025-08-05 06:54:47Z WARN GitHubActionsService] GET request to https://broker.actions.githubusercontent.com/message?sessionId=05a47cae-7237-46a3-98c0-61730097602d&status=Busy&runnerVersion=2.327.1&os=Windows&architecture=X64&disableUpdate=false has been cancelled.
[2025-08-05 06:54:47Z ERR  BrokerServer] Catch exception during request
[2025-08-05 06:54:47Z ERR  BrokerServer] System.Threading.Tasks.TaskCanceledException: The operation was canceled.
 ---> System.Threading.Tasks.TaskCanceledException: The operation was canceled.
 ---> System.IO.IOException: Unable to read data from the transport connection: The I/O operation has been aborted because of either a thread exit or an application request..
 ---> System.Net.Sockets.SocketException (995): The I/O operation has been aborted because of either a thread exit or an application request.
   --- End of inner exception stack trace ---
   at System.Net.Sockets.Socket.AwaitableSocketAsyncEventArgs.System.Threading.Tasks.Sources.IValueTaskSource<System.Int32>.GetResult(Int16 token)
   at System.Net.Security.SslStream.EnsureFullTlsFrameAsync[TIOAdapter](CancellationToken cancellationToken, Int32 estimatedSize)
   at System.Runtime.CompilerServices.PoolingAsyncValueTaskMethodBuilder`1.StateMachineBox`1.System.Threading.Tasks.Sources.IValueTaskSource<TResult>.GetResult(Int16 token)
   at System.Net.Security.SslStream.ReadAsyncInternal[TIOAdapter](Memory`1 buffer, CancellationToken cancellationToken)
   at System.Runtime.CompilerServices.PoolingAsyncValueTaskMethodBuilder`1.StateMachineBox`1.System.Threading.Tasks.Sources.IValueTaskSource<TResult>.GetResult(Int16 token)
   at System.Net.Http.HttpConnection.SendAsync(HttpRequestMessage request, Boolean async, CancellationToken cancellationToken)
   --- End of inner exception stack trace ---
   at System.Net.Http.HttpConnection.SendAsync(HttpRequestMessage request, Boolean async, CancellationToken cancellationToken)
   at System.Net.Http.AuthenticationHelper.SendWithNtAuthAsync(HttpRequestMessage request, Uri authUri, Boolean async, ICredentials credentials, Boolean isProxyAuth, HttpConnection connection, HttpConnectionPool connectionPool, CancellationToken cancellationToken)
   at System.Net.Http.HttpConnectionPool.SendWithVersionDetectionAndRetryAsync(HttpRequestMessage request, Boolean async, Boolean doRequestAuth, CancellationToken cancellationToken)
   at System.Net.Http.AuthenticationHelper.SendWithAuthAsync(HttpRequestMessage request, Uri authUri, Boolean async, ICredentials credentials, Boolean preAuthenticate, Boolean isProxyAuth, Boolean doRequestAuth, HttpConnectionPool pool, CancellationToken cancellationToken)
   at System.Net.Http.RedirectHandler.SendAsync(HttpRequestMessage request, Boolean async, CancellationToken cancellationToken)
   at GitHub.Services.Common.RawHttpMessageHandler.SendAsync(HttpRequestMessage request, CancellationToken cancellationToken)
   at GitHub.Services.Common.VssHttpRetryMessageHandler.SendAsync(HttpRequestMessage request, CancellationToken cancellationToken)
   at System.Net.Http.HttpClient.<SendAsync>g__Core|83_0(HttpRequestMessage request, HttpCompletionOption completionOption, CancellationTokenSource cts, Boolean disposeCts, CancellationTokenSource pendingRequestsCts, CancellationToken originalCancellationToken)
   --- End of inner exception stack trace ---
   at System.Net.Http.HttpClient.HandleFailure(Exception e, Boolean telemetryStarted, HttpResponseMessage response, CancellationTokenSource cts, CancellationToken cancellationToken, CancellationTokenSource pendingRequestsCts)
   at System.Net.Http.HttpClient.<SendAsync>g__Core|83_0(HttpRequestMessage request, HttpCompletionOption completionOption, CancellationTokenSource cts, Boolean disposeCts, CancellationTokenSource pendingRequestsCts, CancellationToken originalCancellationToken)
   at Sdk.WebApi.WebApi.RawHttpClientBase.SendAsync(HttpRequestMessage message, HttpCompletionOption completionOption, Object userState, CancellationToken cancellationToken)
   at Sdk.WebApi.WebApi.RawHttpClientBase.SendAsync[T](HttpRequestMessage message, Boolean readErrorBody, Object userState, CancellationToken cancellationToken)
   at Sdk.WebApi.WebApi.RawHttpClientBase.SendAsync[T](HttpMethod method, IEnumerable`1 additionalHeaders, Uri requestUri, HttpContent content, IEnumerable`1 queryParameters, Boolean readErrorBody, Object userState, CancellationToken cancellationToken)
   at GitHub.Actions.RunService.WebApi.BrokerHttpClient.GetRunnerMessageAsync(Nullable`1 sessionId, String runnerVersion, Nullable`1 status, String os, String architecture, Nullable`1 disableUpdate, CancellationToken cancellationToken)
   at GitHub.Runner.Common.BrokerServer.<>c__DisplayClass7_0.<<GetRunnerMessageAsync>b__0>d.MoveNext()
--- End of stack trace from previous location ---
   at GitHub.Runner.Common.RunnerService.RetryRequest[T](Func`1 func, CancellationToken cancellationToken, Int32 maxRetryAttemptsCount, Func`2 shouldRetry)
[2025-08-05 06:54:47Z ERR  BrokerServer] #####################################################
[2025-08-05 06:54:47Z ERR  BrokerServer] System.Threading.Tasks.TaskCanceledException: The operation was canceled.
 ---> System.IO.IOException: Unable to read data from the transport connection: The I/O operation has been aborted because of either a thread exit or an application request..
 ---> System.Net.Sockets.SocketException (995): The I/O operation has been aborted because of either a thread exit or an application request.
   --- End of inner exception stack trace ---
   at System.Net.Sockets.Socket.AwaitableSocketAsyncEventArgs.System.Threading.Tasks.Sources.IValueTaskSource<System.Int32>.GetResult(Int16 token)
   at System.Net.Security.SslStream.EnsureFullTlsFrameAsync[TIOAdapter](CancellationToken cancellationToken, Int32 estimatedSize)
   at System.Runtime.CompilerServices.PoolingAsyncValueTaskMethodBuilder`1.StateMachineBox`1.System.Threading.Tasks.Sources.IValueTaskSource<TResult>.GetResult(Int16 token)
   at System.Net.Security.SslStream.ReadAsyncInternal[TIOAdapter](Memory`1 buffer, CancellationToken cancellationToken)
   at System.Runtime.CompilerServices.PoolingAsyncValueTaskMethodBuilder`1.StateMachineBox`1.System.Threading.Tasks.Sources.IValueTaskSource<TResult>.GetResult(Int16 token)
   at System.Net.Http.HttpConnection.SendAsync(HttpRequestMessage request, Boolean async, CancellationToken cancellationToken)
   --- End of inner exception stack trace ---
   at System.Net.Http.HttpConnection.SendAsync(HttpRequestMessage request, Boolean async, CancellationToken cancellationToken)
   at System.Net.Http.AuthenticationHelper.SendWithNtAuthAsync(HttpRequestMessage request, Uri authUri, Boolean async, ICredentials credentials, Boolean isProxyAuth, HttpConnection connection, HttpConnectionPool connectionPool, CancellationToken cancellationToken)
   at System.Net.Http.HttpConnectionPool.SendWithVersionDetectionAndRetryAsync(HttpRequestMessage request, Boolean async, Boolean doRequestAuth, CancellationToken cancellationToken)
   at System.Net.Http.AuthenticationHelper.SendWithAuthAsync(HttpRequestMessage request, Uri authUri, Boolean async, ICredentials credentials, Boolean preAuthenticate, Boolean isProxyAuth, Boolean doRequestAuth, HttpConnectionPool pool, CancellationToken cancellationToken)
   at System.Net.Http.RedirectHandler.SendAsync(HttpRequestMessage request, Boolean async, CancellationToken cancellationToken)
   at GitHub.Services.Common.RawHttpMessageHandler.SendAsync(HttpRequestMessage request, CancellationToken cancellationToken)
   at GitHub.Services.Common.VssHttpRetryMessageHandler.SendAsync(HttpRequestMessage request, CancellationToken cancellationToken)
   at System.Net.Http.HttpClient.<SendAsync>g__Core|83_0(HttpRequestMessage request, HttpCompletionOption completionOption, CancellationTokenSource cts, Boolean disposeCts, CancellationTokenSource pendingRequestsCts, CancellationToken originalCancellationToken)
[2025-08-05 06:54:47Z ERR  BrokerServer] #####################################################
[2025-08-05 06:54:47Z ERR  BrokerServer] System.IO.IOException: Unable to read data from the transport connection: The I/O operation has been aborted because of either a thread exit or an application request..
 ---> System.Net.Sockets.SocketException (995): The I/O operation has been aborted because of either a thread exit or an application request.
   --- End of inner exception stack trace ---
   at System.Net.Sockets.Socket.AwaitableSocketAsyncEventArgs.System.Threading.Tasks.Sources.IValueTaskSource<System.Int32>.GetResult(Int16 token)
   at System.Net.Security.SslStream.EnsureFullTlsFrameAsync[TIOAdapter](CancellationToken cancellationToken, Int32 estimatedSize)
   at System.Runtime.CompilerServices.PoolingAsyncValueTaskMethodBuilder`1.StateMachineBox`1.System.Threading.Tasks.Sources.IValueTaskSource<TResult>.GetResult(Int16 token)
   at System.Net.Security.SslStream.ReadAsyncInternal[TIOAdapter](Memory`1 buffer, CancellationToken cancellationToken)
   at System.Runtime.CompilerServices.PoolingAsyncValueTaskMethodBuilder`1.StateMachineBox`1.System.Threading.Tasks.Sources.IValueTaskSource<TResult>.GetResult(Int16 token)
   at System.Net.Http.HttpConnection.SendAsync(HttpRequestMessage request, Boolean async, CancellationToken cancellationToken)
[2025-08-05 06:54:47Z ERR  BrokerServer] #####################################################
[2025-08-05 06:54:47Z ERR  BrokerServer] System.Net.Sockets.SocketException (995): The I/O operation has been aborted because of either a thread exit or an application request.
[2025-08-05 06:54:47Z WARN BrokerServer] Back off 6.909 seconds before next retry. 4 attempt left.
[2025-08-05 06:54:47Z INFO BrokerMessageListener] Get messages has been cancelled using local token source. Continue to get messages with new status.
[2025-08-05 06:58:45Z INFO ConfigurationStore] HasCredentials()
[2025-08-05 06:58:45Z INFO ConfigurationStore] stored True
[2025-08-05 06:58:45Z INFO CredentialManager] GetCredentialProvider
[2025-08-05 06:58:45Z INFO CredentialManager] Creating type OAuth
[2025-08-05 06:58:45Z INFO CredentialManager] Creating credential type: OAuth
[2025-08-05 06:58:45Z INFO RSAEncryptedFileKeyManager] Loading RSA key parameters from file C:\laragon\www\sapapi\action-runner\.credentials_rsaparams
[2025-08-05 06:58:45Z INFO RSAEncryptedFileKeyManager] Loading RSA key parameters from file C:\laragon\www\sapapi\action-runner\.credentials_rsaparams
[2025-08-05 06:58:45Z INFO RSAEncryptedFileKeyManager] Loading RSA key parameters from file C:\laragon\www\sapapi\action-runner\.credentials_rsaparams
[2025-08-05 06:58:46Z INFO GitHubActionsService] AAD Correlation ID for this token request: Unknown
[2025-08-05 06:58:48Z INFO JobDispatcher] Job request 0 for plan ce94e123-3605-4f68-ba58-0e6e8e8be1e8 job 0e39f300-1166-5b43-9ded-a041f310a9d4 received.
[2025-08-05 06:58:48Z INFO JobDispatcher] Pull OrchestrationId ce94e123-3605-4f68-ba58-0e6e8e8be1e8.deploy.__default from JWT claims
[2025-08-05 06:58:48Z INFO BrokerMessageListener] Received job status event. JobState: Busy
[2025-08-05 06:58:48Z INFO BrokerMessageListener] _getMessagesTokenSource is already disposed.
[2025-08-05 06:58:48Z INFO JobDispatcher] Job request 55ae2037-8ef3-5053-8d17-8330e53740fe processed succeed.
[2025-08-05 06:58:48Z INFO Terminal] WRITE LINE: 2025-08-05 06:58:48Z: Running job: deploy
[2025-08-05 06:58:48Z INFO JobDispatcher] Start renew job request 0 for job 0e39f300-1166-5b43-9ded-a041f310a9d4.
[2025-08-05 06:58:49Z INFO JobDispatcher] Successfully renew job 0e39f300-1166-5b43-9ded-a041f310a9d4, job is valid till 8/5/2025 7:08:51 AM
[2025-08-05 06:58:49Z INFO HostContext] Well known directory 'Bin': 'C:\laragon\www\sapapi\action-runner\bin'
[2025-08-05 06:58:49Z INFO ProcessInvokerWrapper] Starting process:
[2025-08-05 06:58:49Z INFO ProcessInvokerWrapper]   File name: 'C:\laragon\www\sapapi\action-runner\bin\Runner.Worker.exe'
[2025-08-05 06:58:49Z INFO ProcessInvokerWrapper]   Arguments: 'spawnclient 1964 2168'
[2025-08-05 06:58:49Z INFO ProcessInvokerWrapper]   Working directory: 'C:\laragon\www\sapapi\action-runner\bin'
[2025-08-05 06:58:49Z INFO ProcessInvokerWrapper]   Require exit code zero: 'False'
[2025-08-05 06:58:49Z INFO ProcessInvokerWrapper]   Encoding web name:  ; code page: ''
[2025-08-05 06:58:49Z INFO ProcessInvokerWrapper]   Force kill process on cancellation: 'True'
[2025-08-05 06:58:49Z INFO ProcessInvokerWrapper]   Redirected STDIN: 'False'
[2025-08-05 06:58:49Z INFO ProcessInvokerWrapper]   Persist current code page: 'False'
[2025-08-05 06:58:49Z INFO ProcessInvokerWrapper]   Keep redirected STDIN open: 'False'
[2025-08-05 06:58:49Z INFO ProcessInvokerWrapper]   High priority process: 'True'
[2025-08-05 06:58:49Z INFO ProcessInvokerWrapper] Process started with process id 29808, waiting for process exit.
[2025-08-05 06:58:49Z INFO JobDispatcher] Send job request message to worker for job 0e39f300-1166-5b43-9ded-a041f310a9d4.
[2025-08-05 06:58:49Z INFO ProcessChannel] Sending message of length 19324, with hash '4d86ee79834063e44fb63222da8586cc0f5eab82405706486fedae9d17fe802d'
[2025-08-05 06:58:49Z INFO JobNotification] Entering JobStarted Notification
[2025-08-05 06:58:49Z INFO JobNotification] Entering StartMonitor
[2025-08-05 06:59:11Z INFO ProcessInvokerWrapper] STDOUT/STDERR stream read finished.
[2025-08-05 06:59:11Z INFO ProcessInvokerWrapper] STDOUT/STDERR stream read finished.
[2025-08-05 06:59:11Z INFO ProcessInvokerWrapper] Finished process 29808 with exit code 102, and elapsed time 00:00:22.5377175.
[2025-08-05 06:59:11Z INFO JobDispatcher] Worker finished for job 0e39f300-1166-5b43-9ded-a041f310a9d4. Code: 102
[2025-08-05 06:59:11Z INFO JobDispatcher] finish job request for job 0e39f300-1166-5b43-9ded-a041f310a9d4 with result: Failed
[2025-08-05 06:59:11Z INFO Terminal] WRITE LINE: 2025-08-05 06:59:11Z: Job deploy completed with result: Failed
[2025-08-05 06:59:11Z INFO JobDispatcher] Stop renew job request for job 0e39f300-1166-5b43-9ded-a041f310a9d4.
[2025-08-05 06:59:11Z INFO JobDispatcher] job renew has been cancelled, stop renew job 0e39f300-1166-5b43-9ded-a041f310a9d4.
[2025-08-05 06:59:11Z INFO JobNotification] Entering JobCompleted Notification
[2025-08-05 06:59:11Z INFO JobNotification] Entering EndMonitor
[2025-08-05 06:59:11Z INFO BrokerMessageListener] Received job status event. JobState: Online
[2025-08-05 06:59:11Z WARN GitHubActionsService] GET request to https://broker.actions.githubusercontent.com/message?sessionId=05a47cae-7237-46a3-98c0-61730097602d&status=Busy&runnerVersion=2.327.1&os=Windows&architecture=X64&disableUpdate=false has been cancelled.
[2025-08-05 06:59:11Z ERR  BrokerServer] Catch exception during request
[2025-08-05 06:59:11Z ERR  BrokerServer] System.Threading.Tasks.TaskCanceledException: The operation was canceled.
 ---> System.Threading.Tasks.TaskCanceledException: The operation was canceled.
 ---> System.IO.IOException: Unable to read data from the transport connection: The I/O operation has been aborted because of either a thread exit or an application request..
 ---> System.Net.Sockets.SocketException (995): The I/O operation has been aborted because of either a thread exit or an application request.
   --- End of inner exception stack trace ---
   at System.Net.Sockets.Socket.AwaitableSocketAsyncEventArgs.System.Threading.Tasks.Sources.IValueTaskSource<System.Int32>.GetResult(Int16 token)
   at System.Net.Security.SslStream.EnsureFullTlsFrameAsync[TIOAdapter](CancellationToken cancellationToken, Int32 estimatedSize)
   at System.Runtime.CompilerServices.PoolingAsyncValueTaskMethodBuilder`1.StateMachineBox`1.System.Threading.Tasks.Sources.IValueTaskSource<TResult>.GetResult(Int16 token)
   at System.Net.Security.SslStream.ReadAsyncInternal[TIOAdapter](Memory`1 buffer, CancellationToken cancellationToken)
   at System.Runtime.CompilerServices.PoolingAsyncValueTaskMethodBuilder`1.StateMachineBox`1.System.Threading.Tasks.Sources.IValueTaskSource<TResult>.GetResult(Int16 token)
   at System.Net.Http.HttpConnection.<EnsureReadAheadTaskHasStarted>g__ReadAheadWithZeroByteReadAsync|40_0()
   at System.Net.Http.HttpConnection.SendAsync(HttpRequestMessage request, Boolean async, CancellationToken cancellationToken)
   --- End of inner exception stack trace ---
   at System.Net.Http.HttpConnection.SendAsync(HttpRequestMessage request, Boolean async, CancellationToken cancellationToken)
   at System.Net.Http.AuthenticationHelper.SendWithNtAuthAsync(HttpRequestMessage request, Uri authUri, Boolean async, ICredentials credentials, Boolean isProxyAuth, HttpConnection connection, HttpConnectionPool connectionPool, CancellationToken cancellationToken)
   at System.Net.Http.HttpConnectionPool.SendWithVersionDetectionAndRetryAsync(HttpRequestMessage request, Boolean async, Boolean doRequestAuth, CancellationToken cancellationToken)
   at System.Net.Http.AuthenticationHelper.SendWithAuthAsync(HttpRequestMessage request, Uri authUri, Boolean async, ICredentials credentials, Boolean preAuthenticate, Boolean isProxyAuth, Boolean doRequestAuth, HttpConnectionPool pool, CancellationToken cancellationToken)
   at System.Net.Http.RedirectHandler.SendAsync(HttpRequestMessage request, Boolean async, CancellationToken cancellationToken)
   at GitHub.Services.Common.RawHttpMessageHandler.SendAsync(HttpRequestMessage request, CancellationToken cancellationToken)
   at GitHub.Services.Common.VssHttpRetryMessageHandler.SendAsync(HttpRequestMessage request, CancellationToken cancellationToken)
   at System.Net.Http.HttpClient.<SendAsync>g__Core|83_0(HttpRequestMessage request, HttpCompletionOption completionOption, CancellationTokenSource cts, Boolean disposeCts, CancellationTokenSource pendingRequestsCts, CancellationToken originalCancellationToken)
   --- End of inner exception stack trace ---
   at System.Net.Http.HttpClient.HandleFailure(Exception e, Boolean telemetryStarted, HttpResponseMessage response, CancellationTokenSource cts, CancellationToken cancellationToken, CancellationTokenSource pendingRequestsCts)
   at System.Net.Http.HttpClient.<SendAsync>g__Core|83_0(HttpRequestMessage request, HttpCompletionOption completionOption, CancellationTokenSource cts, Boolean disposeCts, CancellationTokenSource pendingRequestsCts, CancellationToken originalCancellationToken)
   at Sdk.WebApi.WebApi.RawHttpClientBase.SendAsync(HttpRequestMessage message, HttpCompletionOption completionOption, Object userState, CancellationToken cancellationToken)
   at Sdk.WebApi.WebApi.RawHttpClientBase.SendAsync[T](HttpRequestMessage message, Boolean readErrorBody, Object userState, CancellationToken cancellationToken)
   at Sdk.WebApi.WebApi.RawHttpClientBase.SendAsync[T](HttpMethod method, IEnumerable`1 additionalHeaders, Uri requestUri, HttpContent content, IEnumerable`1 queryParameters, Boolean readErrorBody, Object userState, CancellationToken cancellationToken)
   at GitHub.Actions.RunService.WebApi.BrokerHttpClient.GetRunnerMessageAsync(Nullable`1 sessionId, String runnerVersion, Nullable`1 status, String os, String architecture, Nullable`1 disableUpdate, CancellationToken cancellationToken)
   at GitHub.Runner.Common.BrokerServer.<>c__DisplayClass7_0.<<GetRunnerMessageAsync>b__0>d.MoveNext()
--- End of stack trace from previous location ---
   at GitHub.Runner.Common.RunnerService.RetryRequest[T](Func`1 func, CancellationToken cancellationToken, Int32 maxRetryAttemptsCount, Func`2 shouldRetry)
[2025-08-05 06:59:11Z ERR  BrokerServer] #####################################################
[2025-08-05 06:59:11Z ERR  BrokerServer] System.Threading.Tasks.TaskCanceledException: The operation was canceled.
 ---> System.IO.IOException: Unable to read data from the transport connection: The I/O operation has been aborted because of either a thread exit or an application request..
 ---> System.Net.Sockets.SocketException (995): The I/O operation has been aborted because of either a thread exit or an application request.
   --- End of inner exception stack trace ---
   at System.Net.Sockets.Socket.AwaitableSocketAsyncEventArgs.System.Threading.Tasks.Sources.IValueTaskSource<System.Int32>.GetResult(Int16 token)
   at System.Net.Security.SslStream.EnsureFullTlsFrameAsync[TIOAdapter](CancellationToken cancellationToken, Int32 estimatedSize)
   at System.Runtime.CompilerServices.PoolingAsyncValueTaskMethodBuilder`1.StateMachineBox`1.System.Threading.Tasks.Sources.IValueTaskSource<TResult>.GetResult(Int16 token)
   at System.Net.Security.SslStream.ReadAsyncInternal[TIOAdapter](Memory`1 buffer, CancellationToken cancellationToken)
   at System.Runtime.CompilerServices.PoolingAsyncValueTaskMethodBuilder`1.StateMachineBox`1.System.Threading.Tasks.Sources.IValueTaskSource<TResult>.GetResult(Int16 token)
   at System.Net.Http.HttpConnection.<EnsureReadAheadTaskHasStarted>g__ReadAheadWithZeroByteReadAsync|40_0()
   at System.Net.Http.HttpConnection.SendAsync(HttpRequestMessage request, Boolean async, CancellationToken cancellationToken)
   --- End of inner exception stack trace ---
   at System.Net.Http.HttpConnection.SendAsync(HttpRequestMessage request, Boolean async, CancellationToken cancellationToken)
   at System.Net.Http.AuthenticationHelper.SendWithNtAuthAsync(HttpRequestMessage request, Uri authUri, Boolean async, ICredentials credentials, Boolean isProxyAuth, HttpConnection connection, HttpConnectionPool connectionPool, CancellationToken cancellationToken)
   at System.Net.Http.HttpConnectionPool.SendWithVersionDetectionAndRetryAsync(HttpRequestMessage request, Boolean async, Boolean doRequestAuth, CancellationToken cancellationToken)
   at System.Net.Http.AuthenticationHelper.SendWithAuthAsync(HttpRequestMessage request, Uri authUri, Boolean async, ICredentials credentials, Boolean preAuthenticate, Boolean isProxyAuth, Boolean doRequestAuth, HttpConnectionPool pool, CancellationToken cancellationToken)
   at System.Net.Http.RedirectHandler.SendAsync(HttpRequestMessage request, Boolean async, CancellationToken cancellationToken)
   at GitHub.Services.Common.RawHttpMessageHandler.SendAsync(HttpRequestMessage request, CancellationToken cancellationToken)
   at GitHub.Services.Common.VssHttpRetryMessageHandler.SendAsync(HttpRequestMessage request, CancellationToken cancellationToken)
   at System.Net.Http.HttpClient.<SendAsync>g__Core|83_0(HttpRequestMessage request, HttpCompletionOption completionOption, CancellationTokenSource cts, Boolean disposeCts, CancellationTokenSource pendingRequestsCts, CancellationToken originalCancellationToken)
[2025-08-05 06:59:11Z ERR  BrokerServer] #####################################################
[2025-08-05 06:59:11Z ERR  BrokerServer] System.IO.IOException: Unable to read data from the transport connection: The I/O operation has been aborted because of either a thread exit or an application request..
 ---> System.Net.Sockets.SocketException (995): The I/O operation has been aborted because of either a thread exit or an application request.
   --- End of inner exception stack trace ---
   at System.Net.Sockets.Socket.AwaitableSocketAsyncEventArgs.System.Threading.Tasks.Sources.IValueTaskSource<System.Int32>.GetResult(Int16 token)
   at System.Net.Security.SslStream.EnsureFullTlsFrameAsync[TIOAdapter](CancellationToken cancellationToken, Int32 estimatedSize)
   at System.Runtime.CompilerServices.PoolingAsyncValueTaskMethodBuilder`1.StateMachineBox`1.System.Threading.Tasks.Sources.IValueTaskSource<TResult>.GetResult(Int16 token)
   at System.Net.Security.SslStream.ReadAsyncInternal[TIOAdapter](Memory`1 buffer, CancellationToken cancellationToken)
   at System.Runtime.CompilerServices.PoolingAsyncValueTaskMethodBuilder`1.StateMachineBox`1.System.Threading.Tasks.Sources.IValueTaskSource<TResult>.GetResult(Int16 token)
   at System.Net.Http.HttpConnection.<EnsureReadAheadTaskHasStarted>g__ReadAheadWithZeroByteReadAsync|40_0()
   at System.Net.Http.HttpConnection.SendAsync(HttpRequestMessage request, Boolean async, CancellationToken cancellationToken)
[2025-08-05 06:59:11Z ERR  BrokerServer] #####################################################
[2025-08-05 06:59:11Z ERR  BrokerServer] System.Net.Sockets.SocketException (995): The I/O operation has been aborted because of either a thread exit or an application request.
[2025-08-05 06:59:11Z WARN BrokerServer] Back off 8.811 seconds before next retry. 4 attempt left.
[2025-08-05 06:59:11Z INFO BrokerMessageListener] Get messages has been cancelled using local token source. Continue to get messages with new status.
[2025-08-05 07:00:23Z INFO ConfigurationStore] HasCredentials()
[2025-08-05 07:00:23Z INFO ConfigurationStore] stored True
[2025-08-05 07:00:23Z INFO CredentialManager] GetCredentialProvider
[2025-08-05 07:00:23Z INFO CredentialManager] Creating type OAuth
[2025-08-05 07:00:23Z INFO CredentialManager] Creating credential type: OAuth
[2025-08-05 07:00:23Z INFO RSAEncryptedFileKeyManager] Loading RSA key parameters from file C:\laragon\www\sapapi\action-runner\.credentials_rsaparams
[2025-08-05 07:00:23Z INFO RSAEncryptedFileKeyManager] Loading RSA key parameters from file C:\laragon\www\sapapi\action-runner\.credentials_rsaparams
[2025-08-05 07:00:23Z INFO RSAEncryptedFileKeyManager] Loading RSA key parameters from file C:\laragon\www\sapapi\action-runner\.credentials_rsaparams
[2025-08-05 07:00:24Z INFO GitHubActionsService] AAD Correlation ID for this token request: Unknown
[2025-08-05 07:00:26Z INFO JobDispatcher] Job request 0 for plan fcd032a1-be18-4064-90f5-67482cdbae1a job a3329d6d-e9a2-597c-8ec8-0628d18fac84 received.
[2025-08-05 07:00:26Z INFO JobDispatcher] Pull OrchestrationId fcd032a1-be18-4064-90f5-67482cdbae1a.deploy.__default from JWT claims
[2025-08-05 07:00:26Z INFO BrokerMessageListener] Received job status event. JobState: Busy
[2025-08-05 07:00:26Z INFO BrokerMessageListener] _getMessagesTokenSource is already disposed.
[2025-08-05 07:00:26Z INFO JobDispatcher] Job request 0e39f300-1166-5b43-9ded-a041f310a9d4 processed succeed.
[2025-08-05 07:00:26Z INFO Terminal] WRITE LINE: 2025-08-05 07:00:26Z: Running job: deploy
[2025-08-05 07:00:26Z INFO JobDispatcher] Start renew job request 0 for job a3329d6d-e9a2-597c-8ec8-0628d18fac84.
[2025-08-05 07:00:27Z INFO JobDispatcher] Successfully renew job a3329d6d-e9a2-597c-8ec8-0628d18fac84, job is valid till 8/5/2025 7:10:30 AM
[2025-08-05 07:00:27Z INFO HostContext] Well known directory 'Bin': 'C:\laragon\www\sapapi\action-runner\bin'
[2025-08-05 07:00:27Z INFO ProcessInvokerWrapper] Starting process:
[2025-08-05 07:00:27Z INFO ProcessInvokerWrapper]   File name: 'C:\laragon\www\sapapi\action-runner\bin\Runner.Worker.exe'
[2025-08-05 07:00:27Z INFO ProcessInvokerWrapper]   Arguments: 'spawnclient 2408 2248'
[2025-08-05 07:00:27Z INFO ProcessInvokerWrapper]   Working directory: 'C:\laragon\www\sapapi\action-runner\bin'
[2025-08-05 07:00:27Z INFO ProcessInvokerWrapper]   Require exit code zero: 'False'
[2025-08-05 07:00:27Z INFO ProcessInvokerWrapper]   Encoding web name:  ; code page: ''
[2025-08-05 07:00:27Z INFO ProcessInvokerWrapper]   Force kill process on cancellation: 'True'
[2025-08-05 07:00:27Z INFO ProcessInvokerWrapper]   Redirected STDIN: 'False'
[2025-08-05 07:00:27Z INFO ProcessInvokerWrapper]   Persist current code page: 'False'
[2025-08-05 07:00:27Z INFO ProcessInvokerWrapper]   Keep redirected STDIN open: 'False'
[2025-08-05 07:00:27Z INFO ProcessInvokerWrapper]   High priority process: 'True'
[2025-08-05 07:00:27Z INFO ProcessInvokerWrapper] Process started with process id 3492, waiting for process exit.
[2025-08-05 07:00:27Z INFO JobDispatcher] Send job request message to worker for job a3329d6d-e9a2-597c-8ec8-0628d18fac84.
[2025-08-05 07:00:27Z INFO ProcessChannel] Sending message of length 19210, with hash 'cc04de28a7aae825925bacc7dd690a4cca4e894cd55f4253b6dc8f1ba8bf4236'
[2025-08-05 07:00:27Z INFO JobNotification] Entering JobStarted Notification
[2025-08-05 07:00:27Z INFO JobNotification] Entering StartMonitor
[2025-08-05 07:00:47Z INFO ProcessInvokerWrapper] STDOUT/STDERR stream read finished.
[2025-08-05 07:00:48Z INFO ProcessInvokerWrapper] STDOUT/STDERR stream read finished.
[2025-08-05 07:00:48Z INFO ProcessInvokerWrapper] Finished process 3492 with exit code 102, and elapsed time 00:00:20.3907204.
[2025-08-05 07:00:48Z INFO JobDispatcher] Worker finished for job a3329d6d-e9a2-597c-8ec8-0628d18fac84. Code: 102
[2025-08-05 07:00:48Z INFO JobDispatcher] finish job request for job a3329d6d-e9a2-597c-8ec8-0628d18fac84 with result: Failed
[2025-08-05 07:00:48Z INFO Terminal] WRITE LINE: 2025-08-05 07:00:48Z: Job deploy completed with result: Failed
[2025-08-05 07:00:48Z INFO JobDispatcher] Stop renew job request for job a3329d6d-e9a2-597c-8ec8-0628d18fac84.
[2025-08-05 07:00:48Z INFO JobDispatcher] job renew has been cancelled, stop renew job a3329d6d-e9a2-597c-8ec8-0628d18fac84.
[2025-08-05 07:00:48Z INFO JobNotification] Entering JobCompleted Notification
[2025-08-05 07:00:48Z INFO JobNotification] Entering EndMonitor
[2025-08-05 07:00:48Z INFO BrokerMessageListener] Received job status event. JobState: Online
[2025-08-05 07:00:48Z WARN GitHubActionsService] GET request to https://broker.actions.githubusercontent.com/message?sessionId=05a47cae-7237-46a3-98c0-61730097602d&status=Busy&runnerVersion=2.327.1&os=Windows&architecture=X64&disableUpdate=false has been cancelled.
[2025-08-05 07:00:48Z ERR  BrokerServer] Catch exception during request
[2025-08-05 07:00:48Z ERR  BrokerServer] System.Threading.Tasks.TaskCanceledException: The operation was canceled.
 ---> System.Threading.Tasks.TaskCanceledException: The operation was canceled.
 ---> System.IO.IOException: Unable to read data from the transport connection: The I/O operation has been aborted because of either a thread exit or an application request..
 ---> System.Net.Sockets.SocketException (995): The I/O operation has been aborted because of either a thread exit or an application request.
   --- End of inner exception stack trace ---
   at System.Net.Sockets.Socket.AwaitableSocketAsyncEventArgs.System.Threading.Tasks.Sources.IValueTaskSource<System.Int32>.GetResult(Int16 token)
   at System.Net.Security.SslStream.EnsureFullTlsFrameAsync[TIOAdapter](CancellationToken cancellationToken, Int32 estimatedSize)
   at System.Runtime.CompilerServices.PoolingAsyncValueTaskMethodBuilder`1.StateMachineBox`1.System.Threading.Tasks.Sources.IValueTaskSource<TResult>.GetResult(Int16 token)
   at System.Net.Security.SslStream.ReadAsyncInternal[TIOAdapter](Memory`1 buffer, CancellationToken cancellationToken)
   at System.Runtime.CompilerServices.PoolingAsyncValueTaskMethodBuilder`1.StateMachineBox`1.System.Threading.Tasks.Sources.IValueTaskSource<TResult>.GetResult(Int16 token)
   at System.Net.Http.HttpConnection.SendAsync(HttpRequestMessage request, Boolean async, CancellationToken cancellationToken)
   --- End of inner exception stack trace ---
   at System.Net.Http.HttpConnection.SendAsync(HttpRequestMessage request, Boolean async, CancellationToken cancellationToken)
   at System.Net.Http.AuthenticationHelper.SendWithNtAuthAsync(HttpRequestMessage request, Uri authUri, Boolean async, ICredentials credentials, Boolean isProxyAuth, HttpConnection connection, HttpConnectionPool connectionPool, CancellationToken cancellationToken)
   at System.Net.Http.HttpConnectionPool.SendWithVersionDetectionAndRetryAsync(HttpRequestMessage request, Boolean async, Boolean doRequestAuth, CancellationToken cancellationToken)
   at System.Net.Http.AuthenticationHelper.SendWithAuthAsync(HttpRequestMessage request, Uri authUri, Boolean async, ICredentials credentials, Boolean preAuthenticate, Boolean isProxyAuth, Boolean doRequestAuth, HttpConnectionPool pool, CancellationToken cancellationToken)
   at System.Net.Http.RedirectHandler.SendAsync(HttpRequestMessage request, Boolean async, CancellationToken cancellationToken)
   at GitHub.Services.Common.RawHttpMessageHandler.SendAsync(HttpRequestMessage request, CancellationToken cancellationToken)
   at GitHub.Services.Common.VssHttpRetryMessageHandler.SendAsync(HttpRequestMessage request, CancellationToken cancellationToken)
   at System.Net.Http.HttpClient.<SendAsync>g__Core|83_0(HttpRequestMessage request, HttpCompletionOption completionOption, CancellationTokenSource cts, Boolean disposeCts, CancellationTokenSource pendingRequestsCts, CancellationToken originalCancellationToken)
   --- End of inner exception stack trace ---
   at System.Net.Http.HttpClient.HandleFailure(Exception e, Boolean telemetryStarted, HttpResponseMessage response, CancellationTokenSource cts, CancellationToken cancellationToken, CancellationTokenSource pendingRequestsCts)
   at System.Net.Http.HttpClient.<SendAsync>g__Core|83_0(HttpRequestMessage request, HttpCompletionOption completionOption, CancellationTokenSource cts, Boolean disposeCts, CancellationTokenSource pendingRequestsCts, CancellationToken originalCancellationToken)
   at Sdk.WebApi.WebApi.RawHttpClientBase.SendAsync(HttpRequestMessage message, HttpCompletionOption completionOption, Object userState, CancellationToken cancellationToken)
   at Sdk.WebApi.WebApi.RawHttpClientBase.SendAsync[T](HttpRequestMessage message, Boolean readErrorBody, Object userState, CancellationToken cancellationToken)
   at Sdk.WebApi.WebApi.RawHttpClientBase.SendAsync[T](HttpMethod method, IEnumerable`1 additionalHeaders, Uri requestUri, HttpContent content, IEnumerable`1 queryParameters, Boolean readErrorBody, Object userState, CancellationToken cancellationToken)
   at GitHub.Actions.RunService.WebApi.BrokerHttpClient.GetRunnerMessageAsync(Nullable`1 sessionId, String runnerVersion, Nullable`1 status, String os, String architecture, Nullable`1 disableUpdate, CancellationToken cancellationToken)
   at GitHub.Runner.Common.BrokerServer.<>c__DisplayClass7_0.<<GetRunnerMessageAsync>b__0>d.MoveNext()
--- End of stack trace from previous location ---
   at GitHub.Runner.Common.RunnerService.RetryRequest[T](Func`1 func, CancellationToken cancellationToken, Int32 maxRetryAttemptsCount, Func`2 shouldRetry)
[2025-08-05 07:00:48Z ERR  BrokerServer] #####################################################
[2025-08-05 07:00:48Z ERR  BrokerServer] System.Threading.Tasks.TaskCanceledException: The operation was canceled.
 ---> System.IO.IOException: Unable to read data from the transport connection: The I/O operation has been aborted because of either a thread exit or an application request..
 ---> System.Net.Sockets.SocketException (995): The I/O operation has been aborted because of either a thread exit or an application request.
   --- End of inner exception stack trace ---
   at System.Net.Sockets.Socket.AwaitableSocketAsyncEventArgs.System.Threading.Tasks.Sources.IValueTaskSource<System.Int32>.GetResult(Int16 token)
   at System.Net.Security.SslStream.EnsureFullTlsFrameAsync[TIOAdapter](CancellationToken cancellationToken, Int32 estimatedSize)
   at System.Runtime.CompilerServices.PoolingAsyncValueTaskMethodBuilder`1.StateMachineBox`1.System.Threading.Tasks.Sources.IValueTaskSource<TResult>.GetResult(Int16 token)
   at System.Net.Security.SslStream.ReadAsyncInternal[TIOAdapter](Memory`1 buffer, CancellationToken cancellationToken)
   at System.Runtime.CompilerServices.PoolingAsyncValueTaskMethodBuilder`1.StateMachineBox`1.System.Threading.Tasks.Sources.IValueTaskSource<TResult>.GetResult(Int16 token)
   at System.Net.Http.HttpConnection.SendAsync(HttpRequestMessage request, Boolean async, CancellationToken cancellationToken)
   --- End of inner exception stack trace ---
   at System.Net.Http.HttpConnection.SendAsync(HttpRequestMessage request, Boolean async, CancellationToken cancellationToken)
   at System.Net.Http.AuthenticationHelper.SendWithNtAuthAsync(HttpRequestMessage request, Uri authUri, Boolean async, ICredentials credentials, Boolean isProxyAuth, HttpConnection connection, HttpConnectionPool connectionPool, CancellationToken cancellationToken)
   at System.Net.Http.HttpConnectionPool.SendWithVersionDetectionAndRetryAsync(HttpRequestMessage request, Boolean async, Boolean doRequestAuth, CancellationToken cancellationToken)
   at System.Net.Http.AuthenticationHelper.SendWithAuthAsync(HttpRequestMessage request, Uri authUri, Boolean async, ICredentials credentials, Boolean preAuthenticate, Boolean isProxyAuth, Boolean doRequestAuth, HttpConnectionPool pool, CancellationToken cancellationToken)
   at System.Net.Http.RedirectHandler.SendAsync(HttpRequestMessage request, Boolean async, CancellationToken cancellationToken)
   at GitHub.Services.Common.RawHttpMessageHandler.SendAsync(HttpRequestMessage request, CancellationToken cancellationToken)
   at GitHub.Services.Common.VssHttpRetryMessageHandler.SendAsync(HttpRequestMessage request, CancellationToken cancellationToken)
   at System.Net.Http.HttpClient.<SendAsync>g__Core|83_0(HttpRequestMessage request, HttpCompletionOption completionOption, CancellationTokenSource cts, Boolean disposeCts, CancellationTokenSource pendingRequestsCts, CancellationToken originalCancellationToken)
[2025-08-05 07:00:48Z ERR  BrokerServer] #####################################################
[2025-08-05 07:00:48Z ERR  BrokerServer] System.IO.IOException: Unable to read data from the transport connection: The I/O operation has been aborted because of either a thread exit or an application request..
 ---> System.Net.Sockets.SocketException (995): The I/O operation has been aborted because of either a thread exit or an application request.
   --- End of inner exception stack trace ---
   at System.Net.Sockets.Socket.AwaitableSocketAsyncEventArgs.System.Threading.Tasks.Sources.IValueTaskSource<System.Int32>.GetResult(Int16 token)
   at System.Net.Security.SslStream.EnsureFullTlsFrameAsync[TIOAdapter](CancellationToken cancellationToken, Int32 estimatedSize)
   at System.Runtime.CompilerServices.PoolingAsyncValueTaskMethodBuilder`1.StateMachineBox`1.System.Threading.Tasks.Sources.IValueTaskSource<TResult>.GetResult(Int16 token)
   at System.Net.Security.SslStream.ReadAsyncInternal[TIOAdapter](Memory`1 buffer, CancellationToken cancellationToken)
   at System.Runtime.CompilerServices.PoolingAsyncValueTaskMethodBuilder`1.StateMachineBox`1.System.Threading.Tasks.Sources.IValueTaskSource<TResult>.GetResult(Int16 token)
   at System.Net.Http.HttpConnection.SendAsync(HttpRequestMessage request, Boolean async, CancellationToken cancellationToken)
[2025-08-05 07:00:48Z ERR  BrokerServer] #####################################################
[2025-08-05 07:00:48Z ERR  BrokerServer] System.Net.Sockets.SocketException (995): The I/O operation has been aborted because of either a thread exit or an application request.
[2025-08-05 07:00:48Z WARN BrokerServer] Back off 14.629 seconds before next retry. 4 attempt left.
[2025-08-05 07:00:48Z INFO BrokerMessageListener] Get messages has been cancelled using local token source. Continue to get messages with new status.
[2025-08-05 07:02:53Z INFO ConfigurationStore] HasCredentials()
[2025-08-05 07:02:53Z INFO ConfigurationStore] stored True
[2025-08-05 07:02:53Z INFO CredentialManager] GetCredentialProvider
[2025-08-05 07:02:53Z INFO CredentialManager] Creating type OAuth
[2025-08-05 07:02:53Z INFO CredentialManager] Creating credential type: OAuth
[2025-08-05 07:02:53Z INFO RSAEncryptedFileKeyManager] Loading RSA key parameters from file C:\laragon\www\sapapi\action-runner\.credentials_rsaparams
[2025-08-05 07:02:53Z INFO RSAEncryptedFileKeyManager] Loading RSA key parameters from file C:\laragon\www\sapapi\action-runner\.credentials_rsaparams
[2025-08-05 07:02:53Z INFO RSAEncryptedFileKeyManager] Loading RSA key parameters from file C:\laragon\www\sapapi\action-runner\.credentials_rsaparams
[2025-08-05 07:02:54Z INFO GitHubActionsService] AAD Correlation ID for this token request: Unknown
[2025-08-05 07:02:56Z INFO JobDispatcher] Job request 0 for plan adf12b09-d820-4c54-9ca7-09418ddf23f9 job 83df8ba4-af14-5e4a-87a1-d63accc8c48a received.
[2025-08-05 07:02:56Z INFO JobDispatcher] Pull OrchestrationId adf12b09-d820-4c54-9ca7-09418ddf23f9.deploy.__default from JWT claims
[2025-08-05 07:02:56Z INFO BrokerMessageListener] Received job status event. JobState: Busy
[2025-08-05 07:02:56Z INFO BrokerMessageListener] _getMessagesTokenSource is already disposed.
[2025-08-05 07:02:56Z INFO JobDispatcher] Job request a3329d6d-e9a2-597c-8ec8-0628d18fac84 processed succeed.
[2025-08-05 07:02:56Z INFO Terminal] WRITE LINE: 2025-08-05 07:02:56Z: Running job: deploy
[2025-08-05 07:02:56Z INFO JobDispatcher] Start renew job request 0 for job 83df8ba4-af14-5e4a-87a1-d63accc8c48a.
[2025-08-05 07:02:57Z INFO JobDispatcher] Successfully renew job 83df8ba4-af14-5e4a-87a1-d63accc8c48a, job is valid till 8/5/2025 7:13:00 AM
[2025-08-05 07:02:57Z INFO HostContext] Well known directory 'Bin': 'C:\laragon\www\sapapi\action-runner\bin'
[2025-08-05 07:02:57Z INFO ProcessInvokerWrapper] Starting process:
[2025-08-05 07:02:57Z INFO ProcessInvokerWrapper]   File name: 'C:\laragon\www\sapapi\action-runner\bin\Runner.Worker.exe'
[2025-08-05 07:02:57Z INFO ProcessInvokerWrapper]   Arguments: 'spawnclient 2040 1344'
[2025-08-05 07:02:57Z INFO ProcessInvokerWrapper]   Working directory: 'C:\laragon\www\sapapi\action-runner\bin'
[2025-08-05 07:02:57Z INFO ProcessInvokerWrapper]   Require exit code zero: 'False'
[2025-08-05 07:02:57Z INFO ProcessInvokerWrapper]   Encoding web name:  ; code page: ''
[2025-08-05 07:02:57Z INFO ProcessInvokerWrapper]   Force kill process on cancellation: 'True'
[2025-08-05 07:02:57Z INFO ProcessInvokerWrapper]   Redirected STDIN: 'False'
[2025-08-05 07:02:57Z INFO ProcessInvokerWrapper]   Persist current code page: 'False'
[2025-08-05 07:02:57Z INFO ProcessInvokerWrapper]   Keep redirected STDIN open: 'False'
[2025-08-05 07:02:57Z INFO ProcessInvokerWrapper]   High priority process: 'True'
[2025-08-05 07:02:57Z INFO ProcessInvokerWrapper] Process started with process id 14988, waiting for process exit.
[2025-08-05 07:02:57Z INFO JobDispatcher] Send job request message to worker for job 83df8ba4-af14-5e4a-87a1-d63accc8c48a.
[2025-08-05 07:02:57Z INFO ProcessChannel] Sending message of length 19275, with hash '731a0f2ccc9d0a69b02db0535d57eeca2607f9b5fc0e83d97a17df45813b475e'
[2025-08-05 07:02:58Z INFO JobNotification] Entering JobStarted Notification
[2025-08-05 07:02:58Z INFO JobNotification] Entering StartMonitor
[2025-08-05 07:03:20Z INFO ProcessInvokerWrapper] STDOUT/STDERR stream read finished.
[2025-08-05 07:03:20Z INFO ProcessInvokerWrapper] STDOUT/STDERR stream read finished.
[2025-08-05 07:03:20Z INFO ProcessInvokerWrapper] Finished process 14988 with exit code 102, and elapsed time 00:00:23.5509876.
[2025-08-05 07:03:20Z INFO JobDispatcher] Worker finished for job 83df8ba4-af14-5e4a-87a1-d63accc8c48a. Code: 102
[2025-08-05 07:03:20Z INFO JobDispatcher] finish job request for job 83df8ba4-af14-5e4a-87a1-d63accc8c48a with result: Failed
[2025-08-05 07:03:20Z INFO Terminal] WRITE LINE: 2025-08-05 07:03:20Z: Job deploy completed with result: Failed
[2025-08-05 07:03:20Z INFO JobDispatcher] Stop renew job request for job 83df8ba4-af14-5e4a-87a1-d63accc8c48a.
[2025-08-05 07:03:20Z INFO JobDispatcher] job renew has been cancelled, stop renew job 83df8ba4-af14-5e4a-87a1-d63accc8c48a.
[2025-08-05 07:03:20Z INFO JobNotification] Entering JobCompleted Notification
[2025-08-05 07:03:20Z INFO JobNotification] Entering EndMonitor
[2025-08-05 07:03:20Z INFO BrokerMessageListener] Received job status event. JobState: Online
[2025-08-05 07:03:20Z WARN GitHubActionsService] GET request to https://broker.actions.githubusercontent.com/message?sessionId=05a47cae-7237-46a3-98c0-61730097602d&status=Busy&runnerVersion=2.327.1&os=Windows&architecture=X64&disableUpdate=false has been cancelled.
[2025-08-05 07:03:20Z ERR  BrokerServer] Catch exception during request
[2025-08-05 07:03:20Z ERR  BrokerServer] System.Threading.Tasks.TaskCanceledException: The operation was canceled.
 ---> System.Threading.Tasks.TaskCanceledException: The operation was canceled.
 ---> System.IO.IOException: Unable to read data from the transport connection: The I/O operation has been aborted because of either a thread exit or an application request..
 ---> System.Net.Sockets.SocketException (995): The I/O operation has been aborted because of either a thread exit or an application request.
   --- End of inner exception stack trace ---
   at System.Net.Sockets.Socket.AwaitableSocketAsyncEventArgs.System.Threading.Tasks.Sources.IValueTaskSource<System.Int32>.GetResult(Int16 token)
   at System.Net.Security.SslStream.EnsureFullTlsFrameAsync[TIOAdapter](CancellationToken cancellationToken, Int32 estimatedSize)
   at System.Runtime.CompilerServices.PoolingAsyncValueTaskMethodBuilder`1.StateMachineBox`1.System.Threading.Tasks.Sources.IValueTaskSource<TResult>.GetResult(Int16 token)
   at System.Net.Security.SslStream.ReadAsyncInternal[TIOAdapter](Memory`1 buffer, CancellationToken cancellationToken)
   at System.Runtime.CompilerServices.PoolingAsyncValueTaskMethodBuilder`1.StateMachineBox`1.System.Threading.Tasks.Sources.IValueTaskSource<TResult>.GetResult(Int16 token)
   at System.Net.Http.HttpConnection.SendAsync(HttpRequestMessage request, Boolean async, CancellationToken cancellationToken)
   --- End of inner exception stack trace ---
   at System.Net.Http.HttpConnection.SendAsync(HttpRequestMessage request, Boolean async, CancellationToken cancellationToken)
   at System.Net.Http.AuthenticationHelper.SendWithNtAuthAsync(HttpRequestMessage request, Uri authUri, Boolean async, ICredentials credentials, Boolean isProxyAuth, HttpConnection connection, HttpConnectionPool connectionPool, CancellationToken cancellationToken)
   at System.Net.Http.HttpConnectionPool.SendWithVersionDetectionAndRetryAsync(HttpRequestMessage request, Boolean async, Boolean doRequestAuth, CancellationToken cancellationToken)
   at System.Net.Http.AuthenticationHelper.SendWithAuthAsync(HttpRequestMessage request, Uri authUri, Boolean async, ICredentials credentials, Boolean preAuthenticate, Boolean isProxyAuth, Boolean doRequestAuth, HttpConnectionPool pool, CancellationToken cancellationToken)
   at System.Net.Http.RedirectHandler.SendAsync(HttpRequestMessage request, Boolean async, CancellationToken cancellationToken)
   at GitHub.Services.Common.RawHttpMessageHandler.SendAsync(HttpRequestMessage request, CancellationToken cancellationToken)
   at GitHub.Services.Common.VssHttpRetryMessageHandler.SendAsync(HttpRequestMessage request, CancellationToken cancellationToken)
   at System.Net.Http.HttpClient.<SendAsync>g__Core|83_0(HttpRequestMessage request, HttpCompletionOption completionOption, CancellationTokenSource cts, Boolean disposeCts, CancellationTokenSource pendingRequestsCts, CancellationToken originalCancellationToken)
   --- End of inner exception stack trace ---
   at System.Net.Http.HttpClient.HandleFailure(Exception e, Boolean telemetryStarted, HttpResponseMessage response, CancellationTokenSource cts, CancellationToken cancellationToken, CancellationTokenSource pendingRequestsCts)
   at System.Net.Http.HttpClient.<SendAsync>g__Core|83_0(HttpRequestMessage request, HttpCompletionOption completionOption, CancellationTokenSource cts, Boolean disposeCts, CancellationTokenSource pendingRequestsCts, CancellationToken originalCancellationToken)
   at Sdk.WebApi.WebApi.RawHttpClientBase.SendAsync(HttpRequestMessage message, HttpCompletionOption completionOption, Object userState, CancellationToken cancellationToken)
   at Sdk.WebApi.WebApi.RawHttpClientBase.SendAsync[T](HttpRequestMessage message, Boolean readErrorBody, Object userState, CancellationToken cancellationToken)
   at Sdk.WebApi.WebApi.RawHttpClientBase.SendAsync[T](HttpMethod method, IEnumerable`1 additionalHeaders, Uri requestUri, HttpContent content, IEnumerable`1 queryParameters, Boolean readErrorBody, Object userState, CancellationToken cancellationToken)
   at GitHub.Actions.RunService.WebApi.BrokerHttpClient.GetRunnerMessageAsync(Nullable`1 sessionId, String runnerVersion, Nullable`1 status, String os, String architecture, Nullable`1 disableUpdate, CancellationToken cancellationToken)
   at GitHub.Runner.Common.BrokerServer.<>c__DisplayClass7_0.<<GetRunnerMessageAsync>b__0>d.MoveNext()
--- End of stack trace from previous location ---
   at GitHub.Runner.Common.RunnerService.RetryRequest[T](Func`1 func, CancellationToken cancellationToken, Int32 maxRetryAttemptsCount, Func`2 shouldRetry)
[2025-08-05 07:03:20Z ERR  BrokerServer] #####################################################
[2025-08-05 07:03:20Z ERR  BrokerServer] System.Threading.Tasks.TaskCanceledException: The operation was canceled.
 ---> System.IO.IOException: Unable to read data from the transport connection: The I/O operation has been aborted because of either a thread exit or an application request..
 ---> System.Net.Sockets.SocketException (995): The I/O operation has been aborted because of either a thread exit or an application request.
   --- End of inner exception stack trace ---
   at System.Net.Sockets.Socket.AwaitableSocketAsyncEventArgs.System.Threading.Tasks.Sources.IValueTaskSource<System.Int32>.GetResult(Int16 token)
   at System.Net.Security.SslStream.EnsureFullTlsFrameAsync[TIOAdapter](CancellationToken cancellationToken, Int32 estimatedSize)
   at System.Runtime.CompilerServices.PoolingAsyncValueTaskMethodBuilder`1.StateMachineBox`1.System.Threading.Tasks.Sources.IValueTaskSource<TResult>.GetResult(Int16 token)
   at System.Net.Security.SslStream.ReadAsyncInternal[TIOAdapter](Memory`1 buffer, CancellationToken cancellationToken)
   at System.Runtime.CompilerServices.PoolingAsyncValueTaskMethodBuilder`1.StateMachineBox`1.System.Threading.Tasks.Sources.IValueTaskSource<TResult>.GetResult(Int16 token)
   at System.Net.Http.HttpConnection.SendAsync(HttpRequestMessage request, Boolean async, CancellationToken cancellationToken)
   --- End of inner exception stack trace ---
   at System.Net.Http.HttpConnection.SendAsync(HttpRequestMessage request, Boolean async, CancellationToken cancellationToken)
   at System.Net.Http.AuthenticationHelper.SendWithNtAuthAsync(HttpRequestMessage request, Uri authUri, Boolean async, ICredentials credentials, Boolean isProxyAuth, HttpConnection connection, HttpConnectionPool connectionPool, CancellationToken cancellationToken)
   at System.Net.Http.HttpConnectionPool.SendWithVersionDetectionAndRetryAsync(HttpRequestMessage request, Boolean async, Boolean doRequestAuth, CancellationToken cancellationToken)
   at System.Net.Http.AuthenticationHelper.SendWithAuthAsync(HttpRequestMessage request, Uri authUri, Boolean async, ICredentials credentials, Boolean preAuthenticate, Boolean isProxyAuth, Boolean doRequestAuth, HttpConnectionPool pool, CancellationToken cancellationToken)
   at System.Net.Http.RedirectHandler.SendAsync(HttpRequestMessage request, Boolean async, CancellationToken cancellationToken)
   at GitHub.Services.Common.RawHttpMessageHandler.SendAsync(HttpRequestMessage request, CancellationToken cancellationToken)
   at GitHub.Services.Common.VssHttpRetryMessageHandler.SendAsync(HttpRequestMessage request, CancellationToken cancellationToken)
   at System.Net.Http.HttpClient.<SendAsync>g__Core|83_0(HttpRequestMessage request, HttpCompletionOption completionOption, CancellationTokenSource cts, Boolean disposeCts, CancellationTokenSource pendingRequestsCts, CancellationToken originalCancellationToken)
[2025-08-05 07:03:20Z ERR  BrokerServer] #####################################################
[2025-08-05 07:03:20Z ERR  BrokerServer] System.IO.IOException: Unable to read data from the transport connection: The I/O operation has been aborted because of either a thread exit or an application request..
 ---> System.Net.Sockets.SocketException (995): The I/O operation has been aborted because of either a thread exit or an application request.
   --- End of inner exception stack trace ---
   at System.Net.Sockets.Socket.AwaitableSocketAsyncEventArgs.System.Threading.Tasks.Sources.IValueTaskSource<System.Int32>.GetResult(Int16 token)
   at System.Net.Security.SslStream.EnsureFullTlsFrameAsync[TIOAdapter](CancellationToken cancellationToken, Int32 estimatedSize)
   at System.Runtime.CompilerServices.PoolingAsyncValueTaskMethodBuilder`1.StateMachineBox`1.System.Threading.Tasks.Sources.IValueTaskSource<TResult>.GetResult(Int16 token)
   at System.Net.Security.SslStream.ReadAsyncInternal[TIOAdapter](Memory`1 buffer, CancellationToken cancellationToken)
   at System.Runtime.CompilerServices.PoolingAsyncValueTaskMethodBuilder`1.StateMachineBox`1.System.Threading.Tasks.Sources.IValueTaskSource<TResult>.GetResult(Int16 token)
   at System.Net.Http.HttpConnection.SendAsync(HttpRequestMessage request, Boolean async, CancellationToken cancellationToken)
[2025-08-05 07:03:20Z ERR  BrokerServer] #####################################################
[2025-08-05 07:03:20Z ERR  BrokerServer] System.Net.Sockets.SocketException (995): The I/O operation has been aborted because of either a thread exit or an application request.
[2025-08-05 07:03:20Z WARN BrokerServer] Back off 9.121 seconds before next retry. 4 attempt left.
[2025-08-05 07:03:20Z INFO BrokerMessageListener] Get messages has been cancelled using local token source. Continue to get messages with new status.
[2025-08-05 07:03:22Z INFO ConfigurationStore] HasCredentials()
[2025-08-05 07:03:22Z INFO ConfigurationStore] stored True
[2025-08-05 07:03:22Z INFO CredentialManager] GetCredentialProvider
[2025-08-05 07:03:22Z INFO CredentialManager] Creating type OAuth
[2025-08-05 07:03:22Z INFO CredentialManager] Creating credential type: OAuth
[2025-08-05 07:03:22Z INFO RSAEncryptedFileKeyManager] Loading RSA key parameters from file C:\laragon\www\sapapi\action-runner\.credentials_rsaparams
[2025-08-05 07:03:22Z INFO RSAEncryptedFileKeyManager] Loading RSA key parameters from file C:\laragon\www\sapapi\action-runner\.credentials_rsaparams
[2025-08-05 07:03:22Z INFO RSAEncryptedFileKeyManager] Loading RSA key parameters from file C:\laragon\www\sapapi\action-runner\.credentials_rsaparams
[2025-08-05 07:03:23Z INFO GitHubActionsService] AAD Correlation ID for this token request: Unknown
[2025-08-05 07:03:24Z INFO JobDispatcher] Job request 0 for plan 09a2f443-c2ba-4075-8584-f5be8678f5b2 job c8af7228-55c2-5ee7-8d71-2510389c9ae7 received.
[2025-08-05 07:03:24Z INFO JobDispatcher] Pull OrchestrationId 09a2f443-c2ba-4075-8584-f5be8678f5b2.deploy.__default from JWT claims
[2025-08-05 07:03:24Z INFO BrokerMessageListener] Received job status event. JobState: Busy
[2025-08-05 07:03:24Z INFO BrokerMessageListener] _getMessagesTokenSource is already disposed.
[2025-08-05 07:03:24Z INFO JobDispatcher] Job request 83df8ba4-af14-5e4a-87a1-d63accc8c48a processed succeed.
[2025-08-05 07:03:24Z INFO Terminal] WRITE LINE: 2025-08-05 07:03:24Z: Running job: deploy
[2025-08-05 07:03:24Z INFO JobDispatcher] Start renew job request 0 for job c8af7228-55c2-5ee7-8d71-2510389c9ae7.
[2025-08-05 07:03:25Z INFO JobDispatcher] Successfully renew job c8af7228-55c2-5ee7-8d71-2510389c9ae7, job is valid till 8/5/2025 7:13:28 AM
[2025-08-05 07:03:25Z INFO HostContext] Well known directory 'Bin': 'C:\laragon\www\sapapi\action-runner\bin'
[2025-08-05 07:03:25Z INFO ProcessInvokerWrapper] Starting process:
[2025-08-05 07:03:25Z INFO ProcessInvokerWrapper]   File name: 'C:\laragon\www\sapapi\action-runner\bin\Runner.Worker.exe'
[2025-08-05 07:03:25Z INFO ProcessInvokerWrapper]   Arguments: 'spawnclient 1928 2412'
[2025-08-05 07:03:25Z INFO ProcessInvokerWrapper]   Working directory: 'C:\laragon\www\sapapi\action-runner\bin'
[2025-08-05 07:03:25Z INFO ProcessInvokerWrapper]   Require exit code zero: 'False'
[2025-08-05 07:03:25Z INFO ProcessInvokerWrapper]   Encoding web name:  ; code page: ''
[2025-08-05 07:03:25Z INFO ProcessInvokerWrapper]   Force kill process on cancellation: 'True'
[2025-08-05 07:03:25Z INFO ProcessInvokerWrapper]   Redirected STDIN: 'False'
[2025-08-05 07:03:25Z INFO ProcessInvokerWrapper]   Persist current code page: 'False'
[2025-08-05 07:03:25Z INFO ProcessInvokerWrapper]   Keep redirected STDIN open: 'False'
[2025-08-05 07:03:25Z INFO ProcessInvokerWrapper]   High priority process: 'True'
[2025-08-05 07:03:25Z INFO ProcessInvokerWrapper] Process started with process id 23016, waiting for process exit.
[2025-08-05 07:03:25Z INFO JobDispatcher] Send job request message to worker for job c8af7228-55c2-5ee7-8d71-2510389c9ae7.
[2025-08-05 07:03:25Z INFO ProcessChannel] Sending message of length 19209, with hash '8fae95802f84468323c7da3bca4ad311be41381c05941c0ff2e088e9b9aca5fd'
[2025-08-05 07:03:25Z INFO JobNotification] Entering JobStarted Notification
[2025-08-05 07:03:25Z INFO JobNotification] Entering StartMonitor
[2025-08-05 07:04:26Z INFO JobDispatcher] Successfully renew job c8af7228-55c2-5ee7-8d71-2510389c9ae7, job is valid till 8/5/2025 7:14:28 AM
[2025-08-05 07:05:26Z INFO JobDispatcher] Successfully renew job c8af7228-55c2-5ee7-8d71-2510389c9ae7, job is valid till 8/5/2025 7:15:29 AM
[2025-08-05 07:06:26Z INFO JobDispatcher] Successfully renew job c8af7228-55c2-5ee7-8d71-2510389c9ae7, job is valid till 8/5/2025 7:16:29 AM
[2025-08-05 07:07:12Z INFO ProcessInvokerWrapper] STDOUT/STDERR stream read finished.
[2025-08-05 07:07:12Z INFO ProcessInvokerWrapper] STDOUT/STDERR stream read finished.
[2025-08-05 07:07:12Z INFO ProcessInvokerWrapper] Finished process 23016 with exit code 102, and elapsed time 00:03:46.8079555.
[2025-08-05 07:07:12Z INFO JobDispatcher] Worker finished for job c8af7228-55c2-5ee7-8d71-2510389c9ae7. Code: 102
[2025-08-05 07:07:12Z INFO JobDispatcher] finish job request for job c8af7228-55c2-5ee7-8d71-2510389c9ae7 with result: Failed
[2025-08-05 07:07:12Z INFO Terminal] WRITE LINE: 2025-08-05 07:07:12Z: Job deploy completed with result: Failed
[2025-08-05 07:07:12Z INFO JobDispatcher] Stop renew job request for job c8af7228-55c2-5ee7-8d71-2510389c9ae7.
[2025-08-05 07:07:12Z INFO JobDispatcher] job renew has been cancelled, stop renew job c8af7228-55c2-5ee7-8d71-2510389c9ae7.
[2025-08-05 07:07:12Z INFO JobNotification] Entering JobCompleted Notification
[2025-08-05 07:07:12Z INFO JobNotification] Entering EndMonitor
[2025-08-05 07:07:12Z INFO BrokerMessageListener] Received job status event. JobState: Online
[2025-08-05 07:07:12Z WARN GitHubActionsService] GET request to https://broker.actions.githubusercontent.com/message?sessionId=05a47cae-7237-46a3-98c0-61730097602d&status=Busy&runnerVersion=2.327.1&os=Windows&architecture=X64&disableUpdate=false has been cancelled.
[2025-08-05 07:07:12Z ERR  BrokerServer] Catch exception during request
[2025-08-05 07:07:12Z ERR  BrokerServer] System.Threading.Tasks.TaskCanceledException: The operation was canceled.
 ---> System.Threading.Tasks.TaskCanceledException: The operation was canceled.
 ---> System.IO.IOException: Unable to read data from the transport connection: The I/O operation has been aborted because of either a thread exit or an application request..
 ---> System.Net.Sockets.SocketException (995): The I/O operation has been aborted because of either a thread exit or an application request.
   --- End of inner exception stack trace ---
   at System.Net.Sockets.Socket.AwaitableSocketAsyncEventArgs.System.Threading.Tasks.Sources.IValueTaskSource<System.Int32>.GetResult(Int16 token)
   at System.Net.Security.SslStream.EnsureFullTlsFrameAsync[TIOAdapter](CancellationToken cancellationToken, Int32 estimatedSize)
   at System.Runtime.CompilerServices.PoolingAsyncValueTaskMethodBuilder`1.StateMachineBox`1.System.Threading.Tasks.Sources.IValueTaskSource<TResult>.GetResult(Int16 token)
   at System.Net.Security.SslStream.ReadAsyncInternal[TIOAdapter](Memory`1 buffer, CancellationToken cancellationToken)
   at System.Runtime.CompilerServices.PoolingAsyncValueTaskMethodBuilder`1.StateMachineBox`1.System.Threading.Tasks.Sources.IValueTaskSource<TResult>.GetResult(Int16 token)
   at System.Net.Http.HttpConnection.SendAsync(HttpRequestMessage request, Boolean async, CancellationToken cancellationToken)
   --- End of inner exception stack trace ---
   at System.Net.Http.HttpConnection.SendAsync(HttpRequestMessage request, Boolean async, CancellationToken cancellationToken)
   at System.Net.Http.AuthenticationHelper.SendWithNtAuthAsync(HttpRequestMessage request, Uri authUri, Boolean async, ICredentials credentials, Boolean isProxyAuth, HttpConnection connection, HttpConnectionPool connectionPool, CancellationToken cancellationToken)
   at System.Net.Http.HttpConnectionPool.SendWithVersionDetectionAndRetryAsync(HttpRequestMessage request, Boolean async, Boolean doRequestAuth, CancellationToken cancellationToken)
   at System.Net.Http.AuthenticationHelper.SendWithAuthAsync(HttpRequestMessage request, Uri authUri, Boolean async, ICredentials credentials, Boolean preAuthenticate, Boolean isProxyAuth, Boolean doRequestAuth, HttpConnectionPool pool, CancellationToken cancellationToken)
   at System.Net.Http.RedirectHandler.SendAsync(HttpRequestMessage request, Boolean async, CancellationToken cancellationToken)
   at GitHub.Services.Common.RawHttpMessageHandler.SendAsync(HttpRequestMessage request, CancellationToken cancellationToken)
   at GitHub.Services.Common.VssHttpRetryMessageHandler.SendAsync(HttpRequestMessage request, CancellationToken cancellationToken)
   at System.Net.Http.HttpClient.<SendAsync>g__Core|83_0(HttpRequestMessage request, HttpCompletionOption completionOption, CancellationTokenSource cts, Boolean disposeCts, CancellationTokenSource pendingRequestsCts, CancellationToken originalCancellationToken)
   --- End of inner exception stack trace ---
   at System.Net.Http.HttpClient.HandleFailure(Exception e, Boolean telemetryStarted, HttpResponseMessage response, CancellationTokenSource cts, CancellationToken cancellationToken, CancellationTokenSource pendingRequestsCts)
   at System.Net.Http.HttpClient.<SendAsync>g__Core|83_0(HttpRequestMessage request, HttpCompletionOption completionOption, CancellationTokenSource cts, Boolean disposeCts, CancellationTokenSource pendingRequestsCts, CancellationToken originalCancellationToken)
   at Sdk.WebApi.WebApi.RawHttpClientBase.SendAsync(HttpRequestMessage message, HttpCompletionOption completionOption, Object userState, CancellationToken cancellationToken)
   at Sdk.WebApi.WebApi.RawHttpClientBase.SendAsync[T](HttpRequestMessage message, Boolean readErrorBody, Object userState, CancellationToken cancellationToken)
   at Sdk.WebApi.WebApi.RawHttpClientBase.SendAsync[T](HttpMethod method, IEnumerable`1 additionalHeaders, Uri requestUri, HttpContent content, IEnumerable`1 queryParameters, Boolean readErrorBody, Object userState, CancellationToken cancellationToken)
   at GitHub.Actions.RunService.WebApi.BrokerHttpClient.GetRunnerMessageAsync(Nullable`1 sessionId, String runnerVersion, Nullable`1 status, String os, String architecture, Nullable`1 disableUpdate, CancellationToken cancellationToken)
   at GitHub.Runner.Common.BrokerServer.<>c__DisplayClass7_0.<<GetRunnerMessageAsync>b__0>d.MoveNext()
--- End of stack trace from previous location ---
   at GitHub.Runner.Common.RunnerService.RetryRequest[T](Func`1 func, CancellationToken cancellationToken, Int32 maxRetryAttemptsCount, Func`2 shouldRetry)
[2025-08-05 07:07:12Z ERR  BrokerServer] #####################################################
[2025-08-05 07:07:12Z ERR  BrokerServer] System.Threading.Tasks.TaskCanceledException: The operation was canceled.
 ---> System.IO.IOException: Unable to read data from the transport connection: The I/O operation has been aborted because of either a thread exit or an application request..
 ---> System.Net.Sockets.SocketException (995): The I/O operation has been aborted because of either a thread exit or an application request.
   --- End of inner exception stack trace ---
   at System.Net.Sockets.Socket.AwaitableSocketAsyncEventArgs.System.Threading.Tasks.Sources.IValueTaskSource<System.Int32>.GetResult(Int16 token)
   at System.Net.Security.SslStream.EnsureFullTlsFrameAsync[TIOAdapter](CancellationToken cancellationToken, Int32 estimatedSize)
   at System.Runtime.CompilerServices.PoolingAsyncValueTaskMethodBuilder`1.StateMachineBox`1.System.Threading.Tasks.Sources.IValueTaskSource<TResult>.GetResult(Int16 token)
   at System.Net.Security.SslStream.ReadAsyncInternal[TIOAdapter](Memory`1 buffer, CancellationToken cancellationToken)
   at System.Runtime.CompilerServices.PoolingAsyncValueTaskMethodBuilder`1.StateMachineBox`1.System.Threading.Tasks.Sources.IValueTaskSource<TResult>.GetResult(Int16 token)
   at System.Net.Http.HttpConnection.SendAsync(HttpRequestMessage request, Boolean async, CancellationToken cancellationToken)
   --- End of inner exception stack trace ---
   at System.Net.Http.HttpConnection.SendAsync(HttpRequestMessage request, Boolean async, CancellationToken cancellationToken)
   at System.Net.Http.AuthenticationHelper.SendWithNtAuthAsync(HttpRequestMessage request, Uri authUri, Boolean async, ICredentials credentials, Boolean isProxyAuth, HttpConnection connection, HttpConnectionPool connectionPool, CancellationToken cancellationToken)
   at System.Net.Http.HttpConnectionPool.SendWithVersionDetectionAndRetryAsync(HttpRequestMessage request, Boolean async, Boolean doRequestAuth, CancellationToken cancellationToken)
   at System.Net.Http.AuthenticationHelper.SendWithAuthAsync(HttpRequestMessage request, Uri authUri, Boolean async, ICredentials credentials, Boolean preAuthenticate, Boolean isProxyAuth, Boolean doRequestAuth, HttpConnectionPool pool, CancellationToken cancellationToken)
   at System.Net.Http.RedirectHandler.SendAsync(HttpRequestMessage request, Boolean async, CancellationToken cancellationToken)
   at GitHub.Services.Common.RawHttpMessageHandler.SendAsync(HttpRequestMessage request, CancellationToken cancellationToken)
   at GitHub.Services.Common.VssHttpRetryMessageHandler.SendAsync(HttpRequestMessage request, CancellationToken cancellationToken)
   at System.Net.Http.HttpClient.<SendAsync>g__Core|83_0(HttpRequestMessage request, HttpCompletionOption completionOption, CancellationTokenSource cts, Boolean disposeCts, CancellationTokenSource pendingRequestsCts, CancellationToken originalCancellationToken)
[2025-08-05 07:07:12Z ERR  BrokerServer] #####################################################
[2025-08-05 07:07:12Z ERR  BrokerServer] System.IO.IOException: Unable to read data from the transport connection: The I/O operation has been aborted because of either a thread exit or an application request..
 ---> System.Net.Sockets.SocketException (995): The I/O operation has been aborted because of either a thread exit or an application request.
   --- End of inner exception stack trace ---
   at System.Net.Sockets.Socket.AwaitableSocketAsyncEventArgs.System.Threading.Tasks.Sources.IValueTaskSource<System.Int32>.GetResult(Int16 token)
   at System.Net.Security.SslStream.EnsureFullTlsFrameAsync[TIOAdapter](CancellationToken cancellationToken, Int32 estimatedSize)
   at System.Runtime.CompilerServices.PoolingAsyncValueTaskMethodBuilder`1.StateMachineBox`1.System.Threading.Tasks.Sources.IValueTaskSource<TResult>.GetResult(Int16 token)
   at System.Net.Security.SslStream.ReadAsyncInternal[TIOAdapter](Memory`1 buffer, CancellationToken cancellationToken)
   at System.Runtime.CompilerServices.PoolingAsyncValueTaskMethodBuilder`1.StateMachineBox`1.System.Threading.Tasks.Sources.IValueTaskSource<TResult>.GetResult(Int16 token)
   at System.Net.Http.HttpConnection.SendAsync(HttpRequestMessage request, Boolean async, CancellationToken cancellationToken)
[2025-08-05 07:07:12Z ERR  BrokerServer] #####################################################
[2025-08-05 07:07:12Z ERR  BrokerServer] System.Net.Sockets.SocketException (995): The I/O operation has been aborted because of either a thread exit or an application request.
[2025-08-05 07:07:12Z WARN BrokerServer] Back off 11.968 seconds before next retry. 4 attempt left.
[2025-08-05 07:07:12Z INFO BrokerMessageListener] Get messages has been cancelled using local token source. Continue to get messages with new status.
