[2025-08-05 06:41:13Z INFO HostContext] No proxy settings were found based on environmental variables (http_proxy/https_proxy/HTTP_PROXY/HTTPS_PROXY)
[2025-08-05 06:41:13Z INFO HostContext] Well known directory 'Bin': 'C:\laragon\www\sapapi\action-runner\bin'
[2025-08-05 06:41:13Z INFO HostContext] Well known directory 'Root': 'C:\laragon\www\sapapi\action-runner'
[2025-08-05 06:41:13Z INFO HostContext] Well known config file 'Credentials': 'C:\laragon\www\sapapi\action-runner\.credentials'
[2025-08-05 06:41:13Z INFO HostContext] Well known directory 'Bin': 'C:\laragon\www\sapapi\action-runner\bin'
[2025-08-05 06:41:13Z INFO HostContext] Well known directory 'Root': 'C:\laragon\www\sapapi\action-runner'
[2025-08-05 06:41:13Z INFO HostContext] Well known config file 'Runner': 'C:\laragon\www\sapapi\action-runner\.runner'
[2025-08-05 06:41:13Z INFO Listener] Runner is built for Windows (X64) - win-x64.
[2025-08-05 06:41:13Z INFO Listener] RuntimeInformation: Microsoft Windows 10.0.19045.
[2025-08-05 06:41:13Z INFO Listener] Version: 2.327.1
[2025-08-05 06:41:13Z INFO Listener] Commit: 9513afd82fbc900d13362cdd4fcdab0538f5124e
[2025-08-05 06:41:13Z INFO Listener] Culture: en-US
[2025-08-05 06:41:13Z INFO Listener] UI Culture: en-US
[2025-08-05 06:41:13Z INFO HostContext] Well known directory 'Bin': 'C:\laragon\www\sapapi\action-runner\bin'
[2025-08-05 06:41:13Z INFO HostContext] Well known directory 'Root': 'C:\laragon\www\sapapi\action-runner'
[2025-08-05 06:41:13Z INFO Listener] Validating directory permissions for: 'C:\laragon\www\sapapi\action-runner'
[2025-08-05 06:41:13Z INFO CommandLineParser] Parse
[2025-08-05 06:41:13Z INFO CommandLineParser] Parsing 5 args
[2025-08-05 06:41:13Z INFO CommandLineParser] parsing argument
[2025-08-05 06:41:13Z INFO CommandLineParser] HasArgs: False
[2025-08-05 06:41:13Z INFO CommandLineParser] Adding Command: configure
[2025-08-05 06:41:13Z INFO CommandLineParser] parsing argument
[2025-08-05 06:41:13Z INFO CommandLineParser] HasArgs: True
[2025-08-05 06:41:13Z INFO CommandLineParser] arg: url
[2025-08-05 06:41:13Z INFO CommandLineParser] parsing argument
[2025-08-05 06:41:13Z INFO CommandLineParser] HasArgs: True
[2025-08-05 06:41:13Z INFO CommandLineParser] Adding option 'url': 'https://github.com/jauharimalik/sapapi'
[2025-08-05 06:41:13Z INFO CommandLineParser] parsing argument
[2025-08-05 06:41:13Z INFO CommandLineParser] HasArgs: True
[2025-08-05 06:41:13Z INFO CommandLineParser] arg: token
[2025-08-05 06:41:13Z INFO CommandLineParser] parsing argument
[2025-08-05 06:41:13Z INFO CommandLineParser] HasArgs: True
[2025-08-05 06:41:13Z INFO CommandLineParser] Adding option 'token': '***'
[2025-08-05 06:41:13Z INFO Listener] Arguments parsed
[2025-08-05 06:41:13Z INFO Runner] ExecuteCommand
[2025-08-05 06:41:13Z INFO ConfigurationStore] currentAssemblyLocation: C:\laragon\www\sapapi\action-runner\bin\Runner.Listener.dll
[2025-08-05 06:41:13Z INFO HostContext] Well known directory 'Bin': 'C:\laragon\www\sapapi\action-runner\bin'
[2025-08-05 06:41:13Z INFO ConfigurationStore] binPath: C:\laragon\www\sapapi\action-runner\bin
[2025-08-05 06:41:13Z INFO HostContext] Well known directory 'Bin': 'C:\laragon\www\sapapi\action-runner\bin'
[2025-08-05 06:41:13Z INFO HostContext] Well known directory 'Root': 'C:\laragon\www\sapapi\action-runner'
[2025-08-05 06:41:13Z INFO ConfigurationStore] RootFolder: C:\laragon\www\sapapi\action-runner
[2025-08-05 06:41:13Z INFO HostContext] Well known directory 'Bin': 'C:\laragon\www\sapapi\action-runner\bin'
[2025-08-05 06:41:13Z INFO HostContext] Well known directory 'Root': 'C:\laragon\www\sapapi\action-runner'
[2025-08-05 06:41:13Z INFO HostContext] Well known config file 'Runner': 'C:\laragon\www\sapapi\action-runner\.runner'
[2025-08-05 06:41:13Z INFO ConfigurationStore] ConfigFilePath: C:\laragon\www\sapapi\action-runner\.runner
[2025-08-05 06:41:13Z INFO HostContext] Well known directory 'Bin': 'C:\laragon\www\sapapi\action-runner\bin'
[2025-08-05 06:41:13Z INFO HostContext] Well known directory 'Root': 'C:\laragon\www\sapapi\action-runner'
[2025-08-05 06:41:13Z INFO HostContext] Well known config file 'MigratedRunner': 'C:\laragon\www\sapapi\action-runner\.runner_migrated'
[2025-08-05 06:41:13Z INFO ConfigurationStore] MigratedConfigFilePath: C:\laragon\www\sapapi\action-runner\.runner_migrated
[2025-08-05 06:41:13Z INFO HostContext] Well known directory 'Bin': 'C:\laragon\www\sapapi\action-runner\bin'
[2025-08-05 06:41:13Z INFO HostContext] Well known directory 'Root': 'C:\laragon\www\sapapi\action-runner'
[2025-08-05 06:41:13Z INFO HostContext] Well known config file 'Credentials': 'C:\laragon\www\sapapi\action-runner\.credentials'
[2025-08-05 06:41:13Z INFO ConfigurationStore] CredFilePath: C:\laragon\www\sapapi\action-runner\.credentials
[2025-08-05 06:41:13Z INFO HostContext] Well known directory 'Bin': 'C:\laragon\www\sapapi\action-runner\bin'
[2025-08-05 06:41:13Z INFO HostContext] Well known directory 'Root': 'C:\laragon\www\sapapi\action-runner'
[2025-08-05 06:41:13Z INFO HostContext] Well known config file 'MigratedCredentials': 'C:\laragon\www\sapapi\action-runner\.credentials_migrated'
[2025-08-05 06:41:13Z INFO ConfigurationStore] MigratedCredFilePath: C:\laragon\www\sapapi\action-runner\.credentials_migrated
[2025-08-05 06:41:13Z INFO HostContext] Well known directory 'Bin': 'C:\laragon\www\sapapi\action-runner\bin'
[2025-08-05 06:41:13Z INFO HostContext] Well known directory 'Root': 'C:\laragon\www\sapapi\action-runner'
[2025-08-05 06:41:13Z INFO HostContext] Well known config file 'Service': 'C:\laragon\www\sapapi\action-runner\.service'
[2025-08-05 06:41:13Z INFO ConfigurationStore] ServiceConfigFilePath: C:\laragon\www\sapapi\action-runner\.service
[2025-08-05 06:41:13Z INFO CommandSettings] Flag 'help': 'False'
[2025-08-05 06:41:13Z INFO CommandSettings] Flag 'version': 'False'
[2025-08-05 06:41:13Z INFO CommandSettings] Flag 'commit': 'False'
[2025-08-05 06:41:13Z INFO CommandSettings] Flag 'check': 'False'
[2025-08-05 06:41:13Z INFO CommandSettings] Command 'configure': 'True'
[2025-08-05 06:41:13Z INFO Terminal] WRITE LINE: 
[2025-08-05 06:41:13Z INFO Terminal] WRITE LINE: --------------------------------------------------------------------------------
[2025-08-05 06:41:13Z INFO Terminal] WRITE LINE: |        ____ _ _   _   _       _          _        _   _                      |
[2025-08-05 06:41:13Z INFO Terminal] WRITE LINE: |       / ___(_) |_| | | |_   _| |__      / \   ___| |_(_) ___  _ __  ___      |
[2025-08-05 06:41:13Z INFO Terminal] WRITE LINE: |      | |  _| | __| |_| | | | | '_ \    / _ \ / __| __| |/ _ \| '_ \/ __|     |
[2025-08-05 06:41:13Z INFO Terminal] WRITE LINE: |      | |_| | | |_|  _  | |_| | |_) |  / ___ \ (__| |_| | (_) | | | \__ \     |
[2025-08-05 06:41:13Z INFO Terminal] WRITE LINE: |       \____|_|\__|_| |_|\__,_|_.__/  /_/   \_\___|\__|_|\___/|_| |_|___/     |
[2025-08-05 06:41:13Z INFO Terminal] WRITE LINE: |                                                                              |
[2025-08-05 06:41:13Z INFO Terminal] WRITE: |                       
[2025-08-05 06:41:13Z INFO Terminal] WRITE: Self-hosted runner registration
[2025-08-05 06:41:13Z INFO Terminal] WRITE LINE:                         |
[2025-08-05 06:41:13Z INFO Terminal] WRITE LINE: |                                                                              |
[2025-08-05 06:41:13Z INFO Terminal] WRITE LINE: --------------------------------------------------------------------------------
[2025-08-05 06:41:13Z INFO ConfigurationManager] ConfigureAsync
[2025-08-05 06:41:13Z INFO CommandSettings] Flag 'generateServiceConfig': 'False'
[2025-08-05 06:41:13Z INFO ConfigurationStore] IsConfigured()
[2025-08-05 06:41:13Z INFO ConfigurationStore] IsConfigured: False
[2025-08-05 06:41:13Z INFO ConfigurationManager] Is configured: False
[2025-08-05 06:41:13Z INFO CommandSettings] Arg 'url': 'https://github.com/jauharimalik/sapapi'
[2025-08-05 06:41:13Z INFO CommandSettings] Remove url from Arg dictionary.
[2025-08-05 06:41:13Z INFO CommandSettings] Arg 'token': '***'
[2025-08-05 06:41:13Z INFO CommandSettings] Remove token from Arg dictionary.
[2025-08-05 06:41:14Z INFO ConfigurationManager] Http response code: OK from 'POST https://api.github.com/actions/runner-registration' (6296:372CD9:3CA438:467E0A:6891A78C)
[2025-08-05 06:41:14Z INFO ConfigurationManager] Using V2 flow: False
[2025-08-05 06:41:14Z INFO ConfigurationManager] cred retrieved via GitHub auth
[2025-08-05 06:41:14Z INFO RunnerServer] EstablishVssConnection
[2025-08-05 06:41:14Z INFO RunnerServer] Establish connection with 100 seconds timeout.
[2025-08-05 06:41:14Z INFO GitHubActionsService] Starting operation Location.GetConnectionData
[2025-08-05 06:41:14Z INFO RunnerServer] EstablishVssConnection
[2025-08-05 06:41:14Z INFO RunnerServer] Establish connection with 60 seconds timeout.
[2025-08-05 06:41:14Z INFO GitHubActionsService] Starting operation Location.GetConnectionData
[2025-08-05 06:41:14Z INFO RunnerServer] EstablishVssConnection
[2025-08-05 06:41:14Z INFO RunnerServer] Establish connection with 60 seconds timeout.
[2025-08-05 06:41:14Z INFO GitHubActionsService] Starting operation Location.GetConnectionData
[2025-08-05 06:41:16Z INFO GitHubActionsService] Finished operation Location.GetConnectionData
[2025-08-05 06:41:16Z INFO GitHubActionsService] Finished operation Location.GetConnectionData
[2025-08-05 06:41:16Z INFO GitHubActionsService] Finished operation Location.GetConnectionData
[2025-08-05 06:41:16Z INFO Terminal] WRITE LINE: 
[2025-08-05 06:41:16Z INFO ConfigurationManager] Test Connection complete.
[2025-08-05 06:41:16Z INFO HostContext] Well known directory 'Bin': 'C:\laragon\www\sapapi\action-runner\bin'
[2025-08-05 06:41:16Z INFO HostContext] Well known directory 'Root': 'C:\laragon\www\sapapi\action-runner'
[2025-08-05 06:41:16Z INFO HostContext] Well known config file 'RSACredentials': 'C:\laragon\www\sapapi\action-runner\.credentials_rsaparams'
[2025-08-05 06:41:16Z INFO RSAEncryptedFileKeyManager] Creating new RSA key using 2048-bit key length
[2025-08-05 06:41:16Z INFO RSAEncryptedFileKeyManager] Successfully saved RSA key parameters to file C:\laragon\www\sapapi\action-runner\.credentials_rsaparams
[2025-08-05 06:41:17Z INFO CommandSettings] Arg 'runnergroup': ''
[2025-08-05 06:41:17Z INFO CommandSettings] Flag 'unattended': 'False'
[2025-08-05 06:41:17Z INFO PromptManager] ReadValue
[2025-08-05 06:41:17Z INFO Terminal] WRITE: Enter the name of the runner group to add this runner to: 
[2025-08-05 06:41:17Z INFO Terminal] WRITE: [press Enter for Default] 
[2025-08-05 06:41:17Z INFO Terminal] READ LINE
[2025-08-05 06:41:27Z INFO Terminal] Read value: ''
[2025-08-05 06:41:27Z INFO PromptManager] Falling back to the default: 'Default'
[2025-08-05 06:41:27Z INFO Terminal] WRITE LINE: 
[2025-08-05 06:41:27Z INFO ConfigurationManager] Found a self-hosted runner group with id 1 and name Default
[2025-08-05 06:41:27Z INFO CommandSettings] Flag 'disableupdate': 'False'
[2025-08-05 06:41:27Z INFO CommandSettings] Flag 'ephemeral': 'False'
[2025-08-05 06:41:27Z INFO CommandSettings] Arg 'name': ''
[2025-08-05 06:41:27Z INFO CommandSettings] Flag 'unattended': 'False'
[2025-08-05 06:41:27Z INFO PromptManager] ReadValue
[2025-08-05 06:41:27Z INFO Terminal] WRITE: Enter the name of runner: 
[2025-08-05 06:41:27Z INFO Terminal] WRITE: [press Enter for JO] 
[2025-08-05 06:41:27Z INFO Terminal] READ LINE
[2025-08-05 06:41:30Z INFO Terminal] Read value: ''
[2025-08-05 06:41:30Z INFO PromptManager] Falling back to the default: 'JO'
[2025-08-05 06:41:30Z INFO Terminal] WRITE LINE: 
[2025-08-05 06:41:30Z INFO CommandSettings] Arg 'labels': ''
[2025-08-05 06:41:30Z INFO CommandSettings] Flag 'unattended': 'False'
[2025-08-05 06:41:30Z INFO PromptManager] ReadValue
[2025-08-05 06:41:30Z INFO Terminal] WRITE: This runner will have the following labels: 'self-hosted', 'Windows', 'X64' 
Enter any additional labels (ex. label-1,label-2): 
[2025-08-05 06:41:30Z INFO Terminal] WRITE: [press Enter to skip] 
[2025-08-05 06:41:30Z INFO Terminal] READ LINE
[2025-08-05 06:41:35Z INFO Terminal] Read value: ''
[2025-08-05 06:41:35Z INFO Terminal] WRITE LINE: 
[2025-08-05 06:41:35Z INFO CommandSettings] Flag 'disableupdate': 'False'
[2025-08-05 06:41:35Z INFO CommandSettings] Flag 'no-default-labels': 'False'
[2025-08-05 06:41:36Z INFO CommandSettings] Flag 'disableupdate': 'False'
[2025-08-05 06:41:36Z INFO CommandSettings] Flag 'ephemeral': 'False'
[2025-08-05 06:41:36Z INFO ConfigurationStore] Saving OAuth credential @ C:\laragon\www\sapapi\action-runner\.credentials
[2025-08-05 06:41:36Z INFO ConfigurationStore] Credentials Saved.
[2025-08-05 06:41:36Z INFO ConfigurationStore] HasCredentials()
[2025-08-05 06:41:36Z INFO ConfigurationStore] stored True
[2025-08-05 06:41:36Z INFO CredentialManager] GetCredentialProvider
[2025-08-05 06:41:36Z INFO CredentialManager] Creating type OAuth
[2025-08-05 06:41:36Z INFO CredentialManager] Creating credential type: OAuth
[2025-08-05 06:41:36Z INFO RSAEncryptedFileKeyManager] Loading RSA key parameters from file C:\laragon\www\sapapi\action-runner\.credentials_rsaparams
[2025-08-05 06:41:36Z INFO RunnerServer] EstablishVssConnection
[2025-08-05 06:41:36Z INFO RunnerServer] Establish connection with 100 seconds timeout.
[2025-08-05 06:41:36Z INFO GitHubActionsService] Starting operation Location.GetConnectionData
[2025-08-05 06:41:36Z INFO RunnerServer] EstablishVssConnection
[2025-08-05 06:41:36Z INFO RunnerServer] Establish connection with 60 seconds timeout.
[2025-08-05 06:41:36Z INFO GitHubActionsService] Starting operation Location.GetConnectionData
[2025-08-05 06:41:36Z INFO RunnerServer] EstablishVssConnection
[2025-08-05 06:41:36Z INFO RunnerServer] Establish connection with 60 seconds timeout.
[2025-08-05 06:41:36Z INFO GitHubActionsService] Starting operation Location.GetConnectionData
[2025-08-05 06:41:36Z INFO GitHubActionsService] Finished operation Location.GetConnectionData
[2025-08-05 06:41:37Z INFO GitHubActionsService] Finished operation Location.GetConnectionData
[2025-08-05 06:41:37Z INFO GitHubActionsService] Finished operation Location.GetConnectionData
[2025-08-05 06:41:37Z INFO RSAEncryptedFileKeyManager] Loading RSA key parameters from file C:\laragon\www\sapapi\action-runner\.credentials_rsaparams
[2025-08-05 06:41:37Z INFO RSAEncryptedFileKeyManager] Loading RSA key parameters from file C:\laragon\www\sapapi\action-runner\.credentials_rsaparams
[2025-08-05 06:41:38Z INFO GitHubActionsService] AAD Correlation ID for this token request: Unknown
[2025-08-05 06:41:39Z INFO ConfigurationManager] Service enforced serverUrlV2: https://broker.actions.githubusercontent.com/
[2025-08-05 06:41:39Z INFO ConfigurationManager] Service enforced useV2Flow: True
[2025-08-05 06:41:39Z INFO CommandSettings] Arg 'work': ''
[2025-08-05 06:41:39Z INFO CommandSettings] Flag 'unattended': 'False'
[2025-08-05 06:41:39Z INFO PromptManager] ReadValue
[2025-08-05 06:41:39Z INFO Terminal] WRITE: Enter name of work folder: 
[2025-08-05 06:41:39Z INFO Terminal] WRITE: [press Enter for _work] 
[2025-08-05 06:41:39Z INFO Terminal] READ LINE
[2025-08-05 06:41:42Z INFO Terminal] Read value: ''
[2025-08-05 06:41:42Z INFO PromptManager] Falling back to the default: '_work'
[2025-08-05 06:41:42Z INFO ConfigurationStore] Saving runner settings.
[2025-08-05 06:41:42Z INFO ConfigurationStore] Settings Saved.
[2025-08-05 06:41:42Z INFO Terminal] WRITE LINE: 
[2025-08-05 06:41:42Z INFO Terminal] WRITE LINE: 
[2025-08-05 06:41:42Z INFO CommandSettings] Flag 'runasservice': 'False'
[2025-08-05 06:41:42Z INFO CommandSettings] Flag 'unattended': 'False'
[2025-08-05 06:41:42Z INFO PromptManager] ReadValue
[2025-08-05 06:41:42Z INFO Terminal] WRITE: Would you like to run the runner as service? (Y/N) 
[2025-08-05 06:41:42Z INFO Terminal] WRITE: [press Enter for N] 
[2025-08-05 06:41:42Z INFO Terminal] READ LINE
[2025-08-05 06:41:51Z INFO Terminal] Read value: 'Y'
[2025-08-05 06:41:51Z INFO ConfigurationManager] Configuring to run the agent as service
[2025-08-05 06:41:51Z INFO CommandSettings] Arg 'windowslogonaccount': ''
[2025-08-05 06:41:51Z INFO CommandSettings] Flag 'unattended': 'False'
[2025-08-05 06:41:51Z INFO PromptManager] ReadValue
[2025-08-05 06:41:51Z INFO Terminal] WRITE: User account to use for the service 
[2025-08-05 06:41:51Z INFO Terminal] WRITE: [press Enter for NT AUTHORITY\NETWORK SERVICE] 
[2025-08-05 06:41:51Z INFO Terminal] READ LINE
[2025-08-05 06:41:56Z INFO Terminal] Read value: ''
[2025-08-05 06:41:56Z INFO PromptManager] Falling back to the default: 'NT AUTHORITY\NETWORK SERVICE'
[2025-08-05 06:41:56Z INFO WindowsServiceControlManager] LogonAccount after transforming: NT AUTHORITY\NETWORK SERVICE, user: NETWORK SERVICE, domain: NT AUTHORITY
[2025-08-05 06:41:56Z INFO WindowsServiceControlManager] Service name 'actions.runner.jauharimalik-sapapi.JO' display name 'GitHub Actions Runner (jauharimalik-sapapi.JO)' will be used for service configuration.
[2025-08-05 06:41:56Z INFO WindowsServiceControlManager] Verifying if the account has LogonAsService permission
[2025-08-05 06:41:56Z INFO NativeWindowsServiceHelper] Successfully grant logon as service privilege to account 'NETWORK SERVICE'
[2025-08-05 06:41:56Z INFO WindowsServiceControlManager] Create local group and grant folder permission to service logon account.
[2025-08-05 06:41:56Z INFO HostContext] Well known directory 'Bin': 'C:\laragon\www\sapapi\action-runner\bin'
[2025-08-05 06:41:56Z INFO HostContext] Well known directory 'Root': 'C:\laragon\www\sapapi\action-runner'
[2025-08-05 06:41:56Z INFO ConfigurationStore] Read setting file: 386 chars
[2025-08-05 06:41:56Z INFO HostContext] Well known directory 'Bin': 'C:\laragon\www\sapapi\action-runner\bin'
[2025-08-05 06:41:56Z INFO HostContext] Well known directory 'Root': 'C:\laragon\www\sapapi\action-runner'
[2025-08-05 06:41:56Z INFO HostContext] Well known directory 'Work': 'C:\laragon\www\sapapi\action-runner\_work'
[2025-08-05 06:41:56Z INFO HostContext] Well known directory 'Bin': 'C:\laragon\www\sapapi\action-runner\bin'
[2025-08-05 06:41:56Z INFO NativeWindowsServiceHelper] Calculated unique group name GITHUB_ActionsRunner_G4766e
[2025-08-05 06:41:56Z INFO NativeWindowsServiceHelper] Trying to create group GITHUB_ActionsRunner_G4766e
[2025-08-05 06:41:56Z INFO NativeWindowsServiceHelper] Local Group 'GITHUB_ActionsRunner_G4766e' created
[2025-08-05 06:41:56Z INFO NativeWindowsServiceHelper] Trying to add userName NT AUTHORITY\NETWORK SERVICE to the group GITHUB_ActionsRunner_G4766e
[2025-08-05 06:41:56Z INFO NativeWindowsServiceHelper] Account 'NT AUTHORITY\NETWORK SERVICE' is added to local group 'GITHUB_ActionsRunner_G4766e'.
[2025-08-05 06:41:56Z INFO NativeWindowsServiceHelper] Set full access control to group for the folder C:\laragon\www\sapapi\action-runner
[2025-08-05 06:41:56Z INFO NativeWindowsServiceHelper] Set full access control to group for the folder C:\laragon\www\sapapi\action-runner\_work
[2025-08-05 06:41:56Z INFO NativeWindowsServiceHelper] Local group 'GITHUB_ActionsRunner_G4766e' already has full control to path 'C:\laragon\www\sapapi\action-runner\_work'.
[2025-08-05 06:41:56Z INFO Terminal] WRITE LINE: Granting file permissions to 'NT AUTHORITY\NETWORK SERVICE'.
[2025-08-05 06:41:56Z INFO HostContext] Well known directory 'Bin': 'C:\laragon\www\sapapi\action-runner\bin'
[2025-08-05 06:41:56Z INFO ProcessInvokerWrapper] Starting process:
[2025-08-05 06:41:56Z INFO ProcessInvokerWrapper]   File name: '"C:\laragon\www\sapapi\action-runner\bin\RunnerService.exe"'
[2025-08-05 06:41:56Z INFO ProcessInvokerWrapper]   Arguments: 'init'
[2025-08-05 06:41:56Z INFO ProcessInvokerWrapper]   Working directory: ''
[2025-08-05 06:41:56Z INFO ProcessInvokerWrapper]   Require exit code zero: 'True'
[2025-08-05 06:41:56Z INFO ProcessInvokerWrapper]   Encoding web name:  ; code page: ''
[2025-08-05 06:41:56Z INFO ProcessInvokerWrapper]   Force kill process on cancellation: 'False'
[2025-08-05 06:41:56Z INFO ProcessInvokerWrapper]   Redirected STDIN: 'False'
[2025-08-05 06:41:56Z INFO ProcessInvokerWrapper]   Persist current code page: 'False'
[2025-08-05 06:41:56Z INFO ProcessInvokerWrapper]   Keep redirected STDIN open: 'False'
[2025-08-05 06:41:56Z INFO ProcessInvokerWrapper]   High priority process: 'False'
[2025-08-05 06:41:56Z INFO ProcessInvokerWrapper] Process started with process id 13748, waiting for process exit.
[2025-08-05 06:41:56Z INFO ProcessInvokerWrapper] STDOUT/STDERR stream read finished.
[2025-08-05 06:41:56Z INFO ProcessInvokerWrapper] STDOUT/STDERR stream read finished.
[2025-08-05 06:41:56Z INFO ProcessInvokerWrapper] Finished process 13748 with exit code 0, and elapsed time 00:00:00.2868683.
[2025-08-05 06:41:56Z INFO Terminal] WRITE LINE: Service actions.runner.jauharimalik-sapapi.JO successfully installed
[2025-08-05 06:41:56Z INFO Terminal] WRITE LINE: Service actions.runner.jauharimalik-sapapi.JO successfully set recovery option
[2025-08-05 06:41:56Z INFO Terminal] WRITE LINE: Service actions.runner.jauharimalik-sapapi.JO successfully set to delayed auto start
[2025-08-05 06:41:56Z INFO Terminal] WRITE LINE: Service actions.runner.jauharimalik-sapapi.JO successfully configured
[2025-08-05 06:41:56Z INFO HostContext] Well known directory 'Bin': 'C:\laragon\www\sapapi\action-runner\bin'
[2025-08-05 06:41:56Z INFO HostContext] Well known directory 'Root': 'C:\laragon\www\sapapi\action-runner'
[2025-08-05 06:41:56Z INFO HostContext] Well known config file 'Service': 'C:\laragon\www\sapapi\action-runner\.service'
[2025-08-05 06:41:56Z INFO WindowsServiceControlManager] Configuration was successful, trying to start the service
[2025-08-05 06:41:56Z INFO Terminal] WRITE LINE: Waiting for service to start...
[2025-08-05 06:41:57Z INFO Terminal] WRITE LINE: Service actions.runner.jauharimalik-sapapi.JO started successfully
[2025-08-05 06:41:57Z INFO Listener] Runner execution has finished with return code 0
