2025-08-12T12:47:22.7124627Z Current runner version: '2.327.1'
2025-08-12T12:47:22.7137455Z Runner name: 'JO'
2025-08-12T12:47:22.7138487Z Runner group name: 'Default'
2025-08-12T12:47:22.7139737Z Machine name: 'JO'
2025-08-12T12:47:22.7147289Z ##[group]GITHUB_TOKEN Permissions
2025-08-12T12:47:22.7152909Z Contents: read
2025-08-12T12:47:22.7154461Z Metadata: read
2025-08-12T12:47:22.7155707Z Packages: read
2025-08-12T12:47:22.7157380Z ##[endgroup]
2025-08-12T12:47:22.7162279Z Secret source: Actions
2025-08-12T12:47:22.7164277Z Prepare workflow directory
2025-08-12T12:47:22.7693543Z Prepare all required actions
2025-08-12T12:47:22.7739274Z Getting action download info
2025-08-12T12:47:24.3567958Z Download action repository 'actions/checkout@v4' (SHA:08eba0b27e820071cde6df949e0beb9ba4906955)
2025-08-12T12:47:25.9500866Z Complete job name: deploy
2025-08-12T12:47:26.0707783Z ##[group]Run actions/checkout@v4
2025-08-12T12:47:26.0709893Z with:
2025-08-12T12:47:26.0710837Z   repository: jauharimalik/sapapi
2025-08-12T12:47:26.0712502Z   token: ***
2025-08-12T12:47:26.0713167Z   ssh-strict: true
2025-08-12T12:47:26.0713634Z   ssh-user: git
2025-08-12T12:47:26.0714324Z   persist-credentials: true
2025-08-12T12:47:26.0715039Z   clean: true
2025-08-12T12:47:26.0715726Z   sparse-checkout-cone-mode: true
2025-08-12T12:47:26.0716408Z   fetch-depth: 1
2025-08-12T12:47:26.0716673Z   fetch-tags: false
2025-08-12T12:47:26.0716953Z   show-progress: true
2025-08-12T12:47:26.0717217Z   lfs: false
2025-08-12T12:47:26.0717480Z   submodules: false
2025-08-12T12:47:26.0717725Z   set-safe-directory: true
2025-08-12T12:47:26.0718469Z ##[endgroup]
2025-08-12T12:47:26.5111928Z Syncing repository: jauharimalik/sapapi
2025-08-12T12:47:26.5113888Z ##[group]Getting Git version info
2025-08-12T12:47:26.5114549Z Working directory is 'C:\laragon\www\sapapi\action-runner\_work\sapapi\sapapi'
2025-08-12T12:47:26.5616846Z [command]"C:\Program Files\Git\cmd\git.exe" version
2025-08-12T12:47:26.5964098Z git version 2.44.0.windows.1
2025-08-12T12:47:26.6015724Z ##[endgroup]
2025-08-12T12:47:26.6039995Z Temporarily overriding HOME='C:\laragon\www\sapapi\action-runner\_work\_temp\9adac885-5e36-4564-a571-66f2ce74ef4c' before making global git config changes
2025-08-12T12:47:26.6041088Z Adding repository directory to the temporary git global config as a safe directory
2025-08-12T12:47:26.6053465Z [command]"C:\Program Files\Git\cmd\git.exe" config --global --add safe.directory C:\laragon\www\sapapi\action-runner\_work\sapapi\sapapi
2025-08-12T12:47:26.6474017Z [command]"C:\Program Files\Git\cmd\git.exe" config --local --get remote.origin.url
2025-08-12T12:47:26.6735290Z https://github.com/jauharimalik/sapapi
2025-08-12T12:47:26.6778639Z ##[group]Removing previously created refs, to avoid conflicts
2025-08-12T12:47:26.6789721Z [command]"C:\Program Files\Git\cmd\git.exe" rev-parse --symbolic-full-name --verify --quiet HEAD
2025-08-12T12:47:26.7051706Z refs/heads/main
2025-08-12T12:47:26.7091822Z [command]"C:\Program Files\Git\cmd\git.exe" checkout --detach
2025-08-12T12:47:28.7446003Z HEAD is now at b3ce5ba cek
2025-08-12T12:47:29.8582767Z ##[endgroup]
2025-08-12T12:47:29.8584100Z [command]"C:\Program Files\Git\cmd\git.exe" submodule status
2025-08-12T12:47:32.0366278Z ##[error]fatal: no submodule mapping found in .gitmodules for path 'action-runner/_work/sapapi/sapapi'
2025-08-12T12:47:32.1370277Z Bad Submodules found, removing existing files
2025-08-12T12:47:32.1372666Z ##[group]Cleaning the repository
2025-08-12T12:47:32.1374265Z [command]"C:\Program Files\Git\cmd\git.exe" clean -ffdx
2025-08-12T12:47:36.5276851Z Removing node_modules/
2025-08-12T12:47:36.5469394Z [command]"C:\Program Files\Git\cmd\git.exe" reset --hard HEAD
2025-08-12T12:47:36.6238569Z HEAD is now at b3ce5ba cek
2025-08-12T12:47:36.6295367Z ##[endgroup]
2025-08-12T12:47:36.6314019Z ##[warning]Unable to clean or reset the repository. The repository will be recreated instead.
2025-08-12T12:47:36.6316981Z Deleting the contents of 'C:\laragon\www\sapapi\action-runner\_work\sapapi\sapapi'
2025-08-12T12:47:36.8052751Z ##[group]Initializing the repository
2025-08-12T12:47:36.8070248Z [command]"C:\Program Files\Git\cmd\git.exe" init C:\laragon\www\sapapi\action-runner\_work\sapapi\sapapi
2025-08-12T12:47:36.8686029Z Initialized empty Git repository in C:/laragon/www/sapapi/action-runner/_work/sapapi/sapapi/.git/
2025-08-12T12:47:36.8776717Z [command]"C:\Program Files\Git\cmd\git.exe" remote add origin https://github.com/jauharimalik/sapapi
2025-08-12T12:47:36.9706299Z ##[endgroup]
2025-08-12T12:47:36.9707286Z ##[group]Disabling automatic garbage collection
2025-08-12T12:47:36.9708418Z [command]"C:\Program Files\Git\cmd\git.exe" config --local gc.auto 0
2025-08-12T12:47:37.0852854Z ##[endgroup]
2025-08-12T12:47:37.0854195Z ##[group]Setting up auth
2025-08-12T12:47:37.0858131Z [command]"C:\Program Files\Git\cmd\git.exe" config --local --name-only --get-regexp core\.sshCommand
2025-08-12T12:47:37.2697102Z [command]"C:\Program Files\Git\cmd\git.exe" submodule foreach --recursive "sh -c \"git config --local --name-only --get-regexp 'core\.sshCommand' && git config --local --unset-all 'core.sshCommand' || :\""
2025-08-12T12:47:39.2685776Z [command]"C:\Program Files\Git\cmd\git.exe" config --local --name-only --get-regexp http\.https\:\/\/github\.com\/\.extraheader
2025-08-12T12:47:39.3174861Z [command]"C:\Program Files\Git\cmd\git.exe" submodule foreach --recursive "sh -c \"git config --local --name-only --get-regexp 'http\.https\:\/\/github\.com\/\.extraheader' && git config --local --unset-all 'http.https://github.com/.extraheader' || :\""
2025-08-12T12:47:42.0367566Z [command]"C:\Program Files\Git\cmd\git.exe" config --local http.https://github.com/.extraheader "AUTHORIZATION: basic ***"
2025-08-12T12:47:42.1901952Z ##[endgroup]
2025-08-12T12:47:42.1902886Z ##[group]Fetching the repository
2025-08-12T12:47:42.1905191Z [command]"C:\Program Files\Git\cmd\git.exe" -c protocol.version=2 fetch --no-tags --prune --no-recurse-submodules --depth=1 origin +677c6e5bafc1e6af2cc3001bd23e4e8945bf892d:refs/remotes/origin/main
2025-08-12T12:50:35.3670051Z From https://github.com/jauharimalik/sapapi
2025-08-12T12:50:35.3670893Z  * [new ref]         677c6e5bafc1e6af2cc3001bd23e4e8945bf892d -> origin/main
2025-08-12T12:50:35.4762971Z ##[endgroup]
2025-08-12T12:50:35.4763868Z ##[group]Determining the checkout info
2025-08-12T12:50:35.4764768Z ##[endgroup]
2025-08-12T12:50:35.4765457Z [command]"C:\Program Files\Git\cmd\git.exe" sparse-checkout disable
2025-08-12T12:50:35.6099832Z [command]"C:\Program Files\Git\cmd\git.exe" config --local --unset-all extensions.worktreeConfig
2025-08-12T12:50:36.0782865Z ##[group]Checking out the ref
2025-08-12T12:50:36.0784010Z [command]"C:\Program Files\Git\cmd\git.exe" checkout --progress --force -B main refs/remotes/origin/main
2025-08-12T12:50:37.5405193Z Updating files:  49% (272/549)
2025-08-12T12:50:37.6328620Z Updating files:  50% (275/549)
2025-08-12T12:50:37.6510428Z Updating files:  51% (280/549)
2025-08-12T12:50:37.6649966Z Updating files:  52% (286/549)
2025-08-12T12:50:37.7531945Z Updating files:  53% (291/549)
2025-08-12T12:50:37.7659740Z Updating files:  54% (297/549)
2025-08-12T12:50:37.7923760Z Updating files:  55% (302/549)
2025-08-12T12:50:37.8143414Z Updating files:  56% (308/549)
2025-08-12T12:50:37.8364303Z Updating files:  57% (313/549)
2025-08-12T12:50:37.9090544Z Updating files:  58% (319/549)
2025-08-12T12:50:37.9260061Z Updating files:  59% (324/549)
2025-08-12T12:50:37.9673725Z Updating files:  60% (330/549)
2025-08-12T12:50:37.9898874Z Updating files:  61% (335/549)
2025-08-12T12:50:38.0004211Z Updating files:  62% (341/549)
2025-08-12T12:50:38.0204926Z Updating files:  63% (346/549)
2025-08-12T12:50:38.0288792Z Updating files:  64% (352/549)
2025-08-12T12:50:38.0412351Z Updating files:  65% (357/549)
2025-08-12T12:50:38.1286356Z Updating files:  66% (363/549)
2025-08-12T12:50:38.1811845Z Updating files:  67% (368/549)
2025-08-12T12:50:38.1950320Z Updating files:  68% (374/549)
2025-08-12T12:50:38.2215310Z Updating files:  69% (379/549)
2025-08-12T12:50:38.2289214Z Updating files:  70% (385/549)
2025-08-12T12:50:38.3718038Z Updating files:  71% (390/549)
2025-08-12T12:50:38.4162593Z Updating files:  71% (393/549)
2025-08-12T12:50:38.5374976Z Updating files:  72% (396/549)
2025-08-12T12:50:38.5604476Z Updating files:  73% (401/549)
2025-08-12T12:50:38.5694649Z Updating files:  74% (407/549)
2025-08-12T12:50:38.6159496Z Updating files:  75% (412/549)
2025-08-12T12:50:38.6160312Z Updating files:  76% (418/549)
2025-08-12T12:50:38.6210497Z Updating files:  77% (423/549)
2025-08-12T12:50:38.6211780Z Updating files:  78% (429/549)
2025-08-12T12:50:38.7222211Z Updating files:  79% (434/549)
2025-08-12T12:50:38.7223637Z Updating files:  80% (440/549)
2025-08-12T12:50:38.7558505Z Updating files:  81% (445/549)
2025-08-12T12:50:38.7561221Z Updating files:  82% (451/549)
2025-08-12T12:50:38.7665762Z Updating files:  83% (456/549)
2025-08-12T12:50:38.8180264Z Updating files:  84% (462/549)
2025-08-12T12:50:38.8181057Z Updating files:  85% (467/549)
2025-08-12T12:50:38.8181564Z Updating files:  86% (473/549)
2025-08-12T12:50:38.8443398Z Updating files:  87% (478/549)
2025-08-12T12:50:38.9795513Z Updating files:  88% (484/549)
2025-08-12T12:50:39.0560927Z Updating files:  89% (489/549)
2025-08-12T12:50:39.0911421Z Updating files:  90% (495/549)
2025-08-12T12:50:40.2601682Z Updating files:  91% (500/549)
2025-08-12T12:50:40.7780316Z Updating files:  92% (506/549)
2025-08-12T12:50:40.8055484Z Updating files:  92% (508/549)
2025-08-12T12:50:40.8056590Z Updating files:  93% (511/549)
2025-08-12T12:50:40.8143616Z Updating files:  94% (517/549)
2025-08-12T12:50:40.8154022Z Updating files:  95% (522/549)
2025-08-12T12:50:40.8155249Z Updating files:  96% (528/549)
2025-08-12T12:50:40.8235917Z Updating files:  97% (533/549)
2025-08-12T12:50:40.8938844Z Updating files:  98% (539/549)
2025-08-12T12:50:40.9435129Z Updating files:  99% (544/549)
2025-08-12T12:50:40.9436009Z Updating files: 100% (549/549)
2025-08-12T12:50:40.9439927Z Updating files: 100% (549/549), done.
2025-08-12T12:50:41.1641553Z branch 'main' set up to track 'origin/main'.
2025-08-12T12:50:41.1782224Z Switched to a new branch 'main'
2025-08-12T12:50:41.2220831Z ##[endgroup]
2025-08-12T12:50:41.3504144Z [command]"C:\Program Files\Git\cmd\git.exe" log -1 --format=%H
2025-08-12T12:50:41.4700900Z 677c6e5bafc1e6af2cc3001bd23e4e8945bf892d
2025-08-12T12:50:42.1790234Z ##[group]Run echo "C:\Users\PROGRAM-002\AppData\Roaming\npm" | Out-File -FilePath $env:GITHUB_PATH -Append -Encoding utf8
2025-08-12T12:50:42.1792651Z [36;1mecho "C:\Users\PROGRAM-002\AppData\Roaming\npm" | Out-File -FilePath $env:GITHUB_PATH -Append -Encoding utf8[0m
2025-08-12T12:50:42.1853640Z shell: C:\Windows\System32\WindowsPowerShell\v1.0\powershell.EXE -command ". '{0}'"
2025-08-12T12:50:42.1855121Z ##[endgroup]
2025-08-12T12:50:43.8889766Z ##[group]Run npm install -g pm2
2025-08-12T12:50:43.8890853Z [36;1mnpm install -g pm2[0m
2025-08-12T12:50:43.8891669Z [36;1mnpm install[0m
2025-08-12T12:50:43.9104448Z shell: C:\Windows\System32\WindowsPowerShell\v1.0\powershell.EXE -command ". '{0}'"
2025-08-12T12:50:43.9105653Z ##[endgroup]
2025-08-12T12:50:58.2798342Z 
2025-08-12T12:50:58.2798587Z changed 133 packages in 8s
2025-08-12T12:50:58.2799962Z 
2025-08-12T12:50:58.2800528Z 13 packages are looking for funding
2025-08-12T12:50:58.2800898Z   run `npm fund` for details
2025-08-12T12:50:59.7188470Z npm WARN EBADENGINE Unsupported engine {
2025-08-12T12:50:59.7188931Z npm WARN EBADENGINE   package: '@azure/msal-node@1.18.4',
2025-08-12T12:50:59.7190121Z npm WARN EBADENGINE   required: { node: '10 || 12 || 14 || 16 || 18' },
2025-08-12T12:50:59.7191681Z npm WARN EBADENGINE   current: { node: 'v20.11.1', npm: '10.2.4' }
2025-08-12T12:50:59.7192134Z npm WARN EBADENGINE }
2025-08-12T12:51:03.4290246Z npm WARN deprecated @azure/msal-node@1.18.4: A newer major version of this library is available. Please upgrade to the latest available version.
2025-08-12T12:51:16.2079789Z 
2025-08-12T12:51:16.2241494Z added 388 packages, and audited 389 packages in 17s
2025-08-12T12:51:16.2242092Z 
2025-08-12T12:51:16.2532829Z 92 packages are looking for funding
2025-08-12T12:51:16.2560652Z   run `npm fund` for details
2025-08-12T12:51:16.2581143Z 
2025-08-12T12:51:16.2589014Z 4 vulnerabilities (1 low, 3 moderate)
2025-08-12T12:51:16.2659387Z 
2025-08-12T12:51:16.2660307Z To address all issues possible (including breaking changes), run:
2025-08-12T12:51:16.2664893Z   npm audit fix --force
2025-08-12T12:51:16.2665364Z 
2025-08-12T12:51:16.2665765Z Some issues need review, and may require choosing
2025-08-12T12:51:16.2666736Z a different dependency.
2025-08-12T12:51:16.2667190Z 
2025-08-12T12:51:16.2667482Z Run `npm audit` for details.
2025-08-12T12:51:16.4483660Z ##[group]Run pm2 delete all
2025-08-12T12:51:16.4485686Z [36;1mpm2 delete all[0m
2025-08-12T12:51:16.4624317Z shell: C:\Windows\System32\WindowsPowerShell\v1.0\powershell.EXE -command ". '{0}'"
2025-08-12T12:51:16.4625386Z ##[endgroup]
2025-08-12T12:51:17.3384288Z [PM2][Initialization] Environment variable HOME (Linux) or HOMEPATH (Windows) are not set!
2025-08-12T12:51:17.3385380Z [PM2][Initialization] Defaulting to /etc/.pm2
2025-08-12T12:51:18.8440360Z [32m[PM2] [39mApplying action deleteProcessId on app [all](ids: [
2025-08-12T12:51:18.8507975Z   0, 1, 2, 3,
2025-08-12T12:51:18.8607183Z   4, 5, 6
2025-08-12T12:51:18.8607897Z ])
2025-08-12T12:51:19.5179849Z [32m[PM2] [39m[grpo-service](1) ✓
2025-08-12T12:51:19.5193084Z [32m[PM2] [39m[guling-service](2) ✓
2025-08-12T12:51:19.5339073Z [32m[PM2] [39m[prod-service](0) ✓
2025-08-12T12:51:19.5495911Z [32m[PM2] [39m[server-service](6) ✓
2025-08-12T12:51:19.6115989Z [32m[PM2] [39m[retur-service](3) ✓
2025-08-12T12:51:19.6123270Z [32m[PM2] [39m[sto-service](5) ✓
2025-08-12T12:51:19.6295514Z [32m[PM2] [39m[rijek-service](4) ✓
2025-08-12T12:51:19.6383168Z ┌────┬───────────┬─────────────┬─────────┬─────────┬──────────┬────────┬──────┬───────────┬──────────┬──────────┬──────────┬──────────┐
2025-08-12T12:51:19.6386142Z │ id │ name      │ namespace   │ version │ mode    │ pid      │ uptime │ ↺    │ status    │ cpu      │ mem      │ user     │ watching │
2025-08-12T12:51:19.6388908Z └────┴───────────┴─────────────┴─────────┴─────────┴──────────┴────────┴──────┴───────────┴──────────┴──────────┴──────────┴──────────┘
2025-08-12T12:51:19.6876766Z ##[group]Run pm2 start prod.js --name "prod-service" --watch --ignore-watch "node_modules"
2025-08-12T12:51:19.6878212Z [36;1mpm2 start prod.js --name "prod-service" --watch --ignore-watch "node_modules"[0m
2025-08-12T12:51:19.6879423Z [36;1mpm2 start grpo.js --name "grpo-service" --watch --ignore-watch "node_modules"[0m
2025-08-12T12:51:19.6880564Z [36;1mpm2 start guling.js --name "guling-service" --watch --ignore-watch "node_modules"[0m
2025-08-12T12:51:19.6882170Z [36;1mpm2 start retur.js --name "retur-service" --watch --ignore-watch "node_modules"[0m
2025-08-12T12:51:19.6883726Z [36;1mpm2 start rijek.js --name "rijek-service" --watch --ignore-watch "node_modules"[0m
2025-08-12T12:51:19.6885396Z [36;1mpm2 start sto.js --name "sto-service" --watch --ignore-watch "node_modules"[0m
2025-08-12T12:51:19.6886540Z [36;1mpm2 start server.js --name "server-service" --watch --ignore-watch "node_modules"[0m
2025-08-12T12:51:19.6941430Z shell: C:\Windows\System32\WindowsPowerShell\v1.0\powershell.EXE -command ". '{0}'"
2025-08-12T12:51:19.6943445Z ##[endgroup]
2025-08-12T12:51:19.9952674Z [PM2][Initialization] Environment variable HOME (Linux) or HOMEPATH (Windows) are not set!
2025-08-12T12:51:19.9957005Z [PM2][Initialization] Defaulting to /etc/.pm2
2025-08-12T12:51:20.1957393Z [32m[PM2] [39mStarting C:\laragon\www\sapapi\action-runner\_work\sapapi\sapapi\prod.js in fork_mode (1 instance)
2025-08-12T12:51:20.2052094Z [32m[PM2] [39mDone.
2025-08-12T12:51:20.8486986Z ┌────┬─────────────────┬─────────────┬─────────┬─────────┬──────────┬────────┬──────┬───────────┬──────────┬──────────┬──────────┬──────────┐
2025-08-12T12:51:20.8488163Z │ id │ name            │ namespace   │ version │ mode    │ pid      │ uptime │ ↺    │ status    │ cpu      │ mem      │ user     │ watching │
2025-08-12T12:51:20.8489000Z ├────┼─────────────────┼─────────────┼─────────┼─────────┼──────────┼────────┼──────┼───────────┼──────────┼──────────┼──────────┼──────────┤
2025-08-12T12:51:20.8490066Z │ [1m[36m0[39m[22m  │ prod-service    │ default     │ 1.0.0   │ [7m[1mfork[22m[27m    │ 34760    │ 0s     │ 0    │ [32m[1monline[22m[39m    │ 0%       │ 56.1mb   │ [1mSYSTEM[22m   │ [32m[1menabled[22m[39m  │
2025-08-12T12:51:20.8491101Z └────┴─────────────────┴─────────────┴─────────┴─────────┴──────────┴────────┴──────┴───────────┴──────────┴──────────┴──────────┴──────────┘
2025-08-12T12:51:20.9312782Z [PM2][Initialization] Environment variable HOME (Linux) or HOMEPATH (Windows) are not set!
2025-08-12T12:51:20.9318614Z [PM2][Initialization] Defaulting to /etc/.pm2
2025-08-12T12:51:21.3814241Z [32m[PM2] [39mStarting C:\laragon\www\sapapi\action-runner\_work\sapapi\sapapi\grpo.js in fork_mode (1 instance)
2025-08-12T12:51:21.3938585Z [32m[PM2] [39mDone.
2025-08-12T12:51:21.9280498Z ┌────┬─────────────────┬─────────────┬─────────┬─────────┬──────────┬────────┬──────┬───────────┬──────────┬──────────┬──────────┬──────────┐
2025-08-12T12:51:21.9284850Z │ id │ name            │ namespace   │ version │ mode    │ pid      │ uptime │ ↺    │ status    │ cpu      │ mem      │ user     │ watching │
2025-08-12T12:51:21.9287075Z ├────┼─────────────────┼─────────────┼─────────┼─────────┼──────────┼────────┼──────┼───────────┼──────────┼──────────┼──────────┼──────────┤
2025-08-12T12:51:21.9288857Z │ [1m[36m1[39m[22m  │ grpo-service    │ default     │ 1.0.0   │ [7m[1mfork[22m[27m    │ 8436     │ 0s     │ 0    │ [32m[1monline[22m[39m    │ 0%       │ 44.1mb   │ [1mSYSTEM[22m   │ [32m[1menabled[22m[39m  │
2025-08-12T12:51:21.9291111Z │ [1m[36m0[39m[22m  │ prod-service    │ default     │ 1.0.0   │ [7m[1mfork[22m[27m    │ 34760    │ 1s     │ 0    │ [32m[1monline[22m[39m    │ 0%       │ 75.1mb   │ [1mSYSTEM[22m   │ [32m[1menabled[22m[39m  │
2025-08-12T12:51:21.9293206Z └────┴─────────────────┴─────────────┴─────────┴─────────┴──────────┴────────┴──────┴───────────┴──────────┴──────────┴──────────┴──────────┘
2025-08-12T12:51:22.0194560Z [PM2][Initialization] Environment variable HOME (Linux) or HOMEPATH (Windows) are not set!
2025-08-12T12:51:22.0199143Z [PM2][Initialization] Defaulting to /etc/.pm2
2025-08-12T12:51:22.4969461Z [32m[PM2] [39mStarting C:\laragon\www\sapapi\action-runner\_work\sapapi\sapapi\guling.js in fork_mode (1 instance)
2025-08-12T12:51:22.5077910Z [32m[PM2] [39mDone.
2025-08-12T12:51:23.2363627Z ┌────┬───────────────────┬─────────────┬─────────┬─────────┬──────────┬────────┬──────┬───────────┬──────────┬──────────┬──────────┬──────────┐
2025-08-12T12:51:23.2371641Z │ id │ name              │ namespace   │ version │ mode    │ pid      │ uptime │ ↺    │ status    │ cpu      │ mem      │ user     │ watching │
2025-08-12T12:51:23.2375633Z ├────┼───────────────────┼─────────────┼─────────┼─────────┼──────────┼────────┼──────┼───────────┼──────────┼──────────┼──────────┼──────────┤
2025-08-12T12:51:23.2379196Z │ [1m[36m1[39m[22m  │ grpo-service      │ default     │ 1.0.0   │ [7m[1mfork[22m[27m    │ 8436     │ 1s     │ 0    │ [32m[1monline[22m[39m    │ 10.9%    │ 75.2mb   │ [1mSYSTEM[22m   │ [32m[1menabled[22m[39m  │
2025-08-12T12:51:23.2382811Z │ [1m[36m2[39m[22m  │ guling-service    │ default     │ 1.0.0   │ [7m[1mfork[22m[27m    │ 37524    │ 0s     │ 0    │ [32m[1monline[22m[39m    │ 34.4%    │ 44.4mb   │ [1mSYSTEM[22m   │ [32m[1menabled[22m[39m  │
2025-08-12T12:51:23.2385995Z │ [1m[36m0[39m[22m  │ prod-service      │ default     │ 1.0.0   │ [7m[1mfork[22m[27m    │ 34760    │ 3s     │ 0    │ [32m[1monline[22m[39m    │ 0%       │ 75.1mb   │ [1mSYSTEM[22m   │ [32m[1menabled[22m[39m  │
2025-08-12T12:51:23.2388665Z └────┴───────────────────┴─────────────┴─────────┴─────────┴──────────┴────────┴──────┴───────────┴──────────┴──────────┴──────────┴──────────┘
2025-08-12T12:51:23.3247554Z [PM2][Initialization] Environment variable HOME (Linux) or HOMEPATH (Windows) are not set!
2025-08-12T12:51:23.3251938Z [PM2][Initialization] Defaulting to /etc/.pm2
2025-08-12T12:51:23.8016906Z [32m[PM2] [39mStarting C:\laragon\www\sapapi\action-runner\_work\sapapi\sapapi\retur.js in fork_mode (1 instance)
2025-08-12T12:51:23.8133551Z [32m[PM2] [39mDone.
2025-08-12T12:51:24.4900657Z ┌────┬───────────────────┬─────────────┬─────────┬─────────┬──────────┬────────┬──────┬───────────┬──────────┬──────────┬──────────┬──────────┐
2025-08-12T12:51:24.4903234Z │ id │ name              │ namespace   │ version │ mode    │ pid      │ uptime │ ↺    │ status    │ cpu      │ mem      │ user     │ watching │
2025-08-12T12:51:24.4905970Z ├────┼───────────────────┼─────────────┼─────────┼─────────┼──────────┼────────┼──────┼───────────┼──────────┼──────────┼──────────┼──────────┤
2025-08-12T12:51:24.4909150Z │ [1m[36m1[39m[22m  │ grpo-service      │ default     │ 1.0.0   │ [7m[1mfork[22m[27m    │ 8436     │ 3s     │ 0    │ [32m[1monline[22m[39m    │ 0%       │ 75.2mb   │ [1mSYSTEM[22m   │ [32m[1menabled[22m[39m  │
2025-08-12T12:51:24.4911451Z │ [1m[36m2[39m[22m  │ guling-service    │ default     │ 1.0.0   │ [7m[1mfork[22m[27m    │ 37524    │ 1s     │ 0    │ [32m[1monline[22m[39m    │ 0%       │ 75.0mb   │ [1mSYSTEM[22m   │ [32m[1menabled[22m[39m  │
2025-08-12T12:51:24.4912733Z │ [1m[36m0[39m[22m  │ prod-service      │ default     │ 1.0.0   │ [7m[1mfork[22m[27m    │ 34760    │ 4s     │ 0    │ [32m[1monline[22m[39m    │ 0%       │ 75.1mb   │ [1mSYSTEM[22m   │ [32m[1menabled[22m[39m  │
2025-08-12T12:51:24.4913979Z │ [1m[36m3[39m[22m  │ retur-service     │ default     │ 1.0.0   │ [7m[1mfork[22m[27m    │ 9728     │ 0s     │ 0    │ [32m[1monline[22m[39m    │ 0%       │ 47.0mb   │ [1mSYSTEM[22m   │ [32m[1menabled[22m[39m  │
2025-08-12T12:51:24.4915330Z └────┴───────────────────┴─────────────┴─────────┴─────────┴──────────┴────────┴──────┴───────────┴──────────┴──────────┴──────────┴──────────┘
2025-08-12T12:51:24.5765107Z [PM2][Initialization] Environment variable HOME (Linux) or HOMEPATH (Windows) are not set!
2025-08-12T12:51:24.5774191Z [PM2][Initialization] Defaulting to /etc/.pm2
2025-08-12T12:51:25.0972946Z [32m[PM2] [39mStarting C:\laragon\www\sapapi\action-runner\_work\sapapi\sapapi\rijek.js in fork_mode (1 instance)
2025-08-12T12:51:25.1198074Z [32m[PM2] [39mDone.
2025-08-12T12:51:25.6803198Z ┌────┬───────────────────┬─────────────┬─────────┬─────────┬──────────┬────────┬──────┬───────────┬──────────┬──────────┬──────────┬──────────┐
2025-08-12T12:51:25.6804062Z │ id │ name              │ namespace   │ version │ mode    │ pid      │ uptime │ ↺    │ status    │ cpu      │ mem      │ user     │ watching │
2025-08-12T12:51:25.6804919Z ├────┼───────────────────┼─────────────┼─────────┼─────────┼──────────┼────────┼──────┼───────────┼──────────┼──────────┼──────────┼──────────┤
2025-08-12T12:51:25.6806404Z │ [1m[36m1[39m[22m  │ grpo-service      │ default     │ 1.0.0   │ [7m[1mfork[22m[27m    │ 8436     │ 4s     │ 0    │ [32m[1monline[22m[39m    │ 0%       │ 75.2mb   │ [1mSYSTEM[22m   │ [32m[1menabled[22m[39m  │
2025-08-12T12:51:25.6807793Z │ [1m[36m2[39m[22m  │ guling-service    │ default     │ 1.0.0   │ [7m[1mfork[22m[27m    │ 37524    │ 3s     │ 0    │ [32m[1monline[22m[39m    │ 0%       │ 75.1mb   │ [1mSYSTEM[22m   │ [32m[1menabled[22m[39m  │
2025-08-12T12:51:25.6809040Z │ [1m[36m0[39m[22m  │ prod-service      │ default     │ 1.0.0   │ [7m[1mfork[22m[27m    │ 34760    │ 5s     │ 0    │ [32m[1monline[22m[39m    │ 0%       │ 75.1mb   │ [1mSYSTEM[22m   │ [32m[1menabled[22m[39m  │
2025-08-12T12:51:25.6810327Z │ [1m[36m3[39m[22m  │ retur-service     │ default     │ 1.0.0   │ [7m[1mfork[22m[27m    │ 9728     │ 1s     │ 0    │ [32m[1monline[22m[39m    │ 0%       │ 75.3mb   │ [1mSYSTEM[22m   │ [32m[1menabled[22m[39m  │
2025-08-12T12:51:25.6812525Z │ [1m[36m4[39m[22m  │ rijek-service     │ default     │ 1.0.0   │ [7m[1mfork[22m[27m    │ 19308    │ 0s     │ 0    │ [32m[1monline[22m[39m    │ 0%       │ 45.9mb   │ [1mSYSTEM[22m   │ [32m[1menabled[22m[39m  │
2025-08-12T12:51:25.6815221Z └────┴───────────────────┴─────────────┴─────────┴─────────┴──────────┴────────┴──────┴───────────┴──────────┴──────────┴──────────┴──────────┘
2025-08-12T12:51:25.7653945Z [PM2][Initialization] Environment variable HOME (Linux) or HOMEPATH (Windows) are not set!
2025-08-12T12:51:25.7658522Z [PM2][Initialization] Defaulting to /etc/.pm2
2025-08-12T12:51:26.2092189Z [32m[PM2] [39mStarting C:\laragon\www\sapapi\action-runner\_work\sapapi\sapapi\sto.js in fork_mode (1 instance)
2025-08-12T12:51:26.2208929Z [32m[PM2] [39mDone.
2025-08-12T12:51:26.7314284Z ┌────┬───────────────────┬─────────────┬─────────┬─────────┬──────────┬────────┬──────┬───────────┬──────────┬──────────┬──────────┬──────────┐
2025-08-12T12:51:26.7316670Z │ id │ name              │ namespace   │ version │ mode    │ pid      │ uptime │ ↺    │ status    │ cpu      │ mem      │ user     │ watching │
2025-08-12T12:51:26.7320374Z ├────┼───────────────────┼─────────────┼─────────┼─────────┼──────────┼────────┼──────┼───────────┼──────────┼──────────┼──────────┼──────────┤
2025-08-12T12:51:26.7323099Z │ [1m[36m1[39m[22m  │ grpo-service      │ default     │ 1.0.0   │ [7m[1mfork[22m[27m    │ 8436     │ 5s     │ 0    │ [32m[1monline[22m[39m    │ 0%       │ 75.2mb   │ [1mSYSTEM[22m   │ [32m[1menabled[22m[39m  │
2025-08-12T12:51:26.7327800Z │ [1m[36m2[39m[22m  │ guling-service    │ default     │ 1.0.0   │ [7m[1mfork[22m[27m    │ 37524    │ 4s     │ 0    │ [32m[1monline[22m[39m    │ 0%       │ 75.1mb   │ [1mSYSTEM[22m   │ [32m[1menabled[22m[39m  │
2025-08-12T12:51:26.7331859Z │ [1m[36m0[39m[22m  │ prod-service      │ default     │ 1.0.0   │ [7m[1mfork[22m[27m    │ 34760    │ 6s     │ 0    │ [32m[1monline[22m[39m    │ 0%       │ 75.1mb   │ [1mSYSTEM[22m   │ [32m[1menabled[22m[39m  │
2025-08-12T12:51:26.7335743Z │ [1m[36m3[39m[22m  │ retur-service     │ default     │ 1.0.0   │ [7m[1mfork[22m[27m    │ 9728     │ 2s     │ 0    │ [32m[1monline[22m[39m    │ 0%       │ 75.3mb   │ [1mSYSTEM[22m   │ [32m[1menabled[22m[39m  │
2025-08-12T12:51:26.7339116Z │ [1m[36m4[39m[22m  │ rijek-service     │ default     │ 1.0.0   │ [7m[1mfork[22m[27m    │ 19308    │ 1s     │ 0    │ [32m[1monline[22m[39m    │ 0%       │ 75.4mb   │ [1mSYSTEM[22m   │ [32m[1menabled[22m[39m  │
2025-08-12T12:51:26.7342471Z │ [1m[36m5[39m[22m  │ sto-service       │ default     │ 1.0.0   │ [7m[1mfork[22m[27m    │ 15712    │ 0s     │ 0    │ [32m[1monline[22m[39m    │ 0%       │ 46.6mb   │ [1mSYSTEM[22m   │ [32m[1menabled[22m[39m  │
2025-08-12T12:51:26.7344615Z └────┴───────────────────┴─────────────┴─────────┴─────────┴──────────┴────────┴──────┴───────────┴──────────┴──────────┴──────────┴──────────┘
2025-08-12T12:51:26.8289815Z [PM2][Initialization] Environment variable HOME (Linux) or HOMEPATH (Windows) are not set!
2025-08-12T12:51:26.8294417Z [PM2][Initialization] Defaulting to /etc/.pm2
2025-08-12T12:51:27.3318315Z [32m[PM2] [39mStarting C:\laragon\www\sapapi\action-runner\_work\sapapi\sapapi\server.js in fork_mode (1 instance)
2025-08-12T12:51:27.3434963Z [32m[PM2] [39mDone.
2025-08-12T12:51:28.0582947Z ┌────┬───────────────────┬─────────────┬─────────┬─────────┬──────────┬────────┬──────┬───────────┬──────────┬──────────┬──────────┬──────────┐
2025-08-12T12:51:28.0583929Z │ id │ name              │ namespace   │ version │ mode    │ pid      │ uptime │ ↺    │ status    │ cpu      │ mem      │ user     │ watching │
2025-08-12T12:51:28.0584786Z ├────┼───────────────────┼─────────────┼─────────┼─────────┼──────────┼────────┼──────┼───────────┼──────────┼──────────┼──────────┼──────────┤
2025-08-12T12:51:28.0585944Z │ [1m[36m1[39m[22m  │ grpo-service      │ default     │ 1.0.0   │ [7m[1mfork[22m[27m    │ 8436     │ 6s     │ 0    │ [32m[1monline[22m[39m    │ 0%       │ 75.2mb   │ [1mSYSTEM[22m   │ [32m[1menabled[22m[39m  │
2025-08-12T12:51:28.0588551Z │ [1m[36m2[39m[22m  │ guling-service    │ default     │ 1.0.0   │ [7m[1mfork[22m[27m    │ 37524    │ 5s     │ 0    │ [32m[1monline[22m[39m    │ 0%       │ 75.1mb   │ [1mSYSTEM[22m   │ [32m[1menabled[22m[39m  │
2025-08-12T12:51:28.0591283Z │ [1m[36m0[39m[22m  │ prod-service      │ default     │ 1.0.0   │ [7m[1mfork[22m[27m    │ 34760    │ 7s     │ 0    │ [32m[1monline[22m[39m    │ 0%       │ 75.1mb   │ [1mSYSTEM[22m   │ [32m[1menabled[22m[39m  │
2025-08-12T12:51:28.0592673Z │ [1m[36m3[39m[22m  │ retur-service     │ default     │ 1.0.0   │ [7m[1mfork[22m[27m    │ 9728     │ 4s     │ 0    │ [32m[1monline[22m[39m    │ 0%       │ 75.3mb   │ [1mSYSTEM[22m   │ [32m[1menabled[22m[39m  │
2025-08-12T12:51:28.0594656Z │ [1m[36m4[39m[22m  │ rijek-service     │ default     │ 1.0.0   │ [7m[1mfork[22m[27m    │ 19308    │ 2s     │ 0    │ [32m[1monline[22m[39m    │ 0%       │ 76.0mb   │ [1mSYSTEM[22m   │ [32m[1menabled[22m[39m  │
2025-08-12T12:51:28.0596255Z │ [1m[36m6[39m[22m  │ server-service    │ default     │ 1.0.0   │ [7m[1mfork[22m[27m    │ 14756    │ 0s     │ 0    │ [32m[1monline[22m[39m    │ 0%       │ 44.5mb   │ [1mSYSTEM[22m   │ [32m[1menabled[22m[39m  │
2025-08-12T12:51:28.0598231Z │ [1m[36m5[39m[22m  │ sto-service       │ default     │ 1.0.0   │ [7m[1mfork[22m[27m    │ 15712    │ 1s     │ 0    │ [32m[1monline[22m[39m    │ 0%       │ 75.4mb   │ [1mSYSTEM[22m   │ [32m[1menabled[22m[39m  │
2025-08-12T12:51:28.0600059Z └────┴───────────────────┴─────────────┴─────────┴─────────┴──────────┴────────┴──────┴───────────┴──────────┴──────────┴──────────┴──────────┘
2025-08-12T12:51:28.1087826Z ##[group]Run pm2 save
2025-08-12T12:51:28.1088394Z [36;1mpm2 save[0m
2025-08-12T12:51:28.1196194Z shell: C:\Windows\System32\WindowsPowerShell\v1.0\powershell.EXE -command ". '{0}'"
2025-08-12T12:51:28.1197082Z ##[endgroup]
2025-08-12T12:51:28.5084743Z [PM2][Initialization] Environment variable HOME (Linux) or HOMEPATH (Windows) are not set!
2025-08-12T12:51:28.5089897Z [PM2][Initialization] Defaulting to /etc/.pm2
2025-08-12T12:51:28.7385047Z [32m[PM2] [39mSaving current process list...
2025-08-12T12:51:28.9957711Z [32m[PM2] [39mSuccessfully saved in C:\etc\.pm2\dump.pm2
2025-08-12T12:51:29.0446983Z ##[group]Run pm2 list
2025-08-12T12:51:29.0447640Z [36;1mpm2 list[0m
2025-08-12T12:51:29.0557193Z shell: C:\Windows\System32\WindowsPowerShell\v1.0\powershell.EXE -command ". '{0}'"
2025-08-12T12:51:29.0558118Z ##[endgroup]
2025-08-12T12:51:29.3928056Z [PM2][Initialization] Environment variable HOME (Linux) or HOMEPATH (Windows) are not set!
2025-08-12T12:51:29.3933416Z [PM2][Initialization] Defaulting to /etc/.pm2
2025-08-12T12:51:30.0251609Z ┌────┬───────────────────┬─────────────┬─────────┬─────────┬──────────┬────────┬──────┬───────────┬──────────┬──────────┬──────────┬──────────┐
2025-08-12T12:51:30.0252559Z │ id │ name              │ namespace   │ version │ mode    │ pid      │ uptime │ ↺    │ status    │ cpu      │ mem      │ user     │ watching │
2025-08-12T12:51:30.0253414Z ├────┼───────────────────┼─────────────┼─────────┼─────────┼──────────┼────────┼──────┼───────────┼──────────┼──────────┼──────────┼──────────┤
2025-08-12T12:51:30.0254628Z │ [1m[36m1[39m[22m  │ grpo-service      │ default     │ 1.0.0   │ [7m[1mfork[22m[27m    │ 8436     │ 8s     │ 0    │ [32m[1monline[22m[39m    │ 0%       │ 75.2mb   │ [1mSYSTEM[22m   │ [32m[1menabled[22m[39m  │
2025-08-12T12:51:30.0256610Z │ [1m[36m2[39m[22m  │ guling-service    │ default     │ 1.0.0   │ [7m[1mfork[22m[27m    │ 37524    │ 7s     │ 0    │ [32m[1monline[22m[39m    │ 0%       │ 75.1mb   │ [1mSYSTEM[22m   │ [32m[1menabled[22m[39m  │
2025-08-12T12:51:30.0258557Z │ [1m[36m0[39m[22m  │ prod-service      │ default     │ 1.0.0   │ [7m[1mfork[22m[27m    │ 34760    │ 9s     │ 0    │ [32m[1monline[22m[39m    │ 0%       │ 59.7mb   │ [1mSYSTEM[22m   │ [32m[1menabled[22m[39m  │
2025-08-12T12:51:30.0259899Z │ [1m[36m3[39m[22m  │ retur-service     │ default     │ 1.0.0   │ [7m[1mfork[22m[27m    │ 9728     │ 6s     │ 0    │ [32m[1monline[22m[39m    │ 0%       │ 75.3mb   │ [1mSYSTEM[22m   │ [32m[1menabled[22m[39m  │
2025-08-12T12:51:30.0261394Z │ [1m[36m4[39m[22m  │ rijek-service     │ default     │ 1.0.0   │ [7m[1mfork[22m[27m    │ 19308    │ 4s     │ 0    │ [32m[1monline[22m[39m    │ 0%       │ 76.0mb   │ [1mSYSTEM[22m   │ [32m[1menabled[22m[39m  │
2025-08-12T12:51:30.0262728Z │ [1m[36m6[39m[22m  │ server-service    │ default     │ 1.0.0   │ [7m[1mfork[22m[27m    │ 14756    │ 2s     │ 0    │ [32m[1monline[22m[39m    │ 0%       │ 75.6mb   │ [1mSYSTEM[22m   │ [32m[1menabled[22m[39m  │
2025-08-12T12:51:30.0264847Z │ [1m[36m5[39m[22m  │ sto-service       │ default     │ 1.0.0   │ [7m[1mfork[22m[27m    │ 15712    │ 3s     │ 0    │ [32m[1monline[22m[39m    │ 0%       │ 75.3mb   │ [1mSYSTEM[22m   │ [32m[1menabled[22m[39m  │
2025-08-12T12:51:30.0266762Z └────┴───────────────────┴─────────────┴─────────┴─────────┴──────────┴────────┴──────┴───────────┴──────────┴──────────┴──────────┴──────────┘
2025-08-12T12:51:30.0683728Z Post job cleanup.
2025-08-12T12:51:30.2528713Z [command]"C:\Program Files\Git\cmd\git.exe" version
2025-08-12T12:51:30.2791347Z git version 2.44.0.windows.1
2025-08-12T12:51:30.2879547Z Temporarily overriding HOME='C:\laragon\www\sapapi\action-runner\_work\_temp\c9c1c93a-cfde-4966-a6ce-700ca233f1a1' before making global git config changes
2025-08-12T12:51:30.2880529Z Adding repository directory to the temporary git global config as a safe directory
2025-08-12T12:51:30.2894105Z [command]"C:\Program Files\Git\cmd\git.exe" config --global --add safe.directory C:\laragon\www\sapapi\action-runner\_work\sapapi\sapapi
2025-08-12T12:51:30.3222482Z [command]"C:\Program Files\Git\cmd\git.exe" config --local --name-only --get-regexp core\.sshCommand
2025-08-12T12:51:30.3522476Z [command]"C:\Program Files\Git\cmd\git.exe" submodule foreach --recursive "sh -c \"git config --local --name-only --get-regexp 'core\.sshCommand' && git config --local --unset-all 'core.sshCommand' || :\""
2025-08-12T12:51:31.1295737Z fatal: No url found for submodule path 'action-runner/_work/sapapi/sapapi' in .gitmodules
2025-08-12T12:51:31.1632329Z ##[warning]The process 'C:\Program Files\Git\cmd\git.exe' failed with exit code 128
2025-08-12T12:51:31.1780897Z Cleaning up orphan processes
2025-08-12T12:51:31.2117937Z Terminate orphan process: pid (23344) (vctip)
2025-08-12T12:51:31.2279287Z Terminate orphan process: pid (34760) (node)
2025-08-12T12:51:31.2458480Z Terminate orphan process: pid (8436) (node)
2025-08-12T12:51:31.2734525Z Terminate orphan process: pid (37524) (node)
2025-08-12T12:51:31.2979811Z Terminate orphan process: pid (9728) (node)
2025-08-12T12:51:31.3211748Z Terminate orphan process: pid (19308) (node)
2025-08-12T12:51:31.3488736Z Terminate orphan process: pid (15712) (node)
2025-08-12T12:51:31.3775103Z Terminate orphan process: pid (14756) (node)
