[2025-08-14 09:12:08Z INFO HostContext] No proxy settings were found based on environmental variables (http_proxy/https_proxy/HTTP_PROXY/HTTPS_PROXY)
[2025-08-14 09:12:08Z INFO HostContext] Well known directory 'Bin': 'C:\laragon\www\sapapi\actions-runner\bin'
[2025-08-14 09:12:08Z INFO HostContext] Well known directory 'Root': 'C:\laragon\www\sapapi\actions-runner'
[2025-08-14 09:12:08Z INFO HostContext] Well known config file 'Credentials': 'C:\laragon\www\sapapi\actions-runner\.credentials'
[2025-08-14 09:12:08Z INFO HostContext] Well known directory 'Bin': 'C:\laragon\www\sapapi\actions-runner\bin'
[2025-08-14 09:12:08Z INFO HostContext] Well known directory 'Root': 'C:\laragon\www\sapapi\actions-runner'
[2025-08-14 09:12:08Z INFO HostContext] Well known config file 'Runner': 'C:\laragon\www\sapapi\actions-runner\.runner'
[2025-08-14 09:12:08Z INFO Listener] Runner is built for Windows (X64) - win-x64.
[2025-08-14 09:12:08Z INFO Listener] RuntimeInformation: Microsoft Windows 10.0.19045.
[2025-08-14 09:12:08Z INFO Listener] Version: 2.327.1
[2025-08-14 09:12:08Z INFO Listener] Commit: 9513afd82fbc900d13362cdd4fcdab0538f5124e
[2025-08-14 09:12:08Z INFO Listener] Culture: en-US
[2025-08-14 09:12:08Z INFO Listener] UI Culture: en-US
[2025-08-14 09:12:08Z INFO HostContext] Well known directory 'Bin': 'C:\laragon\www\sapapi\actions-runner\bin'
[2025-08-14 09:12:08Z INFO HostContext] Well known directory 'Root': 'C:\laragon\www\sapapi\actions-runner'
[2025-08-14 09:12:08Z INFO Listener] Validating directory permissions for: 'C:\laragon\www\sapapi\actions-runner'
[2025-08-14 09:12:08Z INFO CommandLineParser] Parse
[2025-08-14 09:12:08Z INFO CommandLineParser] Parsing 3 args
[2025-08-14 09:12:08Z INFO CommandLineParser] parsing argument
[2025-08-14 09:12:08Z INFO CommandLineParser] HasArgs: False
[2025-08-14 09:12:08Z INFO CommandLineParser] Adding Command: run
[2025-08-14 09:12:08Z INFO CommandLineParser] parsing argument
[2025-08-14 09:12:08Z INFO CommandLineParser] HasArgs: True
[2025-08-14 09:12:08Z INFO CommandLineParser] arg: startuptype
[2025-08-14 09:12:08Z INFO CommandLineParser] parsing argument
[2025-08-14 09:12:08Z INFO CommandLineParser] HasArgs: True
[2025-08-14 09:12:08Z INFO CommandLineParser] Adding option 'startuptype': 'service'
[2025-08-14 09:12:08Z INFO Listener] Arguments parsed
[2025-08-14 09:12:08Z INFO Runner] ExecuteCommand
[2025-08-14 09:12:08Z INFO ConfigurationStore] currentAssemblyLocation: C:\laragon\www\sapapi\actions-runner\bin\Runner.Listener.dll
[2025-08-14 09:12:08Z INFO HostContext] Well known directory 'Bin': 'C:\laragon\www\sapapi\actions-runner\bin'
[2025-08-14 09:12:08Z INFO ConfigurationStore] binPath: C:\laragon\www\sapapi\actions-runner\bin
[2025-08-14 09:12:08Z INFO HostContext] Well known directory 'Bin': 'C:\laragon\www\sapapi\actions-runner\bin'
[2025-08-14 09:12:08Z INFO HostContext] Well known directory 'Root': 'C:\laragon\www\sapapi\actions-runner'
[2025-08-14 09:12:08Z INFO ConfigurationStore] RootFolder: C:\laragon\www\sapapi\actions-runner
[2025-08-14 09:12:08Z INFO HostContext] Well known directory 'Bin': 'C:\laragon\www\sapapi\actions-runner\bin'
[2025-08-14 09:12:08Z INFO HostContext] Well known directory 'Root': 'C:\laragon\www\sapapi\actions-runner'
[2025-08-14 09:12:08Z INFO HostContext] Well known config file 'Runner': 'C:\laragon\www\sapapi\actions-runner\.runner'
[2025-08-14 09:12:08Z INFO ConfigurationStore] ConfigFilePath: C:\laragon\www\sapapi\actions-runner\.runner
[2025-08-14 09:12:08Z INFO HostContext] Well known directory 'Bin': 'C:\laragon\www\sapapi\actions-runner\bin'
[2025-08-14 09:12:08Z INFO HostContext] Well known directory 'Root': 'C:\laragon\www\sapapi\actions-runner'
[2025-08-14 09:12:08Z INFO HostContext] Well known config file 'MigratedRunner': 'C:\laragon\www\sapapi\actions-runner\.runner_migrated'
[2025-08-14 09:12:08Z INFO ConfigurationStore] MigratedConfigFilePath: C:\laragon\www\sapapi\actions-runner\.runner_migrated
[2025-08-14 09:12:08Z INFO HostContext] Well known directory 'Bin': 'C:\laragon\www\sapapi\actions-runner\bin'
[2025-08-14 09:12:08Z INFO HostContext] Well known directory 'Root': 'C:\laragon\www\sapapi\actions-runner'
[2025-08-14 09:12:08Z INFO HostContext] Well known config file 'Credentials': 'C:\laragon\www\sapapi\actions-runner\.credentials'
[2025-08-14 09:12:08Z INFO ConfigurationStore] CredFilePath: C:\laragon\www\sapapi\actions-runner\.credentials
[2025-08-14 09:12:08Z INFO HostContext] Well known directory 'Bin': 'C:\laragon\www\sapapi\actions-runner\bin'
[2025-08-14 09:12:08Z INFO HostContext] Well known directory 'Root': 'C:\laragon\www\sapapi\actions-runner'
[2025-08-14 09:12:08Z INFO HostContext] Well known config file 'MigratedCredentials': 'C:\laragon\www\sapapi\actions-runner\.credentials_migrated'
[2025-08-14 09:12:08Z INFO ConfigurationStore] MigratedCredFilePath: C:\laragon\www\sapapi\actions-runner\.credentials_migrated
[2025-08-14 09:12:08Z INFO HostContext] Well known directory 'Bin': 'C:\laragon\www\sapapi\actions-runner\bin'
[2025-08-14 09:12:08Z INFO HostContext] Well known directory 'Root': 'C:\laragon\www\sapapi\actions-runner'
[2025-08-14 09:12:08Z INFO HostContext] Well known config file 'Service': 'C:\laragon\www\sapapi\actions-runner\.service'
[2025-08-14 09:12:08Z INFO ConfigurationStore] ServiceConfigFilePath: C:\laragon\www\sapapi\actions-runner\.service
[2025-08-14 09:12:08Z INFO CommandSettings] Flag 'help': 'False'
[2025-08-14 09:12:08Z INFO CommandSettings] Flag 'version': 'False'
[2025-08-14 09:12:08Z INFO CommandSettings] Flag 'commit': 'False'
[2025-08-14 09:12:08Z INFO CommandSettings] Flag 'check': 'False'
[2025-08-14 09:12:08Z INFO CommandSettings] Command 'configure': 'False'
[2025-08-14 09:12:08Z INFO CommandSettings] Command 'remove': 'False'
[2025-08-14 09:12:08Z INFO CommandSettings] Command 'warmup': 'False'
[2025-08-14 09:12:08Z INFO ConfigurationManager] LoadSettings
[2025-08-14 09:12:08Z INFO ConfigurationStore] IsConfigured()
[2025-08-14 09:12:08Z INFO ConfigurationStore] IsConfigured: True
[2025-08-14 09:12:08Z INFO ConfigurationManager] Is configured: True
[2025-08-14 09:12:08Z INFO ConfigurationStore] Read setting file: 386 chars
[2025-08-14 09:12:08Z INFO ConfigurationManager] Settings Loaded
[2025-08-14 09:12:08Z INFO ConfigurationStore] IsServiceConfigured()
[2025-08-14 09:12:08Z INFO ConfigurationStore] IsServiceConfigured: True
[2025-08-14 09:12:08Z INFO CommandSettings] Command 'run': 'True'
[2025-08-14 09:12:08Z INFO ConfigurationStore] IsConfigured()
[2025-08-14 09:12:08Z INFO ConfigurationStore] IsConfigured: True
[2025-08-14 09:12:08Z INFO ConfigurationManager] Is configured: True
[2025-08-14 09:12:08Z INFO Runner] Set runner startup type - Service
[2025-08-14 09:12:08Z INFO CommandSettings] Flag 'once': 'False'
[2025-08-14 09:12:08Z INFO CommandSettings] Flag 'once': 'False'
[2025-08-14 09:12:08Z INFO Runner] RunAsync
[2025-08-14 09:12:08Z INFO ConfigurationManager] LoadMigratedSettings
[2025-08-14 09:12:08Z INFO ConfigurationStore] IsMigratedConfigured()
[2025-08-14 09:12:08Z INFO ConfigurationStore] IsMigratedConfigured: False
[2025-08-14 09:12:08Z INFO Runner] Failed to load migrated settings: No migrated configuration found.
[2025-08-14 09:12:08Z INFO Runner] Falling back to original .runner settings
[2025-08-14 09:12:08Z INFO Runner] Using BrokerMessageListener
[2025-08-14 09:12:08Z INFO BrokerMessageListener] Using provided settings
[2025-08-14 09:12:08Z INFO BrokerMessageListener] {
  "AgentId": 22,
  "AgentName": "JO",
  "PoolId": 1,
  "PoolName": "Default",
  "ServerUrl": "https://pipelinesghubeus26.actions.githubusercontent.com/OTqsuixwcDOeboiI5ELPh9vt0loVA9erSQMzHOLYofkfIDGeBX/",
  "GitHubUrl": "https://github.com/jauharimalik/sapapi",
  "WorkFolder": "_work",
  "UseV2Flow": true,
  "ServerUrlV2": "https://broker.actions.githubusercontent.com/"
}
[2025-08-14 09:12:08Z INFO BrokerMessageListener] Loading Credentials
[2025-08-14 09:12:08Z INFO ConfigurationStore] HasCredentials()
[2025-08-14 09:12:08Z INFO ConfigurationStore] stored True
[2025-08-14 09:12:08Z INFO CredentialManager] GetCredentialProvider
[2025-08-14 09:12:08Z INFO CredentialManager] Creating type OAuth
[2025-08-14 09:12:08Z INFO CredentialManager] Creating credential type: OAuth
[2025-08-14 09:12:08Z INFO HostContext] Well known directory 'Bin': 'C:\laragon\www\sapapi\actions-runner\bin'
[2025-08-14 09:12:08Z INFO HostContext] Well known directory 'Root': 'C:\laragon\www\sapapi\actions-runner'
[2025-08-14 09:12:08Z INFO HostContext] Well known config file 'RSACredentials': 'C:\laragon\www\sapapi\actions-runner\.credentials_rsaparams'
[2025-08-14 09:12:08Z INFO RSAEncryptedFileKeyManager] Loading RSA key parameters from file C:\laragon\www\sapapi\actions-runner\.credentials_rsaparams
[2025-08-14 09:12:08Z INFO BrokerMessageListener] Attempt to create session.
[2025-08-14 09:12:08Z INFO BrokerMessageListener] Connecting to the Broker Server...
[2025-08-14 09:12:08Z INFO ConfigurationStore] HasCredentials()
[2025-08-14 09:12:08Z INFO ConfigurationStore] stored True
[2025-08-14 09:12:08Z INFO CredentialManager] GetCredentialProvider
[2025-08-14 09:12:08Z INFO CredentialManager] Creating type OAuth
[2025-08-14 09:12:08Z INFO CredentialManager] Creating credential type: OAuth
[2025-08-14 09:12:08Z INFO RSAEncryptedFileKeyManager] Loading RSA key parameters from file C:\laragon\www\sapapi\actions-runner\.credentials_rsaparams
[2025-08-14 09:12:08Z INFO BrokerMessageListener] VssConnection created
[2025-08-14 09:12:08Z INFO BrokerMessageListener] Connecting to the Runner server...
[2025-08-14 09:12:08Z INFO RunnerServer] EstablishVssConnection
[2025-08-14 09:12:08Z INFO RunnerServer] Establish connection with 100 seconds timeout.
[2025-08-14 09:12:08Z INFO GitHubActionsService] Starting operation Location.GetConnectionData
[2025-08-14 09:12:08Z INFO RunnerServer] EstablishVssConnection
[2025-08-14 09:12:08Z INFO RunnerServer] Establish connection with 60 seconds timeout.
[2025-08-14 09:12:08Z INFO GitHubActionsService] Starting operation Location.GetConnectionData
[2025-08-14 09:12:08Z INFO RunnerServer] EstablishVssConnection
[2025-08-14 09:12:08Z INFO RunnerServer] Establish connection with 60 seconds timeout.
[2025-08-14 09:12:08Z INFO GitHubActionsService] Starting operation Location.GetConnectionData
[2025-08-14 09:12:09Z INFO GitHubActionsService] Finished operation Location.GetConnectionData
[2025-08-14 09:12:09Z INFO GitHubActionsService] Finished operation Location.GetConnectionData
[2025-08-14 09:12:09Z INFO GitHubActionsService] Finished operation Location.GetConnectionData
[2025-08-14 09:12:09Z INFO BrokerMessageListener] VssConnection created
[2025-08-14 09:12:09Z INFO Terminal] WRITE LINE: 
[2025-08-14 09:12:09Z INFO Terminal] WRITE LINE: 
[2025-08-14 09:12:09Z INFO RSAEncryptedFileKeyManager] Loading RSA key parameters from file C:\laragon\www\sapapi\actions-runner\.credentials_rsaparams
[2025-08-14 09:12:09Z INFO RSAEncryptedFileKeyManager] Loading RSA key parameters from file C:\laragon\www\sapapi\actions-runner\.credentials_rsaparams
[2025-08-14 09:12:10Z INFO GitHubActionsService] AAD Correlation ID for this token request: Unknown
[2025-08-14 09:12:12Z ERR  GitHubActionsService] POST request to https://broker.actions.githubusercontent.com/session failed. HTTP Status: Conflict
[2025-08-14 09:12:12Z ERR  BrokerMessageListener] Catch exception during create session.
[2025-08-14 09:12:12Z ERR  BrokerMessageListener] GitHub.DistributedTask.WebApi.TaskAgentSessionConflictException: Error: Conflict
   at GitHub.Actions.RunService.WebApi.BrokerHttpClient.CreateSessionAsync(TaskAgentSession session, CancellationToken cancellationToken)
   at GitHub.Runner.Common.BrokerServer.CreateSessionAsync(TaskAgentSession session, CancellationToken cancellationToken)
   at GitHub.Runner.Listener.BrokerMessageListener.CreateSessionAsync(CancellationToken token)
[2025-08-14 09:12:12Z INFO BrokerMessageListener] The session for this runner already exists.
[2025-08-14 09:12:12Z ERR  Terminal] WRITE ERROR: A session for this runner already exists.
[2025-08-14 09:12:12Z INFO BrokerMessageListener] The session conflict exception haven't reached retry limit.
[2025-08-14 09:12:12Z ERR  Terminal] WRITE ERROR: 2025-08-14 09:12:12Z: Runner connect error: Error: Conflict. Retrying until reconnected.
[2025-08-14 09:12:12Z INFO BrokerMessageListener] Sleeping for 30 seconds before retrying.
[2025-08-14 09:12:42Z INFO BrokerMessageListener] Attempt to create session.
[2025-08-14 09:12:42Z INFO BrokerMessageListener] Connecting to the Broker Server...
[2025-08-14 09:12:42Z INFO ConfigurationStore] HasCredentials()
[2025-08-14 09:12:42Z INFO ConfigurationStore] stored True
[2025-08-14 09:12:42Z INFO CredentialManager] GetCredentialProvider
[2025-08-14 09:12:42Z INFO CredentialManager] Creating type OAuth
[2025-08-14 09:12:42Z INFO CredentialManager] Creating credential type: OAuth
[2025-08-14 09:12:42Z INFO RSAEncryptedFileKeyManager] Loading RSA key parameters from file C:\laragon\www\sapapi\actions-runner\.credentials_rsaparams
[2025-08-14 09:12:42Z INFO BrokerMessageListener] VssConnection created
[2025-08-14 09:12:42Z INFO BrokerMessageListener] Connecting to the Runner server...
[2025-08-14 09:12:42Z INFO RunnerServer] EstablishVssConnection
[2025-08-14 09:12:42Z INFO RunnerServer] Establish connection with 100 seconds timeout.
[2025-08-14 09:12:42Z INFO GitHubActionsService] Starting operation Location.GetConnectionData
[2025-08-14 09:12:42Z INFO RunnerServer] EstablishVssConnection
[2025-08-14 09:12:42Z INFO RunnerServer] Establish connection with 60 seconds timeout.
[2025-08-14 09:12:42Z INFO GitHubActionsService] Starting operation Location.GetConnectionData
[2025-08-14 09:12:42Z INFO RunnerServer] EstablishVssConnection
[2025-08-14 09:12:42Z INFO RunnerServer] Establish connection with 60 seconds timeout.
[2025-08-14 09:12:42Z INFO GitHubActionsService] Starting operation Location.GetConnectionData
[2025-08-14 09:12:43Z INFO GitHubActionsService] Finished operation Location.GetConnectionData
[2025-08-14 09:12:43Z INFO GitHubActionsService] Finished operation Location.GetConnectionData
[2025-08-14 09:12:43Z INFO GitHubActionsService] Finished operation Location.GetConnectionData
[2025-08-14 09:12:43Z INFO BrokerMessageListener] VssConnection created
[2025-08-14 09:12:43Z INFO Terminal] WRITE LINE: 
[2025-08-14 09:12:43Z INFO Terminal] WRITE LINE: 
[2025-08-14 09:12:43Z INFO RSAEncryptedFileKeyManager] Loading RSA key parameters from file C:\laragon\www\sapapi\actions-runner\.credentials_rsaparams
[2025-08-14 09:12:43Z INFO RSAEncryptedFileKeyManager] Loading RSA key parameters from file C:\laragon\www\sapapi\actions-runner\.credentials_rsaparams
[2025-08-14 09:12:44Z INFO GitHubActionsService] AAD Correlation ID for this token request: Unknown
[2025-08-14 09:12:45Z ERR  GitHubActionsService] POST request to https://broker.actions.githubusercontent.com/session failed. HTTP Status: Conflict
[2025-08-14 09:12:45Z ERR  BrokerMessageListener] Catch exception during create session.
[2025-08-14 09:12:45Z ERR  BrokerMessageListener] GitHub.DistributedTask.WebApi.TaskAgentSessionConflictException: Error: Conflict
   at GitHub.Actions.RunService.WebApi.BrokerHttpClient.CreateSessionAsync(TaskAgentSession session, CancellationToken cancellationToken)
   at GitHub.Runner.Common.BrokerServer.CreateSessionAsync(TaskAgentSession session, CancellationToken cancellationToken)
   at GitHub.Runner.Listener.BrokerMessageListener.CreateSessionAsync(CancellationToken token)
[2025-08-14 09:12:45Z INFO BrokerMessageListener] The session for this runner already exists.
[2025-08-14 09:12:45Z ERR  Terminal] WRITE ERROR: A session for this runner already exists.
[2025-08-14 09:12:45Z INFO BrokerMessageListener] The session conflict exception haven't reached retry limit.
[2025-08-14 09:12:45Z INFO BrokerMessageListener] Sleeping for 30 seconds before retrying.
[2025-08-14 09:13:15Z INFO BrokerMessageListener] Attempt to create session.
[2025-08-14 09:13:15Z INFO BrokerMessageListener] Connecting to the Broker Server...
[2025-08-14 09:13:15Z INFO ConfigurationStore] HasCredentials()
[2025-08-14 09:13:15Z INFO ConfigurationStore] stored True
[2025-08-14 09:13:15Z INFO CredentialManager] GetCredentialProvider
[2025-08-14 09:13:15Z INFO CredentialManager] Creating type OAuth
[2025-08-14 09:13:15Z INFO CredentialManager] Creating credential type: OAuth
[2025-08-14 09:13:15Z INFO RSAEncryptedFileKeyManager] Loading RSA key parameters from file C:\laragon\www\sapapi\actions-runner\.credentials_rsaparams
[2025-08-14 09:13:15Z INFO BrokerMessageListener] VssConnection created
[2025-08-14 09:13:15Z INFO BrokerMessageListener] Connecting to the Runner server...
[2025-08-14 09:13:15Z INFO RunnerServer] EstablishVssConnection
[2025-08-14 09:13:15Z INFO RunnerServer] Establish connection with 100 seconds timeout.
[2025-08-14 09:13:15Z INFO GitHubActionsService] Starting operation Location.GetConnectionData
[2025-08-14 09:13:15Z INFO RunnerServer] EstablishVssConnection
[2025-08-14 09:13:15Z INFO RunnerServer] Establish connection with 60 seconds timeout.
[2025-08-14 09:13:15Z INFO GitHubActionsService] Starting operation Location.GetConnectionData
[2025-08-14 09:13:15Z INFO RunnerServer] EstablishVssConnection
[2025-08-14 09:13:15Z INFO RunnerServer] Establish connection with 60 seconds timeout.
[2025-08-14 09:13:15Z INFO GitHubActionsService] Starting operation Location.GetConnectionData
[2025-08-14 09:13:16Z INFO GitHubActionsService] Finished operation Location.GetConnectionData
[2025-08-14 09:13:16Z INFO GitHubActionsService] Finished operation Location.GetConnectionData
[2025-08-14 09:13:16Z INFO GitHubActionsService] Finished operation Location.GetConnectionData
[2025-08-14 09:13:16Z INFO BrokerMessageListener] VssConnection created
[2025-08-14 09:13:16Z INFO Terminal] WRITE LINE: 
[2025-08-14 09:13:16Z INFO Terminal] WRITE LINE: 
[2025-08-14 09:13:16Z INFO RSAEncryptedFileKeyManager] Loading RSA key parameters from file C:\laragon\www\sapapi\actions-runner\.credentials_rsaparams
[2025-08-14 09:13:16Z INFO RSAEncryptedFileKeyManager] Loading RSA key parameters from file C:\laragon\www\sapapi\actions-runner\.credentials_rsaparams
[2025-08-14 09:13:17Z INFO GitHubActionsService] AAD Correlation ID for this token request: Unknown
[2025-08-14 09:13:18Z ERR  GitHubActionsService] POST request to https://broker.actions.githubusercontent.com/session failed. HTTP Status: Conflict
[2025-08-14 09:13:18Z ERR  BrokerMessageListener] Catch exception during create session.
[2025-08-14 09:13:18Z ERR  BrokerMessageListener] GitHub.DistributedTask.WebApi.TaskAgentSessionConflictException: Error: Conflict
   at GitHub.Actions.RunService.WebApi.BrokerHttpClient.CreateSessionAsync(TaskAgentSession session, CancellationToken cancellationToken)
   at GitHub.Runner.Common.BrokerServer.CreateSessionAsync(TaskAgentSession session, CancellationToken cancellationToken)
   at GitHub.Runner.Listener.BrokerMessageListener.CreateSessionAsync(CancellationToken token)
[2025-08-14 09:13:18Z INFO BrokerMessageListener] The session for this runner already exists.
[2025-08-14 09:13:18Z ERR  Terminal] WRITE ERROR: A session for this runner already exists.
[2025-08-14 09:13:18Z INFO BrokerMessageListener] The session conflict exception haven't reached retry limit.
[2025-08-14 09:13:18Z INFO BrokerMessageListener] Sleeping for 30 seconds before retrying.
[2025-08-14 09:13:48Z INFO BrokerMessageListener] Attempt to create session.
[2025-08-14 09:13:48Z INFO BrokerMessageListener] Connecting to the Broker Server...
[2025-08-14 09:13:48Z INFO ConfigurationStore] HasCredentials()
[2025-08-14 09:13:48Z INFO ConfigurationStore] stored True
[2025-08-14 09:13:48Z INFO CredentialManager] GetCredentialProvider
[2025-08-14 09:13:48Z INFO CredentialManager] Creating type OAuth
[2025-08-14 09:13:48Z INFO CredentialManager] Creating credential type: OAuth
[2025-08-14 09:13:48Z INFO RSAEncryptedFileKeyManager] Loading RSA key parameters from file C:\laragon\www\sapapi\actions-runner\.credentials_rsaparams
[2025-08-14 09:13:48Z INFO BrokerMessageListener] VssConnection created
[2025-08-14 09:13:48Z INFO BrokerMessageListener] Connecting to the Runner server...
[2025-08-14 09:13:48Z INFO RunnerServer] EstablishVssConnection
[2025-08-14 09:13:48Z INFO RunnerServer] Establish connection with 100 seconds timeout.
[2025-08-14 09:13:48Z INFO GitHubActionsService] Starting operation Location.GetConnectionData
[2025-08-14 09:13:48Z INFO RunnerServer] EstablishVssConnection
[2025-08-14 09:13:48Z INFO RunnerServer] Establish connection with 60 seconds timeout.
[2025-08-14 09:13:48Z INFO GitHubActionsService] Starting operation Location.GetConnectionData
[2025-08-14 09:13:48Z INFO RunnerServer] EstablishVssConnection
[2025-08-14 09:13:48Z INFO RunnerServer] Establish connection with 60 seconds timeout.
[2025-08-14 09:13:48Z INFO GitHubActionsService] Starting operation Location.GetConnectionData
[2025-08-14 09:13:49Z INFO GitHubActionsService] Finished operation Location.GetConnectionData
[2025-08-14 09:13:49Z INFO GitHubActionsService] Finished operation Location.GetConnectionData
[2025-08-14 09:13:49Z INFO GitHubActionsService] Finished operation Location.GetConnectionData
[2025-08-14 09:13:49Z INFO BrokerMessageListener] VssConnection created
[2025-08-14 09:13:49Z INFO Terminal] WRITE LINE: 
[2025-08-14 09:13:49Z INFO Terminal] WRITE LINE: 
[2025-08-14 09:13:49Z INFO RSAEncryptedFileKeyManager] Loading RSA key parameters from file C:\laragon\www\sapapi\actions-runner\.credentials_rsaparams
[2025-08-14 09:13:49Z INFO RSAEncryptedFileKeyManager] Loading RSA key parameters from file C:\laragon\www\sapapi\actions-runner\.credentials_rsaparams
[2025-08-14 09:13:50Z INFO GitHubActionsService] AAD Correlation ID for this token request: Unknown
[2025-08-14 09:13:52Z ERR  GitHubActionsService] POST request to https://broker.actions.githubusercontent.com/session failed. HTTP Status: Conflict
[2025-08-14 09:13:52Z ERR  BrokerMessageListener] Catch exception during create session.
[2025-08-14 09:13:52Z ERR  BrokerMessageListener] GitHub.DistributedTask.WebApi.TaskAgentSessionConflictException: Error: Conflict
   at GitHub.Actions.RunService.WebApi.BrokerHttpClient.CreateSessionAsync(TaskAgentSession session, CancellationToken cancellationToken)
   at GitHub.Runner.Common.BrokerServer.CreateSessionAsync(TaskAgentSession session, CancellationToken cancellationToken)
   at GitHub.Runner.Listener.BrokerMessageListener.CreateSessionAsync(CancellationToken token)
[2025-08-14 09:13:52Z INFO BrokerMessageListener] The session for this runner already exists.
[2025-08-14 09:13:52Z ERR  Terminal] WRITE ERROR: A session for this runner already exists.
[2025-08-14 09:13:52Z INFO BrokerMessageListener] The session conflict exception haven't reached retry limit.
[2025-08-14 09:13:52Z INFO BrokerMessageListener] Sleeping for 30 seconds before retrying.
[2025-08-14 09:14:22Z INFO BrokerMessageListener] Attempt to create session.
[2025-08-14 09:14:22Z INFO BrokerMessageListener] Connecting to the Broker Server...
[2025-08-14 09:14:22Z INFO ConfigurationStore] HasCredentials()
[2025-08-14 09:14:22Z INFO ConfigurationStore] stored True
[2025-08-14 09:14:22Z INFO CredentialManager] GetCredentialProvider
[2025-08-14 09:14:22Z INFO CredentialManager] Creating type OAuth
[2025-08-14 09:14:22Z INFO CredentialManager] Creating credential type: OAuth
[2025-08-14 09:14:22Z INFO RSAEncryptedFileKeyManager] Loading RSA key parameters from file C:\laragon\www\sapapi\actions-runner\.credentials_rsaparams
[2025-08-14 09:14:22Z INFO BrokerMessageListener] VssConnection created
[2025-08-14 09:14:22Z INFO BrokerMessageListener] Connecting to the Runner server...
[2025-08-14 09:14:22Z INFO RunnerServer] EstablishVssConnection
[2025-08-14 09:14:22Z INFO RunnerServer] Establish connection with 100 seconds timeout.
[2025-08-14 09:14:22Z INFO GitHubActionsService] Starting operation Location.GetConnectionData
[2025-08-14 09:14:22Z INFO RunnerServer] EstablishVssConnection
[2025-08-14 09:14:22Z INFO RunnerServer] Establish connection with 60 seconds timeout.
[2025-08-14 09:14:22Z INFO GitHubActionsService] Starting operation Location.GetConnectionData
[2025-08-14 09:14:22Z INFO RunnerServer] EstablishVssConnection
[2025-08-14 09:14:22Z INFO RunnerServer] Establish connection with 60 seconds timeout.
[2025-08-14 09:14:22Z INFO GitHubActionsService] Starting operation Location.GetConnectionData
[2025-08-14 09:14:23Z INFO GitHubActionsService] Finished operation Location.GetConnectionData
[2025-08-14 09:14:23Z INFO GitHubActionsService] Finished operation Location.GetConnectionData
[2025-08-14 09:14:23Z INFO GitHubActionsService] Finished operation Location.GetConnectionData
[2025-08-14 09:14:23Z INFO BrokerMessageListener] VssConnection created
[2025-08-14 09:14:23Z INFO Terminal] WRITE LINE: 
[2025-08-14 09:14:23Z INFO Terminal] WRITE LINE: 
[2025-08-14 09:14:23Z INFO RSAEncryptedFileKeyManager] Loading RSA key parameters from file C:\laragon\www\sapapi\actions-runner\.credentials_rsaparams
[2025-08-14 09:14:23Z INFO RSAEncryptedFileKeyManager] Loading RSA key parameters from file C:\laragon\www\sapapi\actions-runner\.credentials_rsaparams
[2025-08-14 09:14:24Z INFO GitHubActionsService] AAD Correlation ID for this token request: Unknown
[2025-08-14 09:14:25Z ERR  GitHubActionsService] POST request to https://broker.actions.githubusercontent.com/session failed. HTTP Status: Conflict
[2025-08-14 09:14:25Z ERR  BrokerMessageListener] Catch exception during create session.
[2025-08-14 09:14:25Z ERR  BrokerMessageListener] GitHub.DistributedTask.WebApi.TaskAgentSessionConflictException: Error: Conflict
   at GitHub.Actions.RunService.WebApi.BrokerHttpClient.CreateSessionAsync(TaskAgentSession session, CancellationToken cancellationToken)
   at GitHub.Runner.Common.BrokerServer.CreateSessionAsync(TaskAgentSession session, CancellationToken cancellationToken)
   at GitHub.Runner.Listener.BrokerMessageListener.CreateSessionAsync(CancellationToken token)
[2025-08-14 09:14:25Z INFO BrokerMessageListener] The session for this runner already exists.
[2025-08-14 09:14:25Z ERR  Terminal] WRITE ERROR: A session for this runner already exists.
[2025-08-14 09:14:25Z INFO BrokerMessageListener] The session conflict exception haven't reached retry limit.
[2025-08-14 09:14:25Z INFO BrokerMessageListener] Sleeping for 30 seconds before retrying.
[2025-08-14 09:14:55Z INFO BrokerMessageListener] Attempt to create session.
[2025-08-14 09:14:55Z INFO BrokerMessageListener] Connecting to the Broker Server...
[2025-08-14 09:14:55Z INFO ConfigurationStore] HasCredentials()
[2025-08-14 09:14:55Z INFO ConfigurationStore] stored True
[2025-08-14 09:14:55Z INFO CredentialManager] GetCredentialProvider
[2025-08-14 09:14:55Z INFO CredentialManager] Creating type OAuth
[2025-08-14 09:14:55Z INFO CredentialManager] Creating credential type: OAuth
[2025-08-14 09:14:55Z INFO RSAEncryptedFileKeyManager] Loading RSA key parameters from file C:\laragon\www\sapapi\actions-runner\.credentials_rsaparams
[2025-08-14 09:14:55Z INFO BrokerMessageListener] VssConnection created
[2025-08-14 09:14:55Z INFO BrokerMessageListener] Connecting to the Runner server...
[2025-08-14 09:14:55Z INFO RunnerServer] EstablishVssConnection
[2025-08-14 09:14:55Z INFO RunnerServer] Establish connection with 100 seconds timeout.
[2025-08-14 09:14:55Z INFO GitHubActionsService] Starting operation Location.GetConnectionData
[2025-08-14 09:14:55Z INFO RunnerServer] EstablishVssConnection
[2025-08-14 09:14:55Z INFO RunnerServer] Establish connection with 60 seconds timeout.
[2025-08-14 09:14:55Z INFO GitHubActionsService] Starting operation Location.GetConnectionData
[2025-08-14 09:14:55Z INFO RunnerServer] EstablishVssConnection
[2025-08-14 09:14:55Z INFO RunnerServer] Establish connection with 60 seconds timeout.
[2025-08-14 09:14:55Z INFO GitHubActionsService] Starting operation Location.GetConnectionData
[2025-08-14 09:14:56Z INFO GitHubActionsService] Finished operation Location.GetConnectionData
[2025-08-14 09:14:56Z INFO GitHubActionsService] Finished operation Location.GetConnectionData
[2025-08-14 09:14:56Z INFO GitHubActionsService] Finished operation Location.GetConnectionData
[2025-08-14 09:14:56Z INFO BrokerMessageListener] VssConnection created
[2025-08-14 09:14:56Z INFO Terminal] WRITE LINE: 
[2025-08-14 09:14:56Z INFO Terminal] WRITE LINE: 
[2025-08-14 09:14:56Z INFO RSAEncryptedFileKeyManager] Loading RSA key parameters from file C:\laragon\www\sapapi\actions-runner\.credentials_rsaparams
[2025-08-14 09:14:56Z INFO RSAEncryptedFileKeyManager] Loading RSA key parameters from file C:\laragon\www\sapapi\actions-runner\.credentials_rsaparams
[2025-08-14 09:14:58Z INFO GitHubActionsService] AAD Correlation ID for this token request: Unknown
[2025-08-14 09:14:59Z INFO BrokerMessageListener] Session created.
[2025-08-14 09:14:59Z INFO Terminal] WRITE LINE: 2025-08-14 09:14:59Z: Runner reconnected.
[2025-08-14 09:14:59Z INFO Terminal] WRITE LINE: Current runner version: '2.327.1'
[2025-08-14 09:14:59Z INFO Terminal] WRITE LINE: 2025-08-14 09:14:59Z: Listening for Jobs
[2025-08-14 09:14:59Z INFO JobDispatcher] Set runner/worker IPC timeout to 30 seconds.
[2025-08-14 10:05:23Z INFO RSAEncryptedFileKeyManager] Loading RSA key parameters from file C:\laragon\www\sapapi\actions-runner\.credentials_rsaparams
[2025-08-14 10:05:24Z INFO GitHubActionsService] AAD Correlation ID for this token request: Unknown
[2025-08-14 10:55:47Z INFO RSAEncryptedFileKeyManager] Loading RSA key parameters from file C:\laragon\www\sapapi\actions-runner\.credentials_rsaparams
[2025-08-14 10:55:49Z INFO GitHubActionsService] AAD Correlation ID for this token request: Unknown
[2025-08-14 11:46:13Z INFO RSAEncryptedFileKeyManager] Loading RSA key parameters from file C:\laragon\www\sapapi\actions-runner\.credentials_rsaparams
[2025-08-14 11:46:14Z INFO GitHubActionsService] AAD Correlation ID for this token request: Unknown
[2025-08-14 12:04:21Z WARN GitHubActionsService] Attempt 1 of GET request to https://broker.actions.githubusercontent.com/message?sessionId=591f016b-d3b2-446b-83e2-d109760957eb&status=Online&runnerVersion=2.327.1&os=Windows&architecture=X64&disableUpdate=false failed (Socket Error: ConnectionReset). The operation will be retried in 10.842 seconds.
[2025-08-14 12:36:23Z INFO RSAEncryptedFileKeyManager] Loading RSA key parameters from file C:\laragon\www\sapapi\actions-runner\.credentials_rsaparams
[2025-08-14 12:36:24Z INFO GitHubActionsService] AAD Correlation ID for this token request: Unknown
[2025-08-14 13:26:42Z INFO RSAEncryptedFileKeyManager] Loading RSA key parameters from file C:\laragon\www\sapapi\actions-runner\.credentials_rsaparams
[2025-08-14 13:26:43Z INFO GitHubActionsService] AAD Correlation ID for this token request: Unknown
[2025-08-14 14:17:05Z INFO RSAEncryptedFileKeyManager] Loading RSA key parameters from file C:\laragon\www\sapapi\actions-runner\.credentials_rsaparams
[2025-08-14 14:17:07Z INFO GitHubActionsService] AAD Correlation ID for this token request: Unknown
[2025-08-14 15:07:26Z INFO RSAEncryptedFileKeyManager] Loading RSA key parameters from file C:\laragon\www\sapapi\actions-runner\.credentials_rsaparams
[2025-08-14 15:07:28Z INFO GitHubActionsService] AAD Correlation ID for this token request: Unknown
[2025-08-14 15:57:48Z INFO RSAEncryptedFileKeyManager] Loading RSA key parameters from file C:\laragon\www\sapapi\actions-runner\.credentials_rsaparams
[2025-08-14 15:57:49Z INFO GitHubActionsService] AAD Correlation ID for this token request: Unknown
[2025-08-14 16:48:14Z INFO RSAEncryptedFileKeyManager] Loading RSA key parameters from file C:\laragon\www\sapapi\actions-runner\.credentials_rsaparams
[2025-08-14 16:48:15Z INFO GitHubActionsService] AAD Correlation ID for this token request: Unknown
[2025-08-14 17:38:45Z INFO RSAEncryptedFileKeyManager] Loading RSA key parameters from file C:\laragon\www\sapapi\actions-runner\.credentials_rsaparams
[2025-08-14 17:38:46Z INFO GitHubActionsService] AAD Correlation ID for this token request: Unknown
[2025-08-14 18:29:06Z INFO RSAEncryptedFileKeyManager] Loading RSA key parameters from file C:\laragon\www\sapapi\actions-runner\.credentials_rsaparams
[2025-08-14 18:29:07Z INFO GitHubActionsService] AAD Correlation ID for this token request: Unknown
[2025-08-14 19:19:34Z INFO RSAEncryptedFileKeyManager] Loading RSA key parameters from file C:\laragon\www\sapapi\actions-runner\.credentials_rsaparams
[2025-08-14 19:19:36Z INFO GitHubActionsService] AAD Correlation ID for this token request: Unknown
[2025-08-14 20:09:56Z INFO RSAEncryptedFileKeyManager] Loading RSA key parameters from file C:\laragon\www\sapapi\actions-runner\.credentials_rsaparams
[2025-08-14 20:09:57Z INFO GitHubActionsService] AAD Correlation ID for this token request: Unknown
[2025-08-14 21:00:16Z INFO RSAEncryptedFileKeyManager] Loading RSA key parameters from file C:\laragon\www\sapapi\actions-runner\.credentials_rsaparams
[2025-08-14 21:00:18Z INFO GitHubActionsService] AAD Correlation ID for this token request: Unknown
[2025-08-14 21:50:40Z INFO RSAEncryptedFileKeyManager] Loading RSA key parameters from file C:\laragon\www\sapapi\actions-runner\.credentials_rsaparams
[2025-08-14 21:50:41Z INFO GitHubActionsService] AAD Correlation ID for this token request: Unknown
[2025-08-14 22:41:00Z INFO RSAEncryptedFileKeyManager] Loading RSA key parameters from file C:\laragon\www\sapapi\actions-runner\.credentials_rsaparams
[2025-08-14 22:41:01Z INFO GitHubActionsService] AAD Correlation ID for this token request: Unknown
[2025-08-14 22:53:34Z INFO Runner] Received RunnerRefreshConfigMessage for 'runner' config file
[2025-08-14 22:53:34Z INFO RunnerConfigUpdater] Verifying runner qualified id: U_kgDOAIytEA/R_kgDOPX5Qyg/self-hosted/22
[2025-08-14 22:53:34Z INFO HostContext] Well known directory 'Bin': 'C:\laragon\www\sapapi\actions-runner\bin'
[2025-08-14 22:53:34Z INFO HostContext] Well known directory 'Root': 'C:\laragon\www\sapapi\actions-runner'
[2025-08-14 22:53:34Z INFO HostContext] Well known config file 'Runner': 'C:\laragon\www\sapapi\actions-runner\.runner'
[2025-08-14 22:53:35Z INFO RSAEncryptedFileKeyManager] Loading RSA key parameters from file C:\laragon\www\sapapi\actions-runner\.credentials_rsaparams
[2025-08-14 22:53:35Z INFO RSAEncryptedFileKeyManager] Loading RSA key parameters from file C:\laragon\www\sapapi\actions-runner\.credentials_rsaparams
[2025-08-14 22:53:38Z INFO GitHubActionsService] AAD Correlation ID for this token request: Unknown
[2025-08-14 22:53:38Z WARN GitHubActionsService] Retrieving an AAD auth token took a long time (2.9186139 seconds)
[2025-08-14 22:53:38Z INFO ConfigurationStore] Saving runner migrated settings
[2025-08-14 22:53:38Z INFO ConfigurationStore] Migrated Settings Saved.
[2025-08-14 22:53:39Z INFO Runner] Runner configuration was updated. Session restart has been scheduled
[2025-08-14 22:53:39Z INFO Runner] Pending session restart detected and job dispatcher is not busy. Restarting session now.
[2025-08-14 22:53:39Z INFO JobDispatcher] Shutting down JobDispatcher. Make sure all WorkerDispatcher has finished.
[2025-08-14 22:53:39Z INFO Runner] Deleting Runner Session...
[2025-08-14 22:53:39Z INFO Runner] Restarting runner session after config update...
[2025-08-14 22:53:39Z INFO Runner] Runner configuration was refreshed, restarting session...
[2025-08-14 22:53:39Z INFO ConfigurationManager] LoadSettings
[2025-08-14 22:53:39Z INFO ConfigurationStore] IsConfigured()
[2025-08-14 22:53:39Z INFO ConfigurationStore] IsConfigured: True
[2025-08-14 22:53:39Z INFO ConfigurationManager] Is configured: True
[2025-08-14 22:53:39Z INFO ConfigurationManager] Settings Loaded
[2025-08-14 22:53:39Z INFO Runner] RunAsync
[2025-08-14 22:53:39Z INFO ConfigurationManager] LoadMigratedSettings
[2025-08-14 22:53:39Z INFO ConfigurationStore] IsMigratedConfigured()
[2025-08-14 22:53:39Z INFO ConfigurationStore] IsMigratedConfigured: True
[2025-08-14 22:53:39Z INFO ConfigurationStore] Read migrated setting file: 386 chars
[2025-08-14 22:53:39Z INFO ConfigurationManager] Migrated Settings Loaded
[2025-08-14 22:53:39Z INFO Runner] Loaded migrated settings from .runner_migrated file
[2025-08-14 22:53:39Z INFO Runner] {
  "AgentId": 22,
  "AgentName": "JO",
  "PoolId": 1,
  "PoolName": "Default",
  "ServerUrl": "https://pipelinesghubeus26.actions.githubusercontent.com/OTqsuixwcDOeboiI5ELPh9vt0loVA9erSQMzHOLYofkfIDGeBX/",
  "GitHubUrl": "https://github.com/jauharimalik/sapapi",
  "WorkFolder": "_work",
  "UseV2Flow": true,
  "ServerUrlV2": "https://broker.actions.githubusercontent.com/"
}
[2025-08-14 22:53:39Z INFO Runner] Attempting to create session using migrated settings
[2025-08-14 22:53:39Z INFO Runner] Using BrokerMessageListener
[2025-08-14 22:53:39Z INFO BrokerMessageListener] Using provided settings
[2025-08-14 22:53:39Z INFO BrokerMessageListener] Using migrated settings from .runner_migrated
[2025-08-14 22:53:39Z INFO BrokerMessageListener] {
  "AgentId": 22,
  "AgentName": "JO",
  "PoolId": 1,
  "PoolName": "Default",
  "ServerUrl": "https://pipelinesghubeus26.actions.githubusercontent.com/OTqsuixwcDOeboiI5ELPh9vt0loVA9erSQMzHOLYofkfIDGeBX/",
  "GitHubUrl": "https://github.com/jauharimalik/sapapi",
  "WorkFolder": "_work",
  "UseV2Flow": true,
  "ServerUrlV2": "https://broker.actions.githubusercontent.com/"
}
[2025-08-14 22:53:39Z INFO BrokerMessageListener] Loading Credentials
[2025-08-14 22:53:39Z INFO ConfigurationStore] HasCredentials()
[2025-08-14 22:53:39Z INFO ConfigurationStore] stored True
[2025-08-14 22:53:39Z INFO CredentialManager] GetCredentialProvider
[2025-08-14 22:53:39Z INFO CredentialManager] Creating type OAuth
[2025-08-14 22:53:39Z INFO CredentialManager] Creating credential type: OAuth
[2025-08-14 22:53:39Z INFO RSAEncryptedFileKeyManager] Loading RSA key parameters from file C:\laragon\www\sapapi\actions-runner\.credentials_rsaparams
[2025-08-14 22:53:39Z INFO BrokerMessageListener] Attempt to create session.
[2025-08-14 22:53:39Z INFO BrokerMessageListener] Connecting to the Broker Server...
[2025-08-14 22:53:39Z INFO ConfigurationStore] HasCredentials()
[2025-08-14 22:53:39Z INFO ConfigurationStore] stored True
[2025-08-14 22:53:39Z INFO CredentialManager] GetCredentialProvider
[2025-08-14 22:53:39Z INFO CredentialManager] Creating type OAuth
[2025-08-14 22:53:39Z INFO CredentialManager] Creating credential type: OAuth
[2025-08-14 22:53:39Z INFO RSAEncryptedFileKeyManager] Loading RSA key parameters from file C:\laragon\www\sapapi\actions-runner\.credentials_rsaparams
[2025-08-14 22:53:39Z INFO BrokerMessageListener] VssConnection created
[2025-08-14 22:53:39Z INFO BrokerMessageListener] Connecting to the Runner server...
[2025-08-14 22:53:39Z INFO RunnerServer] EstablishVssConnection
[2025-08-14 22:53:39Z INFO RunnerServer] Establish connection with 100 seconds timeout.
[2025-08-14 22:53:39Z INFO GitHubActionsService] Starting operation Location.GetConnectionData
[2025-08-14 22:53:39Z INFO RunnerServer] EstablishVssConnection
[2025-08-14 22:53:39Z INFO RunnerServer] Establish connection with 60 seconds timeout.
[2025-08-14 22:53:39Z INFO GitHubActionsService] Starting operation Location.GetConnectionData
[2025-08-14 22:53:39Z INFO RunnerServer] EstablishVssConnection
[2025-08-14 22:53:39Z INFO RunnerServer] Establish connection with 60 seconds timeout.
[2025-08-14 22:53:39Z INFO GitHubActionsService] Starting operation Location.GetConnectionData
[2025-08-14 22:53:40Z INFO GitHubActionsService] Finished operation Location.GetConnectionData
[2025-08-14 22:53:40Z INFO GitHubActionsService] Finished operation Location.GetConnectionData
[2025-08-14 22:53:40Z INFO GitHubActionsService] Finished operation Location.GetConnectionData
[2025-08-14 22:53:40Z INFO BrokerMessageListener] VssConnection created
[2025-08-14 22:53:40Z INFO Terminal] WRITE LINE: 
[2025-08-14 22:53:40Z INFO Terminal] WRITE LINE: 
[2025-08-14 22:53:40Z INFO RSAEncryptedFileKeyManager] Loading RSA key parameters from file C:\laragon\www\sapapi\actions-runner\.credentials_rsaparams
[2025-08-14 22:53:40Z INFO RSAEncryptedFileKeyManager] Loading RSA key parameters from file C:\laragon\www\sapapi\actions-runner\.credentials_rsaparams
[2025-08-14 22:53:41Z INFO GitHubActionsService] AAD Correlation ID for this token request: Unknown
[2025-08-14 22:53:42Z INFO BrokerMessageListener] Session created.
[2025-08-14 22:53:42Z INFO Runner] Successfully created session with migrated settings
[2025-08-14 22:53:42Z INFO Terminal] WRITE LINE: Current runner version: '2.327.1'
[2025-08-14 22:53:42Z INFO Terminal] WRITE LINE: 2025-08-14 22:53:42Z: Listening for Jobs
[2025-08-14 22:53:42Z INFO JobDispatcher] Set runner/worker IPC timeout to 30 seconds.
[2025-08-14 23:44:03Z INFO RSAEncryptedFileKeyManager] Loading RSA key parameters from file C:\laragon\www\sapapi\actions-runner\.credentials_rsaparams
[2025-08-14 23:44:04Z INFO GitHubActionsService] AAD Correlation ID for this token request: Unknown
[2025-08-15 00:34:22Z INFO RSAEncryptedFileKeyManager] Loading RSA key parameters from file C:\laragon\www\sapapi\actions-runner\.credentials_rsaparams
[2025-08-15 00:34:24Z INFO GitHubActionsService] AAD Correlation ID for this token request: Unknown
[2025-08-15 01:24:42Z INFO RSAEncryptedFileKeyManager] Loading RSA key parameters from file C:\laragon\www\sapapi\actions-runner\.credentials_rsaparams
[2025-08-15 01:24:43Z INFO GitHubActionsService] AAD Correlation ID for this token request: Unknown
[2025-08-15 02:15:01Z INFO RSAEncryptedFileKeyManager] Loading RSA key parameters from file C:\laragon\www\sapapi\actions-runner\.credentials_rsaparams
[2025-08-15 02:15:03Z INFO GitHubActionsService] AAD Correlation ID for this token request: Unknown
[2025-08-15 03:01:09Z WARN GitHubActionsService] Attempt 1 of GET request to https://broker.actions.githubusercontent.com/message?sessionId=ac825e4e-75c0-456d-afa9-98513baca943&status=Online&runnerVersion=2.327.1&os=Windows&architecture=X64&disableUpdate=false failed (Socket Error: ConnectionReset). The operation will be retried in 11.186 seconds.
[2025-08-15 03:05:34Z INFO RSAEncryptedFileKeyManager] Loading RSA key parameters from file C:\laragon\www\sapapi\actions-runner\.credentials_rsaparams
[2025-08-15 03:05:35Z INFO GitHubActionsService] AAD Correlation ID for this token request: Unknown
[2025-08-15 03:55:58Z INFO RSAEncryptedFileKeyManager] Loading RSA key parameters from file C:\laragon\www\sapapi\actions-runner\.credentials_rsaparams
[2025-08-15 03:55:59Z INFO GitHubActionsService] AAD Correlation ID for this token request: Unknown
[2025-08-15 04:46:24Z INFO RSAEncryptedFileKeyManager] Loading RSA key parameters from file C:\laragon\www\sapapi\actions-runner\.credentials_rsaparams
[2025-08-15 04:46:25Z INFO GitHubActionsService] AAD Correlation ID for this token request: Unknown
[2025-08-15 05:36:48Z INFO RSAEncryptedFileKeyManager] Loading RSA key parameters from file C:\laragon\www\sapapi\actions-runner\.credentials_rsaparams
[2025-08-15 05:36:50Z INFO GitHubActionsService] AAD Correlation ID for this token request: Unknown
[2025-08-15 06:27:14Z INFO RSAEncryptedFileKeyManager] Loading RSA key parameters from file C:\laragon\www\sapapi\actions-runner\.credentials_rsaparams
[2025-08-15 06:27:16Z INFO GitHubActionsService] AAD Correlation ID for this token request: Unknown
[2025-08-15 07:17:42Z INFO RSAEncryptedFileKeyManager] Loading RSA key parameters from file C:\laragon\www\sapapi\actions-runner\.credentials_rsaparams
[2025-08-15 07:17:43Z INFO GitHubActionsService] AAD Correlation ID for this token request: Unknown
[2025-08-15 08:08:11Z INFO RSAEncryptedFileKeyManager] Loading RSA key parameters from file C:\laragon\www\sapapi\actions-runner\.credentials_rsaparams
[2025-08-15 08:08:12Z INFO GitHubActionsService] AAD Correlation ID for this token request: Unknown
[2025-08-15 08:58:39Z INFO RSAEncryptedFileKeyManager] Loading RSA key parameters from file C:\laragon\www\sapapi\actions-runner\.credentials_rsaparams
[2025-08-15 08:58:41Z INFO GitHubActionsService] AAD Correlation ID for this token request: Unknown
[2025-08-15 09:49:08Z INFO RSAEncryptedFileKeyManager] Loading RSA key parameters from file C:\laragon\www\sapapi\actions-runner\.credentials_rsaparams
[2025-08-15 09:49:09Z INFO GitHubActionsService] AAD Correlation ID for this token request: Unknown
[2025-08-15 10:39:36Z INFO RSAEncryptedFileKeyManager] Loading RSA key parameters from file C:\laragon\www\sapapi\actions-runner\.credentials_rsaparams
[2025-08-15 10:39:39Z INFO GitHubActionsService] AAD Correlation ID for this token request: Unknown
[2025-08-15 10:39:39Z WARN GitHubActionsService] Retrieving an AAD auth token took a long time (2.3502076 seconds)
[2025-08-15 11:30:08Z INFO RSAEncryptedFileKeyManager] Loading RSA key parameters from file C:\laragon\www\sapapi\actions-runner\.credentials_rsaparams
[2025-08-15 11:30:10Z INFO GitHubActionsService] AAD Correlation ID for this token request: Unknown
[2025-08-15 12:10:10Z WARN GitHubActionsService] Attempt 1 of GET request to https://broker.actions.githubusercontent.com/message?sessionId=ac825e4e-75c0-456d-afa9-98513baca943&status=Online&runnerVersion=2.327.1&os=Windows&architecture=X64&disableUpdate=false failed (Socket Error: ConnectionReset). The operation will be retried in 10.887 seconds.
[2025-08-15 12:20:26Z INFO RSAEncryptedFileKeyManager] Loading RSA key parameters from file C:\laragon\www\sapapi\actions-runner\.credentials_rsaparams
[2025-08-15 12:20:27Z INFO GitHubActionsService] AAD Correlation ID for this token request: Unknown
[2025-08-15 13:10:46Z INFO RSAEncryptedFileKeyManager] Loading RSA key parameters from file C:\laragon\www\sapapi\actions-runner\.credentials_rsaparams
[2025-08-15 13:10:48Z INFO GitHubActionsService] AAD Correlation ID for this token request: Unknown
[2025-08-15 14:01:07Z INFO RSAEncryptedFileKeyManager] Loading RSA key parameters from file C:\laragon\www\sapapi\actions-runner\.credentials_rsaparams
[2025-08-15 14:01:09Z INFO GitHubActionsService] AAD Correlation ID for this token request: Unknown
[2025-08-15 14:51:27Z INFO RSAEncryptedFileKeyManager] Loading RSA key parameters from file C:\laragon\www\sapapi\actions-runner\.credentials_rsaparams
[2025-08-15 14:51:28Z INFO GitHubActionsService] AAD Correlation ID for this token request: Unknown
[2025-08-15 15:41:49Z INFO RSAEncryptedFileKeyManager] Loading RSA key parameters from file C:\laragon\www\sapapi\actions-runner\.credentials_rsaparams
[2025-08-15 15:41:50Z INFO GitHubActionsService] AAD Correlation ID for this token request: Unknown
[2025-08-15 16:32:13Z INFO RSAEncryptedFileKeyManager] Loading RSA key parameters from file C:\laragon\www\sapapi\actions-runner\.credentials_rsaparams
[2025-08-15 16:32:14Z INFO GitHubActionsService] AAD Correlation ID for this token request: Unknown
[2025-08-15 17:22:33Z INFO RSAEncryptedFileKeyManager] Loading RSA key parameters from file C:\laragon\www\sapapi\actions-runner\.credentials_rsaparams
[2025-08-15 17:22:35Z INFO GitHubActionsService] AAD Correlation ID for this token request: Unknown
[2025-08-15 18:12:53Z INFO RSAEncryptedFileKeyManager] Loading RSA key parameters from file C:\laragon\www\sapapi\actions-runner\.credentials_rsaparams
[2025-08-15 18:12:55Z INFO GitHubActionsService] AAD Correlation ID for this token request: Unknown
[2025-08-15 19:03:14Z INFO RSAEncryptedFileKeyManager] Loading RSA key parameters from file C:\laragon\www\sapapi\actions-runner\.credentials_rsaparams
[2025-08-15 19:03:15Z INFO GitHubActionsService] AAD Correlation ID for this token request: Unknown
[2025-08-15 19:53:38Z INFO RSAEncryptedFileKeyManager] Loading RSA key parameters from file C:\laragon\www\sapapi\actions-runner\.credentials_rsaparams
[2025-08-15 19:53:39Z INFO GitHubActionsService] AAD Correlation ID for this token request: Unknown
[2025-08-15 20:43:59Z INFO RSAEncryptedFileKeyManager] Loading RSA key parameters from file C:\laragon\www\sapapi\actions-runner\.credentials_rsaparams
[2025-08-15 20:44:00Z INFO GitHubActionsService] AAD Correlation ID for this token request: Unknown
[2025-08-15 21:34:19Z INFO RSAEncryptedFileKeyManager] Loading RSA key parameters from file C:\laragon\www\sapapi\actions-runner\.credentials_rsaparams
[2025-08-15 21:34:20Z INFO GitHubActionsService] AAD Correlation ID for this token request: Unknown
[2025-08-15 22:24:39Z INFO RSAEncryptedFileKeyManager] Loading RSA key parameters from file C:\laragon\www\sapapi\actions-runner\.credentials_rsaparams
[2025-08-15 22:24:40Z INFO GitHubActionsService] AAD Correlation ID for this token request: Unknown
[2025-08-15 22:53:34Z INFO Runner] Received RunnerRefreshConfigMessage for 'runner' config file
[2025-08-15 22:53:34Z INFO RunnerConfigUpdater] Verifying runner qualified id: U_kgDOAIytEA/R_kgDOPX5Qyg/self-hosted/22
[2025-08-15 22:53:34Z INFO HostContext] Well known directory 'Bin': 'C:\laragon\www\sapapi\actions-runner\bin'
[2025-08-15 22:53:34Z INFO HostContext] Well known directory 'Root': 'C:\laragon\www\sapapi\actions-runner'
[2025-08-15 22:53:34Z INFO HostContext] Well known config file 'Runner': 'C:\laragon\www\sapapi\actions-runner\.runner'
[2025-08-15 22:53:35Z INFO RSAEncryptedFileKeyManager] Loading RSA key parameters from file C:\laragon\www\sapapi\actions-runner\.credentials_rsaparams
[2025-08-15 22:53:35Z INFO RSAEncryptedFileKeyManager] Loading RSA key parameters from file C:\laragon\www\sapapi\actions-runner\.credentials_rsaparams
[2025-08-15 22:53:36Z INFO GitHubActionsService] AAD Correlation ID for this token request: Unknown
[2025-08-15 22:53:36Z INFO ConfigurationStore] Saving runner migrated settings
[2025-08-15 22:53:36Z INFO ConfigurationStore] Delete exist runner migrated settings file.
[2025-08-15 22:53:36Z INFO ConfigurationStore] Migrated Settings Saved.
[2025-08-15 22:53:37Z INFO Runner] Runner configuration was updated. Session restart has been scheduled
[2025-08-15 22:53:37Z INFO Runner] Pending session restart detected and job dispatcher is not busy. Restarting session now.
[2025-08-15 22:53:37Z INFO JobDispatcher] Shutting down JobDispatcher. Make sure all WorkerDispatcher has finished.
[2025-08-15 22:53:37Z INFO Runner] Deleting Runner Session...
[2025-08-15 22:53:37Z INFO Runner] Restarting runner session after config update...
[2025-08-15 22:53:37Z INFO Runner] Runner configuration was refreshed, restarting session...
[2025-08-15 22:53:37Z INFO ConfigurationManager] LoadSettings
[2025-08-15 22:53:37Z INFO ConfigurationStore] IsConfigured()
[2025-08-15 22:53:37Z INFO ConfigurationStore] IsConfigured: True
[2025-08-15 22:53:37Z INFO ConfigurationManager] Is configured: True
[2025-08-15 22:53:37Z INFO ConfigurationManager] Settings Loaded
[2025-08-15 22:53:37Z INFO Runner] RunAsync
[2025-08-15 22:53:37Z INFO ConfigurationManager] LoadMigratedSettings
[2025-08-15 22:53:37Z INFO ConfigurationStore] IsMigratedConfigured()
[2025-08-15 22:53:37Z INFO ConfigurationStore] IsMigratedConfigured: True
[2025-08-15 22:53:37Z INFO ConfigurationManager] Migrated Settings Loaded
[2025-08-15 22:53:37Z INFO Runner] Loaded migrated settings from .runner_migrated file
[2025-08-15 22:53:37Z INFO Runner] {
  "AgentId": 22,
  "AgentName": "JO",
  "PoolId": 1,
  "PoolName": "Default",
  "ServerUrl": "https://pipelinesghubeus26.actions.githubusercontent.com/OTqsuixwcDOeboiI5ELPh9vt0loVA9erSQMzHOLYofkfIDGeBX/",
  "GitHubUrl": "https://github.com/jauharimalik/sapapi",
  "WorkFolder": "_work",
  "UseV2Flow": true,
  "ServerUrlV2": "https://broker.actions.githubusercontent.com/"
}
[2025-08-15 22:53:37Z INFO Runner] Attempting to create session using migrated settings
[2025-08-15 22:53:37Z INFO Runner] Using BrokerMessageListener
[2025-08-15 22:53:37Z INFO BrokerMessageListener] Using provided settings
[2025-08-15 22:53:37Z INFO BrokerMessageListener] Using migrated settings from .runner_migrated
[2025-08-15 22:53:37Z INFO BrokerMessageListener] {
  "AgentId": 22,
  "AgentName": "JO",
  "PoolId": 1,
  "PoolName": "Default",
  "ServerUrl": "https://pipelinesghubeus26.actions.githubusercontent.com/OTqsuixwcDOeboiI5ELPh9vt0loVA9erSQMzHOLYofkfIDGeBX/",
  "GitHubUrl": "https://github.com/jauharimalik/sapapi",
  "WorkFolder": "_work",
  "UseV2Flow": true,
  "ServerUrlV2": "https://broker.actions.githubusercontent.com/"
}
[2025-08-15 22:53:37Z INFO BrokerMessageListener] Loading Credentials
[2025-08-15 22:53:37Z INFO ConfigurationStore] HasCredentials()
[2025-08-15 22:53:37Z INFO ConfigurationStore] stored True
[2025-08-15 22:53:37Z INFO CredentialManager] GetCredentialProvider
[2025-08-15 22:53:37Z INFO CredentialManager] Creating type OAuth
[2025-08-15 22:53:37Z INFO CredentialManager] Creating credential type: OAuth
[2025-08-15 22:53:37Z INFO RSAEncryptedFileKeyManager] Loading RSA key parameters from file C:\laragon\www\sapapi\actions-runner\.credentials_rsaparams
[2025-08-15 22:53:37Z INFO BrokerMessageListener] Attempt to create session.
[2025-08-15 22:53:37Z INFO BrokerMessageListener] Connecting to the Broker Server...
[2025-08-15 22:53:37Z INFO ConfigurationStore] HasCredentials()
[2025-08-15 22:53:37Z INFO ConfigurationStore] stored True
[2025-08-15 22:53:37Z INFO CredentialManager] GetCredentialProvider
[2025-08-15 22:53:37Z INFO CredentialManager] Creating type OAuth
[2025-08-15 22:53:37Z INFO CredentialManager] Creating credential type: OAuth
[2025-08-15 22:53:37Z INFO RSAEncryptedFileKeyManager] Loading RSA key parameters from file C:\laragon\www\sapapi\actions-runner\.credentials_rsaparams
[2025-08-15 22:53:37Z INFO BrokerMessageListener] VssConnection created
[2025-08-15 22:53:37Z INFO BrokerMessageListener] Connecting to the Runner server...
[2025-08-15 22:53:37Z INFO RunnerServer] EstablishVssConnection
[2025-08-15 22:53:37Z INFO RunnerServer] Establish connection with 100 seconds timeout.
[2025-08-15 22:53:37Z INFO GitHubActionsService] Starting operation Location.GetConnectionData
[2025-08-15 22:53:37Z INFO RunnerServer] EstablishVssConnection
[2025-08-15 22:53:37Z INFO RunnerServer] Establish connection with 60 seconds timeout.
[2025-08-15 22:53:37Z INFO GitHubActionsService] Starting operation Location.GetConnectionData
[2025-08-15 22:53:37Z INFO RunnerServer] EstablishVssConnection
[2025-08-15 22:53:37Z INFO RunnerServer] Establish connection with 60 seconds timeout.
[2025-08-15 22:53:37Z INFO GitHubActionsService] Starting operation Location.GetConnectionData
[2025-08-15 22:53:38Z INFO GitHubActionsService] Finished operation Location.GetConnectionData
[2025-08-15 22:53:38Z INFO GitHubActionsService] Finished operation Location.GetConnectionData
[2025-08-15 22:53:38Z INFO GitHubActionsService] Finished operation Location.GetConnectionData
[2025-08-15 22:53:38Z INFO BrokerMessageListener] VssConnection created
[2025-08-15 22:53:38Z INFO Terminal] WRITE LINE: 
[2025-08-15 22:53:38Z INFO Terminal] WRITE LINE: 
[2025-08-15 22:53:38Z INFO RSAEncryptedFileKeyManager] Loading RSA key parameters from file C:\laragon\www\sapapi\actions-runner\.credentials_rsaparams
[2025-08-15 22:53:38Z INFO RSAEncryptedFileKeyManager] Loading RSA key parameters from file C:\laragon\www\sapapi\actions-runner\.credentials_rsaparams
[2025-08-15 22:53:39Z INFO GitHubActionsService] AAD Correlation ID for this token request: Unknown
[2025-08-15 22:53:41Z INFO BrokerMessageListener] Session created.
[2025-08-15 22:53:41Z INFO Runner] Successfully created session with migrated settings
[2025-08-15 22:53:41Z INFO Terminal] WRITE LINE: Current runner version: '2.327.1'
[2025-08-15 22:53:41Z INFO Terminal] WRITE LINE: 2025-08-15 22:53:41Z: Listening for Jobs
[2025-08-15 22:53:41Z INFO JobDispatcher] Set runner/worker IPC timeout to 30 seconds.
[2025-08-15 23:43:59Z INFO RSAEncryptedFileKeyManager] Loading RSA key parameters from file C:\laragon\www\sapapi\actions-runner\.credentials_rsaparams
[2025-08-15 23:44:00Z INFO GitHubActionsService] AAD Correlation ID for this token request: Unknown
[2025-08-16 00:34:19Z INFO RSAEncryptedFileKeyManager] Loading RSA key parameters from file C:\laragon\www\sapapi\actions-runner\.credentials_rsaparams
[2025-08-16 00:34:20Z INFO GitHubActionsService] AAD Correlation ID for this token request: Unknown
[2025-08-16 01:24:39Z INFO RSAEncryptedFileKeyManager] Loading RSA key parameters from file C:\laragon\www\sapapi\actions-runner\.credentials_rsaparams
[2025-08-16 01:24:40Z INFO GitHubActionsService] AAD Correlation ID for this token request: Unknown
[2025-08-16 02:14:58Z INFO RSAEncryptedFileKeyManager] Loading RSA key parameters from file C:\laragon\www\sapapi\actions-runner\.credentials_rsaparams
[2025-08-16 02:15:00Z INFO GitHubActionsService] AAD Correlation ID for this token request: Unknown
[2025-08-16 03:05:18Z INFO RSAEncryptedFileKeyManager] Loading RSA key parameters from file C:\laragon\www\sapapi\actions-runner\.credentials_rsaparams
[2025-08-16 03:05:19Z INFO GitHubActionsService] AAD Correlation ID for this token request: Unknown
[2025-08-16 03:48:18Z INFO Runner] Refresh message received, kick-off selfupdate background process.
[2025-08-16 03:48:20Z INFO RSAEncryptedFileKeyManager] Loading RSA key parameters from file C:\laragon\www\sapapi\actions-runner\.credentials_rsaparams
[2025-08-16 03:48:20Z INFO RSAEncryptedFileKeyManager] Loading RSA key parameters from file C:\laragon\www\sapapi\actions-runner\.credentials_rsaparams
[2025-08-16 03:48:21Z INFO GitHubActionsService] AAD Correlation ID for this token request: Unknown
[2025-08-16 03:48:22Z INFO SelfUpdater] Version '2.328.0' of 'agent' package available in server.
[2025-08-16 03:48:22Z INFO SelfUpdater] Current running runner version is 2.327.1
[2025-08-16 03:48:22Z INFO SelfUpdater] An update is available.
[2025-08-16 03:48:22Z INFO Terminal] WRITE LINE: Runner update in progress, do not shutdown runner.
[2025-08-16 03:48:22Z INFO SelfUpdater] RunnerPlatform: win-x64
[2025-08-16 03:48:22Z INFO Terminal] WRITE LINE: Downloading 2.328.0 runner
[2025-08-16 03:48:22Z INFO HostContext] Well known directory 'Bin': 'C:\laragon\www\sapapi\actions-runner\bin'
[2025-08-16 03:48:22Z INFO HostContext] Well known directory 'Root': 'C:\laragon\www\sapapi\actions-runner'
[2025-08-16 03:48:22Z INFO HostContext] Well known directory 'Work': 'C:\laragon\www\sapapi\actions-runner\_work'
[2025-08-16 03:48:22Z INFO SelfUpdater] Attempt 1: save latest runner into C:\laragon\www\sapapi\actions-runner\_work\_update\runner1.zip.
[2025-08-16 03:48:22Z INFO SelfUpdater] Download runner: begin download
[2025-08-16 03:48:22Z INFO SelfUpdater] Downloading https://github.com/actions/runner/releases/download/v2.328.0/actions-runner-win-x64-2.328.0.zip
[2025-08-16 03:49:44Z INFO SelfUpdater] Download runner: finished download
[2025-08-16 03:49:45Z INFO SelfUpdater] Validated Runner Hash matches C:\laragon\www\sapapi\actions-runner\_work\_update\runner1.zip : a73ae192b8b2b782e1d90c08923030930b0b96ed394fe56413a073cc6f694877
[2025-08-16 03:49:46Z INFO SelfUpdater] Finished getting latest runner package at: C:\laragon\www\sapapi\actions-runner\_work\_update.
[2025-08-16 03:49:46Z INFO HostContext] Well known directory 'Bin': 'C:\laragon\www\sapapi\actions-runner\bin'
[2025-08-16 03:49:46Z INFO HostContext] Well known directory 'Root': 'C:\laragon\www\sapapi\actions-runner'
[2025-08-16 03:49:46Z INFO SelfUpdater] Copy C:\laragon\www\sapapi\actions-runner\_work\_update\bin to C:\laragon\www\sapapi\actions-runner\bin.2.328.0.
[2025-08-16 03:49:47Z INFO HostContext] Well known directory 'Bin': 'C:\laragon\www\sapapi\actions-runner\bin'
[2025-08-16 03:49:47Z INFO HostContext] Well known directory 'Root': 'C:\laragon\www\sapapi\actions-runner'
[2025-08-16 03:49:47Z INFO SelfUpdater] Copy C:\laragon\www\sapapi\actions-runner\_work\_update\externals to C:\laragon\www\sapapi\actions-runner\externals.2.328.0.
[2025-08-16 03:49:47Z INFO SelfUpdater] Copy any remaining .sh/.cmd files into runner root.
[2025-08-16 03:49:47Z INFO HostContext] Well known directory 'Bin': 'C:\laragon\www\sapapi\actions-runner\bin'
[2025-08-16 03:49:47Z INFO HostContext] Well known directory 'Root': 'C:\laragon\www\sapapi\actions-runner'
[2025-08-16 03:49:47Z INFO SelfUpdater] Copy C:\laragon\www\sapapi\actions-runner\_work\_update\config.cmd to C:\laragon\www\sapapi\actions-runner\config.cmd
[2025-08-16 03:49:47Z INFO HostContext] Well known directory 'Bin': 'C:\laragon\www\sapapi\actions-runner\bin'
[2025-08-16 03:49:47Z INFO HostContext] Well known directory 'Root': 'C:\laragon\www\sapapi\actions-runner'
[2025-08-16 03:49:47Z INFO SelfUpdater] Copy C:\laragon\www\sapapi\actions-runner\_work\_update\run-helper.cmd.template to C:\laragon\www\sapapi\actions-runner\run-helper.cmd.template
[2025-08-16 03:49:47Z INFO HostContext] Well known directory 'Bin': 'C:\laragon\www\sapapi\actions-runner\bin'
[2025-08-16 03:49:47Z INFO HostContext] Well known directory 'Root': 'C:\laragon\www\sapapi\actions-runner'
[2025-08-16 03:49:47Z INFO SelfUpdater] Copy C:\laragon\www\sapapi\actions-runner\_work\_update\run-helper.sh.template to C:\laragon\www\sapapi\actions-runner\run-helper.sh.template
[2025-08-16 03:49:47Z INFO HostContext] Well known directory 'Bin': 'C:\laragon\www\sapapi\actions-runner\bin'
[2025-08-16 03:49:47Z INFO HostContext] Well known directory 'Root': 'C:\laragon\www\sapapi\actions-runner'
[2025-08-16 03:49:47Z INFO SelfUpdater] Copy C:\laragon\www\sapapi\actions-runner\_work\_update\run.cmd to C:\laragon\www\sapapi\actions-runner\run.cmd
[2025-08-16 03:49:47Z INFO SelfUpdater] Download latest runner and unzip into runner root.
[2025-08-16 03:49:47Z INFO Terminal] WRITE LINE: Waiting for current job finish running.
[2025-08-16 03:49:47Z INFO SelfUpdater] DownloadUrl: https://github.com/actions/runner/releases/download/v2.328.0/actions-runner-win-x64-2.328.0.zip
[2025-08-16 03:49:47Z INFO SelfUpdater] PackageDownloadTime: 81756ms
[2025-08-16 03:49:47Z INFO SelfUpdater] Attempts: 1
[2025-08-16 03:49:47Z INFO SelfUpdater] PackageSize: 93MB
[2025-08-16 03:49:47Z INFO SelfUpdater] ValidateHashTime: 611ms
[2025-08-16 03:49:47Z INFO SelfUpdater] PackageExtractTime: 1834ms
[2025-08-16 03:49:47Z INFO SelfUpdater] CopyRunnerToRootTime: 422ms
[2025-08-16 03:49:48Z INFO SelfUpdater] All running job has exited.
[2025-08-16 03:49:48Z INFO HostContext] Well known directory 'Bin': 'C:\laragon\www\sapapi\actions-runner\bin'
[2025-08-16 03:49:48Z INFO HostContext] Well known directory 'Root': 'C:\laragon\www\sapapi\actions-runner'
[2025-08-16 03:49:48Z INFO HostContext] Well known directory 'Bin': 'C:\laragon\www\sapapi\actions-runner\bin'
[2025-08-16 03:49:48Z INFO HostContext] Well known directory 'Root': 'C:\laragon\www\sapapi\actions-runner'
[2025-08-16 03:49:48Z INFO HostContext] Well known directory 'Bin': 'C:\laragon\www\sapapi\actions-runner\bin'
[2025-08-16 03:49:48Z INFO HostContext] Well known directory 'Root': 'C:\laragon\www\sapapi\actions-runner'
[2025-08-16 03:49:48Z INFO HostContext] Well known directory 'Bin': 'C:\laragon\www\sapapi\actions-runner\bin'
[2025-08-16 03:49:48Z INFO HostContext] Well known directory 'Root': 'C:\laragon\www\sapapi\actions-runner'
[2025-08-16 03:49:48Z INFO HostContext] Well known directory 'Bin': 'C:\laragon\www\sapapi\actions-runner\bin'
[2025-08-16 03:49:48Z INFO HostContext] Well known directory 'Root': 'C:\laragon\www\sapapi\actions-runner'
[2025-08-16 03:49:48Z INFO HostContext] Well known directory 'Bin': 'C:\laragon\www\sapapi\actions-runner\bin'
[2025-08-16 03:49:48Z INFO HostContext] Well known directory 'Root': 'C:\laragon\www\sapapi\actions-runner'
[2025-08-16 03:49:48Z INFO HostContext] Well known directory 'Bin': 'C:\laragon\www\sapapi\actions-runner\bin'
[2025-08-16 03:49:48Z INFO HostContext] Well known directory 'Root': 'C:\laragon\www\sapapi\actions-runner'
[2025-08-16 03:49:48Z INFO HostContext] Well known directory 'Bin': 'C:\laragon\www\sapapi\actions-runner\bin'
[2025-08-16 03:49:48Z INFO HostContext] Well known directory 'Root': 'C:\laragon\www\sapapi\actions-runner'
[2025-08-16 03:49:48Z INFO HostContext] Well known directory 'Bin': 'C:\laragon\www\sapapi\actions-runner\bin'
[2025-08-16 03:49:48Z INFO HostContext] Well known directory 'Root': 'C:\laragon\www\sapapi\actions-runner'
[2025-08-16 03:49:48Z INFO HostContext] Well known directory 'Bin': 'C:\laragon\www\sapapi\actions-runner\bin'
[2025-08-16 03:49:48Z INFO HostContext] Well known directory 'Root': 'C:\laragon\www\sapapi\actions-runner'
[2025-08-16 03:49:48Z INFO HostContext] Well known directory 'Bin': 'C:\laragon\www\sapapi\actions-runner\bin'
[2025-08-16 03:49:48Z INFO HostContext] Well known directory 'Root': 'C:\laragon\www\sapapi\actions-runner'
[2025-08-16 03:49:48Z INFO SelfUpdater] Delete old version runner backup.
[2025-08-16 03:49:48Z INFO Terminal] WRITE LINE: Generate and execute update script.
[2025-08-16 03:49:48Z INFO SelfUpdater] DeleteRunnerBackupTime: 5ms
[2025-08-16 03:49:48Z INFO HostContext] Well known directory 'Bin': 'C:\laragon\www\sapapi\actions-runner\bin'
[2025-08-16 03:49:48Z INFO HostContext] Well known directory 'Root': 'C:\laragon\www\sapapi\actions-runner'
[2025-08-16 03:49:48Z INFO HostContext] Well known directory 'Diag': 'C:\laragon\www\sapapi\actions-runner\_diag'
[2025-08-16 03:49:48Z INFO HostContext] Well known directory 'Bin': 'C:\laragon\www\sapapi\actions-runner\bin'
[2025-08-16 03:49:48Z INFO HostContext] Well known directory 'Root': 'C:\laragon\www\sapapi\actions-runner'
[2025-08-16 03:49:48Z INFO HostContext] Well known directory 'Bin': 'C:\laragon\www\sapapi\actions-runner\bin'
[2025-08-16 03:49:48Z INFO HostContext] Well known directory 'Root': 'C:\laragon\www\sapapi\actions-runner'
[2025-08-16 03:49:48Z INFO HostContext] Well known directory 'Work': 'C:\laragon\www\sapapi\actions-runner\_work'
[2025-08-16 03:49:48Z INFO SelfUpdater] Generate update script into: C:\laragon\www\sapapi\actions-runner\_work\_update.cmd
[2025-08-16 03:49:48Z INFO SelfUpdater] Which2: 'cmd.exe'
[2025-08-16 03:49:48Z INFO SelfUpdater] Location: 'C:\Windows\system32\cmd.exe'
[2025-08-16 03:49:48Z INFO SelfUpdater] Update script start running
[2025-08-16 03:49:48Z INFO Terminal] WRITE LINE: Runner will exit shortly for update, should be back online within 10 seconds.
[2025-08-16 03:49:48Z INFO SelfUpdater] TotalUpdateTime: 90305ms
[2025-08-16 03:49:49Z INFO Terminal] WRITE LINE: Runner update process finished.
[2025-08-16 03:49:49Z INFO Runner] Auto update task finished at backend, an runner update is ready to apply exit the current runner instance.
[2025-08-16 03:49:49Z INFO Runner] Stop message queue looping.
[2025-08-16 03:49:49Z WARN GitHubActionsService] GET request to https://broker.actions.githubusercontent.com/message?sessionId=0e81c28a-cc9b-4c75-95e8-8d00f9b21bc3&status=Online&runnerVersion=2.327.1&os=Windows&architecture=X64&disableUpdate=false has been cancelled.
[2025-08-16 03:49:49Z ERR  BrokerServer] Catch exception during request
[2025-08-16 03:49:49Z ERR  BrokerServer] System.Threading.Tasks.TaskCanceledException: The operation was canceled.
 ---> System.Threading.Tasks.TaskCanceledException: The operation was canceled.
 ---> System.IO.IOException: Unable to read data from the transport connection: The I/O operation has been aborted because of either a thread exit or an application request..
 ---> System.Net.Sockets.SocketException (995): The I/O operation has been aborted because of either a thread exit or an application request.
   --- End of inner exception stack trace ---
   at System.Net.Sockets.Socket.AwaitableSocketAsyncEventArgs.System.Threading.Tasks.Sources.IValueTaskSource<System.Int32>.GetResult(Int16 token)
   at System.Net.Security.SslStream.EnsureFullTlsFrameAsync[TIOAdapter](CancellationToken cancellationToken, Int32 estimatedSize)
   at System.Runtime.CompilerServices.PoolingAsyncValueTaskMethodBuilder`1.StateMachineBox`1.System.Threading.Tasks.Sources.IValueTaskSource<TResult>.GetResult(Int16 token)
   at System.Net.Security.SslStream.ReadAsyncInternal[TIOAdapter](Memory`1 buffer, CancellationToken cancellationToken)
   at System.Runtime.CompilerServices.PoolingAsyncValueTaskMethodBuilder`1.StateMachineBox`1.System.Threading.Tasks.Sources.IValueTaskSource<TResult>.GetResult(Int16 token)
   at System.Net.Http.HttpConnection.SendAsync(HttpRequestMessage request, Boolean async, CancellationToken cancellationToken)
   --- End of inner exception stack trace ---
   at System.Net.Http.HttpConnection.SendAsync(HttpRequestMessage request, Boolean async, CancellationToken cancellationToken)
   at System.Net.Http.AuthenticationHelper.SendWithNtAuthAsync(HttpRequestMessage request, Uri authUri, Boolean async, ICredentials credentials, Boolean isProxyAuth, HttpConnection connection, HttpConnectionPool connectionPool, CancellationToken cancellationToken)
   at System.Net.Http.HttpConnectionPool.SendWithVersionDetectionAndRetryAsync(HttpRequestMessage request, Boolean async, Boolean doRequestAuth, CancellationToken cancellationToken)
   at System.Net.Http.AuthenticationHelper.SendWithAuthAsync(HttpRequestMessage request, Uri authUri, Boolean async, ICredentials credentials, Boolean preAuthenticate, Boolean isProxyAuth, Boolean doRequestAuth, HttpConnectionPool pool, CancellationToken cancellationToken)
   at System.Net.Http.RedirectHandler.SendAsync(HttpRequestMessage request, Boolean async, CancellationToken cancellationToken)
   at GitHub.Services.Common.RawHttpMessageHandler.SendAsync(HttpRequestMessage request, CancellationToken cancellationToken)
   at GitHub.Services.Common.VssHttpRetryMessageHandler.SendAsync(HttpRequestMessage request, CancellationToken cancellationToken)
   at System.Net.Http.HttpClient.<SendAsync>g__Core|83_0(HttpRequestMessage request, HttpCompletionOption completionOption, CancellationTokenSource cts, Boolean disposeCts, CancellationTokenSource pendingRequestsCts, CancellationToken originalCancellationToken)
   --- End of inner exception stack trace ---
   at System.Net.Http.HttpClient.HandleFailure(Exception e, Boolean telemetryStarted, HttpResponseMessage response, CancellationTokenSource cts, CancellationToken cancellationToken, CancellationTokenSource pendingRequestsCts)
   at System.Net.Http.HttpClient.<SendAsync>g__Core|83_0(HttpRequestMessage request, HttpCompletionOption completionOption, CancellationTokenSource cts, Boolean disposeCts, CancellationTokenSource pendingRequestsCts, CancellationToken originalCancellationToken)
   at Sdk.WebApi.WebApi.RawHttpClientBase.SendAsync(HttpRequestMessage message, HttpCompletionOption completionOption, Object userState, CancellationToken cancellationToken)
   at Sdk.WebApi.WebApi.RawHttpClientBase.SendAsync[T](HttpRequestMessage message, Boolean readErrorBody, Object userState, CancellationToken cancellationToken)
   at Sdk.WebApi.WebApi.RawHttpClientBase.SendAsync[T](HttpMethod method, IEnumerable`1 additionalHeaders, Uri requestUri, HttpContent content, IEnumerable`1 queryParameters, Boolean readErrorBody, Object userState, CancellationToken cancellationToken)
   at GitHub.Actions.RunService.WebApi.BrokerHttpClient.GetRunnerMessageAsync(Nullable`1 sessionId, String runnerVersion, Nullable`1 status, String os, String architecture, Nullable`1 disableUpdate, CancellationToken cancellationToken)
   at GitHub.Runner.Common.BrokerServer.<>c__DisplayClass7_0.<<GetRunnerMessageAsync>b__0>d.MoveNext()
--- End of stack trace from previous location ---
   at GitHub.Runner.Common.RunnerService.RetryRequest[T](Func`1 func, CancellationToken cancellationToken, Int32 maxRetryAttemptsCount, Func`2 shouldRetry)
[2025-08-16 03:49:49Z ERR  BrokerServer] #####################################################
[2025-08-16 03:49:49Z ERR  BrokerServer] System.Threading.Tasks.TaskCanceledException: The operation was canceled.
 ---> System.IO.IOException: Unable to read data from the transport connection: The I/O operation has been aborted because of either a thread exit or an application request..
 ---> System.Net.Sockets.SocketException (995): The I/O operation has been aborted because of either a thread exit or an application request.
   --- End of inner exception stack trace ---
   at System.Net.Sockets.Socket.AwaitableSocketAsyncEventArgs.System.Threading.Tasks.Sources.IValueTaskSource<System.Int32>.GetResult(Int16 token)
   at System.Net.Security.SslStream.EnsureFullTlsFrameAsync[TIOAdapter](CancellationToken cancellationToken, Int32 estimatedSize)
   at System.Runtime.CompilerServices.PoolingAsyncValueTaskMethodBuilder`1.StateMachineBox`1.System.Threading.Tasks.Sources.IValueTaskSource<TResult>.GetResult(Int16 token)
   at System.Net.Security.SslStream.ReadAsyncInternal[TIOAdapter](Memory`1 buffer, CancellationToken cancellationToken)
   at System.Runtime.CompilerServices.PoolingAsyncValueTaskMethodBuilder`1.StateMachineBox`1.System.Threading.Tasks.Sources.IValueTaskSource<TResult>.GetResult(Int16 token)
   at System.Net.Http.HttpConnection.SendAsync(HttpRequestMessage request, Boolean async, CancellationToken cancellationToken)
   --- End of inner exception stack trace ---
   at System.Net.Http.HttpConnection.SendAsync(HttpRequestMessage request, Boolean async, CancellationToken cancellationToken)
   at System.Net.Http.AuthenticationHelper.SendWithNtAuthAsync(HttpRequestMessage request, Uri authUri, Boolean async, ICredentials credentials, Boolean isProxyAuth, HttpConnection connection, HttpConnectionPool connectionPool, CancellationToken cancellationToken)
   at System.Net.Http.HttpConnectionPool.SendWithVersionDetectionAndRetryAsync(HttpRequestMessage request, Boolean async, Boolean doRequestAuth, CancellationToken cancellationToken)
   at System.Net.Http.AuthenticationHelper.SendWithAuthAsync(HttpRequestMessage request, Uri authUri, Boolean async, ICredentials credentials, Boolean preAuthenticate, Boolean isProxyAuth, Boolean doRequestAuth, HttpConnectionPool pool, CancellationToken cancellationToken)
   at System.Net.Http.RedirectHandler.SendAsync(HttpRequestMessage request, Boolean async, CancellationToken cancellationToken)
   at GitHub.Services.Common.RawHttpMessageHandler.SendAsync(HttpRequestMessage request, CancellationToken cancellationToken)
   at GitHub.Services.Common.VssHttpRetryMessageHandler.SendAsync(HttpRequestMessage request, CancellationToken cancellationToken)
   at System.Net.Http.HttpClient.<SendAsync>g__Core|83_0(HttpRequestMessage request, HttpCompletionOption completionOption, CancellationTokenSource cts, Boolean disposeCts, CancellationTokenSource pendingRequestsCts, CancellationToken originalCancellationToken)
[2025-08-16 03:49:49Z ERR  BrokerServer] #####################################################
[2025-08-16 03:49:49Z ERR  BrokerServer] System.IO.IOException: Unable to read data from the transport connection: The I/O operation has been aborted because of either a thread exit or an application request..
 ---> System.Net.Sockets.SocketException (995): The I/O operation has been aborted because of either a thread exit or an application request.
   --- End of inner exception stack trace ---
   at System.Net.Sockets.Socket.AwaitableSocketAsyncEventArgs.System.Threading.Tasks.Sources.IValueTaskSource<System.Int32>.GetResult(Int16 token)
   at System.Net.Security.SslStream.EnsureFullTlsFrameAsync[TIOAdapter](CancellationToken cancellationToken, Int32 estimatedSize)
   at System.Runtime.CompilerServices.PoolingAsyncValueTaskMethodBuilder`1.StateMachineBox`1.System.Threading.Tasks.Sources.IValueTaskSource<TResult>.GetResult(Int16 token)
   at System.Net.Security.SslStream.ReadAsyncInternal[TIOAdapter](Memory`1 buffer, CancellationToken cancellationToken)
   at System.Runtime.CompilerServices.PoolingAsyncValueTaskMethodBuilder`1.StateMachineBox`1.System.Threading.Tasks.Sources.IValueTaskSource<TResult>.GetResult(Int16 token)
   at System.Net.Http.HttpConnection.SendAsync(HttpRequestMessage request, Boolean async, CancellationToken cancellationToken)
[2025-08-16 03:49:49Z ERR  BrokerServer] #####################################################
[2025-08-16 03:49:49Z ERR  BrokerServer] System.Net.Sockets.SocketException (995): The I/O operation has been aborted because of either a thread exit or an application request.
[2025-08-16 03:49:49Z WARN BrokerServer] Back off 13.111 seconds before next retry. 4 attempt left.
[2025-08-16 03:49:49Z INFO BrokerMessageListener] Get next message has been cancelled.
[2025-08-16 03:49:49Z INFO Runner] Ignore any exception after cancel message loop. System.Threading.Tasks.TaskCanceledException: A task was canceled.
   at GitHub.Runner.Common.RunnerService.RetryRequest[T](Func`1 func, CancellationToken cancellationToken, Int32 maxRetryAttemptsCount, Func`2 shouldRetry)
   at GitHub.Runner.Listener.BrokerMessageListener.GetNextMessageAsync(CancellationToken token)
   at GitHub.Runner.Listener.Runner.RunAsync(RunnerSettings settings, Boolean runOnce)
[2025-08-16 03:49:49Z INFO JobDispatcher] Shutting down JobDispatcher. Make sure all WorkerDispatcher has finished.
[2025-08-16 03:49:49Z INFO Runner] Deleting Runner Session...
[2025-08-16 03:49:50Z INFO Listener] Runner execution has finished with return code 3
