[2025-08-16 03:50:03Z INFO HostContext] No proxy settings were found based on environmental variables (http_proxy/https_proxy/HTTP_PROXY/HTTPS_PROXY)
[2025-08-16 03:50:03Z INFO HostContext] Well known directory 'Bin': 'C:\laragon\www\sapapi\actions-runner\bin'
[2025-08-16 03:50:03Z INFO HostContext] Well known directory 'Root': 'C:\laragon\www\sapapi\actions-runner'
[2025-08-16 03:50:03Z INFO HostContext] Well known config file 'Credentials': 'C:\laragon\www\sapapi\actions-runner\.credentials'
[2025-08-16 03:50:04Z INFO HostContext] Well known directory 'Bin': 'C:\laragon\www\sapapi\actions-runner\bin'
[2025-08-16 03:50:04Z INFO HostContext] Well known directory 'Root': 'C:\laragon\www\sapapi\actions-runner'
[2025-08-16 03:50:04Z INFO HostContext] Well known config file 'Runner': 'C:\laragon\www\sapapi\actions-runner\.runner'
[2025-08-16 03:50:04Z INFO Listener] Runner is built for Windows (X64) - win-x64.
[2025-08-16 03:50:04Z INFO Listener] RuntimeInformation: Microsoft Windows 10.0.19045.
[2025-08-16 03:50:04Z INFO Listener] Version: 2.328.0
[2025-08-16 03:50:04Z INFO Listener] Commit: 6f9a9110adce65f44ca6f7c0ae142b9cc6af937b
[2025-08-16 03:50:04Z INFO Listener] Culture: en-US
[2025-08-16 03:50:04Z INFO Listener] UI Culture: en-US
[2025-08-16 03:50:04Z INFO HostContext] Well known directory 'Bin': 'C:\laragon\www\sapapi\actions-runner\bin'
[2025-08-16 03:50:04Z INFO HostContext] Well known directory 'Root': 'C:\laragon\www\sapapi\actions-runner'
[2025-08-16 03:50:04Z INFO Listener] Validating directory permissions for: 'C:\laragon\www\sapapi\actions-runner'
[2025-08-16 03:50:04Z INFO CommandLineParser] Parse
[2025-08-16 03:50:04Z INFO CommandLineParser] Parsing 3 args
[2025-08-16 03:50:04Z INFO CommandLineParser] parsing argument
[2025-08-16 03:50:04Z INFO CommandLineParser] HasArgs: False
[2025-08-16 03:50:04Z INFO CommandLineParser] Adding Command: run
[2025-08-16 03:50:04Z INFO CommandLineParser] parsing argument
[2025-08-16 03:50:04Z INFO CommandLineParser] HasArgs: True
[2025-08-16 03:50:04Z INFO CommandLineParser] arg: startuptype
[2025-08-16 03:50:04Z INFO CommandLineParser] parsing argument
[2025-08-16 03:50:04Z INFO CommandLineParser] HasArgs: True
[2025-08-16 03:50:04Z INFO CommandLineParser] Adding option 'startuptype': 'service'
[2025-08-16 03:50:04Z INFO Listener] Arguments parsed
[2025-08-16 03:50:04Z INFO Runner] ExecuteCommand
[2025-08-16 03:50:04Z INFO ConfigurationStore] currentAssemblyLocation: C:\laragon\www\sapapi\actions-runner\bin\Runner.Listener.dll
[2025-08-16 03:50:04Z INFO HostContext] Well known directory 'Bin': 'C:\laragon\www\sapapi\actions-runner\bin'
[2025-08-16 03:50:04Z INFO ConfigurationStore] binPath: C:\laragon\www\sapapi\actions-runner\bin
[2025-08-16 03:50:04Z INFO HostContext] Well known directory 'Bin': 'C:\laragon\www\sapapi\actions-runner\bin'
[2025-08-16 03:50:04Z INFO HostContext] Well known directory 'Root': 'C:\laragon\www\sapapi\actions-runner'
[2025-08-16 03:50:04Z INFO ConfigurationStore] RootFolder: C:\laragon\www\sapapi\actions-runner
[2025-08-16 03:50:04Z INFO HostContext] Well known directory 'Bin': 'C:\laragon\www\sapapi\actions-runner\bin'
[2025-08-16 03:50:04Z INFO HostContext] Well known directory 'Root': 'C:\laragon\www\sapapi\actions-runner'
[2025-08-16 03:50:04Z INFO HostContext] Well known config file 'Runner': 'C:\laragon\www\sapapi\actions-runner\.runner'
[2025-08-16 03:50:04Z INFO ConfigurationStore] ConfigFilePath: C:\laragon\www\sapapi\actions-runner\.runner
[2025-08-16 03:50:04Z INFO HostContext] Well known directory 'Bin': 'C:\laragon\www\sapapi\actions-runner\bin'
[2025-08-16 03:50:04Z INFO HostContext] Well known directory 'Root': 'C:\laragon\www\sapapi\actions-runner'
[2025-08-16 03:50:04Z INFO HostContext] Well known config file 'MigratedRunner': 'C:\laragon\www\sapapi\actions-runner\.runner_migrated'
[2025-08-16 03:50:04Z INFO ConfigurationStore] MigratedConfigFilePath: C:\laragon\www\sapapi\actions-runner\.runner_migrated
[2025-08-16 03:50:04Z INFO HostContext] Well known directory 'Bin': 'C:\laragon\www\sapapi\actions-runner\bin'
[2025-08-16 03:50:04Z INFO HostContext] Well known directory 'Root': 'C:\laragon\www\sapapi\actions-runner'
[2025-08-16 03:50:04Z INFO HostContext] Well known config file 'Credentials': 'C:\laragon\www\sapapi\actions-runner\.credentials'
[2025-08-16 03:50:04Z INFO ConfigurationStore] CredFilePath: C:\laragon\www\sapapi\actions-runner\.credentials
[2025-08-16 03:50:04Z INFO HostContext] Well known directory 'Bin': 'C:\laragon\www\sapapi\actions-runner\bin'
[2025-08-16 03:50:04Z INFO HostContext] Well known directory 'Root': 'C:\laragon\www\sapapi\actions-runner'
[2025-08-16 03:50:04Z INFO HostContext] Well known config file 'MigratedCredentials': 'C:\laragon\www\sapapi\actions-runner\.credentials_migrated'
[2025-08-16 03:50:04Z INFO ConfigurationStore] MigratedCredFilePath: C:\laragon\www\sapapi\actions-runner\.credentials_migrated
[2025-08-16 03:50:04Z INFO HostContext] Well known directory 'Bin': 'C:\laragon\www\sapapi\actions-runner\bin'
[2025-08-16 03:50:04Z INFO HostContext] Well known directory 'Root': 'C:\laragon\www\sapapi\actions-runner'
[2025-08-16 03:50:04Z INFO HostContext] Well known config file 'Service': 'C:\laragon\www\sapapi\actions-runner\.service'
[2025-08-16 03:50:04Z INFO ConfigurationStore] ServiceConfigFilePath: C:\laragon\www\sapapi\actions-runner\.service
[2025-08-16 03:50:04Z INFO CommandSettings] Flag 'help': 'False'
[2025-08-16 03:50:04Z INFO CommandSettings] Flag 'version': 'False'
[2025-08-16 03:50:04Z INFO CommandSettings] Flag 'commit': 'False'
[2025-08-16 03:50:04Z INFO CommandSettings] Flag 'check': 'False'
[2025-08-16 03:50:04Z INFO CommandSettings] Command 'configure': 'False'
[2025-08-16 03:50:04Z INFO CommandSettings] Command 'remove': 'False'
[2025-08-16 03:50:04Z INFO CommandSettings] Command 'warmup': 'False'
[2025-08-16 03:50:04Z INFO ConfigurationManager] LoadSettings
[2025-08-16 03:50:04Z INFO ConfigurationStore] IsConfigured()
[2025-08-16 03:50:04Z INFO ConfigurationStore] IsConfigured: True
[2025-08-16 03:50:04Z INFO ConfigurationManager] Is configured: True
[2025-08-16 03:50:04Z INFO ConfigurationStore] Read setting file: 386 chars
[2025-08-16 03:50:04Z INFO ConfigurationManager] Settings Loaded
[2025-08-16 03:50:04Z INFO ConfigurationStore] IsServiceConfigured()
[2025-08-16 03:50:04Z INFO ConfigurationStore] IsServiceConfigured: True
[2025-08-16 03:50:04Z INFO CommandSettings] Command 'run': 'True'
[2025-08-16 03:50:04Z INFO ConfigurationStore] IsConfigured()
[2025-08-16 03:50:04Z INFO ConfigurationStore] IsConfigured: True
[2025-08-16 03:50:04Z INFO ConfigurationManager] Is configured: True
[2025-08-16 03:50:04Z INFO Runner] Set runner startup type - Service
[2025-08-16 03:50:04Z INFO CommandSettings] Flag 'once': 'False'
[2025-08-16 03:50:04Z INFO CommandSettings] Flag 'once': 'False'
[2025-08-16 03:50:04Z INFO Runner] RunAsync
[2025-08-16 03:50:04Z INFO ConfigurationManager] LoadMigratedSettings
[2025-08-16 03:50:04Z INFO ConfigurationStore] IsMigratedConfigured()
[2025-08-16 03:50:04Z INFO ConfigurationStore] IsMigratedConfigured: True
[2025-08-16 03:50:04Z INFO ConfigurationStore] Read migrated setting file: 386 chars
[2025-08-16 03:50:04Z INFO ConfigurationManager] Migrated Settings Loaded
[2025-08-16 03:50:04Z INFO Runner] Loaded migrated settings from .runner_migrated file
[2025-08-16 03:50:04Z INFO Runner] {
  "AgentId": 22,
  "AgentName": "JO",
  "PoolId": 1,
  "PoolName": "Default",
  "ServerUrl": "https://pipelinesghubeus26.actions.githubusercontent.com/OTqsuixwcDOeboiI5ELPh9vt0loVA9erSQMzHOLYofkfIDGeBX/",
  "GitHubUrl": "https://github.com/jauharimalik/sapapi",
  "WorkFolder": "_work",
  "UseV2Flow": true,
  "ServerUrlV2": "https://broker.actions.githubusercontent.com/"
}
[2025-08-16 03:50:04Z INFO Runner] Attempting to create session using migrated settings
[2025-08-16 03:50:04Z INFO Runner] Using BrokerMessageListener
[2025-08-16 03:50:04Z INFO BrokerMessageListener] Using provided settings
[2025-08-16 03:50:04Z INFO BrokerMessageListener] Using migrated settings from .runner_migrated
[2025-08-16 03:50:04Z INFO BrokerMessageListener] {
  "AgentId": 22,
  "AgentName": "JO",
  "PoolId": 1,
  "PoolName": "Default",
  "ServerUrl": "https://pipelinesghubeus26.actions.githubusercontent.com/OTqsuixwcDOeboiI5ELPh9vt0loVA9erSQMzHOLYofkfIDGeBX/",
  "GitHubUrl": "https://github.com/jauharimalik/sapapi",
  "WorkFolder": "_work",
  "UseV2Flow": true,
  "ServerUrlV2": "https://broker.actions.githubusercontent.com/"
}
[2025-08-16 03:50:04Z INFO BrokerMessageListener] Loading Credentials
[2025-08-16 03:50:04Z INFO ConfigurationStore] HasCredentials()
[2025-08-16 03:50:04Z INFO ConfigurationStore] stored True
[2025-08-16 03:50:04Z INFO CredentialManager] GetCredentialProvider
[2025-08-16 03:50:04Z INFO CredentialManager] Creating type OAuth
[2025-08-16 03:50:04Z INFO CredentialManager] Creating credential type: OAuth
[2025-08-16 03:50:04Z INFO HostContext] Well known directory 'Bin': 'C:\laragon\www\sapapi\actions-runner\bin'
[2025-08-16 03:50:04Z INFO HostContext] Well known directory 'Root': 'C:\laragon\www\sapapi\actions-runner'
[2025-08-16 03:50:04Z INFO HostContext] Well known config file 'RSACredentials': 'C:\laragon\www\sapapi\actions-runner\.credentials_rsaparams'
[2025-08-16 03:50:04Z INFO RSAEncryptedFileKeyManager] Loading RSA key parameters from file C:\laragon\www\sapapi\actions-runner\.credentials_rsaparams
[2025-08-16 03:50:04Z INFO BrokerMessageListener] Attempt to create session.
[2025-08-16 03:50:04Z INFO BrokerMessageListener] Connecting to the Broker Server...
[2025-08-16 03:50:04Z INFO ConfigurationStore] HasCredentials()
[2025-08-16 03:50:04Z INFO ConfigurationStore] stored True
[2025-08-16 03:50:04Z INFO CredentialManager] GetCredentialProvider
[2025-08-16 03:50:04Z INFO CredentialManager] Creating type OAuth
[2025-08-16 03:50:04Z INFO CredentialManager] Creating credential type: OAuth
[2025-08-16 03:50:04Z INFO RSAEncryptedFileKeyManager] Loading RSA key parameters from file C:\laragon\www\sapapi\actions-runner\.credentials_rsaparams
[2025-08-16 03:50:04Z INFO BrokerMessageListener] VssConnection created
[2025-08-16 03:50:04Z INFO BrokerMessageListener] Connecting to the Runner server...
[2025-08-16 03:50:04Z INFO RunnerServer] EstablishVssConnection
[2025-08-16 03:50:04Z INFO RunnerServer] Establish connection with 100 seconds timeout.
[2025-08-16 03:50:04Z INFO GitHubActionsService] Starting operation Location.GetConnectionData
[2025-08-16 03:50:04Z INFO RunnerServer] EstablishVssConnection
[2025-08-16 03:50:04Z INFO RunnerServer] Establish connection with 60 seconds timeout.
[2025-08-16 03:50:04Z INFO GitHubActionsService] Starting operation Location.GetConnectionData
[2025-08-16 03:50:04Z INFO RunnerServer] EstablishVssConnection
[2025-08-16 03:50:04Z INFO RunnerServer] Establish connection with 60 seconds timeout.
[2025-08-16 03:50:04Z INFO GitHubActionsService] Starting operation Location.GetConnectionData
[2025-08-16 03:50:05Z INFO GitHubActionsService] Finished operation Location.GetConnectionData
[2025-08-16 03:50:05Z INFO GitHubActionsService] Finished operation Location.GetConnectionData
[2025-08-16 03:50:05Z INFO GitHubActionsService] Finished operation Location.GetConnectionData
[2025-08-16 03:50:05Z INFO BrokerMessageListener] VssConnection created
[2025-08-16 03:50:05Z INFO Terminal] WRITE LINE: 
[2025-08-16 03:50:05Z INFO Terminal] WRITE LINE: 
[2025-08-16 03:50:05Z INFO RSAEncryptedFileKeyManager] Loading RSA key parameters from file C:\laragon\www\sapapi\actions-runner\.credentials_rsaparams
[2025-08-16 03:50:05Z INFO RSAEncryptedFileKeyManager] Loading RSA key parameters from file C:\laragon\www\sapapi\actions-runner\.credentials_rsaparams
[2025-08-16 03:50:06Z INFO GitHubActionsService] AAD Correlation ID for this token request: Unknown
[2025-08-16 03:50:07Z INFO BrokerMessageListener] Session created.
[2025-08-16 03:50:07Z INFO Runner] Successfully created session with migrated settings
[2025-08-16 03:50:07Z INFO Terminal] WRITE LINE: Current runner version: '2.328.0'
[2025-08-16 03:50:07Z INFO Terminal] WRITE LINE: 2025-08-16 03:50:07Z: Listening for Jobs
[2025-08-16 03:50:07Z INFO JobDispatcher] Set runner/worker IPC timeout to 30 seconds.
[2025-08-16 04:40:26Z INFO RSAEncryptedFileKeyManager] Loading RSA key parameters from file C:\laragon\www\sapapi\actions-runner\.credentials_rsaparams
[2025-08-16 04:40:27Z INFO GitHubActionsService] AAD Correlation ID for this token request: Unknown
[2025-08-16 05:30:46Z INFO RSAEncryptedFileKeyManager] Loading RSA key parameters from file C:\laragon\www\sapapi\actions-runner\.credentials_rsaparams
[2025-08-16 05:30:47Z INFO GitHubActionsService] AAD Correlation ID for this token request: Unknown
[2025-08-16 06:21:05Z INFO RSAEncryptedFileKeyManager] Loading RSA key parameters from file C:\laragon\www\sapapi\actions-runner\.credentials_rsaparams
[2025-08-16 06:21:06Z INFO GitHubActionsService] AAD Correlation ID for this token request: Unknown
[2025-08-16 07:11:25Z INFO RSAEncryptedFileKeyManager] Loading RSA key parameters from file C:\laragon\www\sapapi\actions-runner\.credentials_rsaparams
[2025-08-16 07:11:26Z INFO GitHubActionsService] AAD Correlation ID for this token request: Unknown
[2025-08-16 08:01:44Z INFO RSAEncryptedFileKeyManager] Loading RSA key parameters from file C:\laragon\www\sapapi\actions-runner\.credentials_rsaparams
[2025-08-16 08:01:45Z INFO GitHubActionsService] AAD Correlation ID for this token request: Unknown
[2025-08-16 08:52:03Z INFO RSAEncryptedFileKeyManager] Loading RSA key parameters from file C:\laragon\www\sapapi\actions-runner\.credentials_rsaparams
[2025-08-16 08:52:05Z INFO GitHubActionsService] AAD Correlation ID for this token request: Unknown
[2025-08-16 09:42:23Z INFO RSAEncryptedFileKeyManager] Loading RSA key parameters from file C:\laragon\www\sapapi\actions-runner\.credentials_rsaparams
[2025-08-16 09:42:24Z INFO GitHubActionsService] AAD Correlation ID for this token request: Unknown
[2025-08-16 10:32:43Z INFO RSAEncryptedFileKeyManager] Loading RSA key parameters from file C:\laragon\www\sapapi\actions-runner\.credentials_rsaparams
[2025-08-16 10:32:43Z INFO GitHubActionsService] AAD Correlation ID for this token request: Unknown
[2025-08-16 11:23:04Z INFO RSAEncryptedFileKeyManager] Loading RSA key parameters from file C:\laragon\www\sapapi\actions-runner\.credentials_rsaparams
[2025-08-16 11:23:06Z INFO GitHubActionsService] AAD Correlation ID for this token request: Unknown
[2025-08-16 12:13:24Z INFO RSAEncryptedFileKeyManager] Loading RSA key parameters from file C:\laragon\www\sapapi\actions-runner\.credentials_rsaparams
[2025-08-16 12:13:25Z INFO GitHubActionsService] AAD Correlation ID for this token request: Unknown
[2025-08-16 13:03:42Z INFO RSAEncryptedFileKeyManager] Loading RSA key parameters from file C:\laragon\www\sapapi\actions-runner\.credentials_rsaparams
[2025-08-16 13:03:44Z INFO GitHubActionsService] AAD Correlation ID for this token request: Unknown
[2025-08-16 13:54:04Z INFO RSAEncryptedFileKeyManager] Loading RSA key parameters from file C:\laragon\www\sapapi\actions-runner\.credentials_rsaparams
[2025-08-16 13:54:05Z INFO GitHubActionsService] AAD Correlation ID for this token request: Unknown
[2025-08-16 14:44:23Z INFO RSAEncryptedFileKeyManager] Loading RSA key parameters from file C:\laragon\www\sapapi\actions-runner\.credentials_rsaparams
[2025-08-16 14:44:25Z INFO GitHubActionsService] AAD Correlation ID for this token request: Unknown
