[2025-08-14 03:50:57Z INFO HostContext] No proxy settings were found based on environmental variables (http_proxy/https_proxy/HTTP_PROXY/HTTPS_PROXY)
[2025-08-14 03:50:57Z INFO HostContext] Well known directory 'Bin': 'C:\laragon\www\sapapi\actions-runner\bin'
[2025-08-14 03:50:57Z INFO HostContext] Well known directory 'Root': 'C:\laragon\www\sapapi\actions-runner'
[2025-08-14 03:50:57Z INFO HostContext] Well known config file 'Credentials': 'C:\laragon\www\sapapi\actions-runner\.credentials'
[2025-08-14 03:51:00Z INFO HostContext] Well known directory 'Bin': 'C:\laragon\www\sapapi\actions-runner\bin'
[2025-08-14 03:51:00Z INFO HostContext] Well known directory 'Root': 'C:\laragon\www\sapapi\actions-runner'
[2025-08-14 03:51:00Z INFO HostContext] Well known config file 'Runner': 'C:\laragon\www\sapapi\actions-runner\.runner'
[2025-08-14 03:51:01Z INFO Listener] Runner is built for Windows (X64) - win-x64.
[2025-08-14 03:51:01Z INFO Listener] RuntimeInformation: Microsoft Windows 10.0.19045.
[2025-08-14 03:51:01Z INFO Listener] Version: 2.327.1
[2025-08-14 03:51:01Z INFO Listener] Commit: 9513afd82fbc900d13362cdd4fcdab0538f5124e
[2025-08-14 03:51:01Z INFO Listener] Culture: en-US
[2025-08-14 03:51:01Z INFO Listener] UI Culture: en-US
[2025-08-14 03:51:01Z INFO HostContext] Well known directory 'Bin': 'C:\laragon\www\sapapi\actions-runner\bin'
[2025-08-14 03:51:01Z INFO HostContext] Well known directory 'Root': 'C:\laragon\www\sapapi\actions-runner'
[2025-08-14 03:51:01Z INFO Listener] Validating directory permissions for: 'C:\laragon\www\sapapi\actions-runner'
[2025-08-14 03:51:01Z INFO CommandLineParser] Parse
[2025-08-14 03:51:01Z INFO CommandLineParser] Parsing 3 args
[2025-08-14 03:51:01Z INFO CommandLineParser] parsing argument
[2025-08-14 03:51:01Z INFO CommandLineParser] HasArgs: False
[2025-08-14 03:51:01Z INFO CommandLineParser] Adding Command: run
[2025-08-14 03:51:01Z INFO CommandLineParser] parsing argument
[2025-08-14 03:51:01Z INFO CommandLineParser] HasArgs: True
[2025-08-14 03:51:01Z INFO CommandLineParser] arg: startuptype
[2025-08-14 03:51:01Z INFO CommandLineParser] parsing argument
[2025-08-14 03:51:01Z INFO CommandLineParser] HasArgs: True
[2025-08-14 03:51:01Z INFO CommandLineParser] Adding option 'startuptype': 'service'
[2025-08-14 03:51:01Z INFO Listener] Arguments parsed
[2025-08-14 03:51:01Z INFO Runner] ExecuteCommand
[2025-08-14 03:51:01Z INFO ConfigurationStore] currentAssemblyLocation: C:\laragon\www\sapapi\actions-runner\bin\Runner.Listener.dll
[2025-08-14 03:51:01Z INFO HostContext] Well known directory 'Bin': 'C:\laragon\www\sapapi\actions-runner\bin'
[2025-08-14 03:51:01Z INFO ConfigurationStore] binPath: C:\laragon\www\sapapi\actions-runner\bin
[2025-08-14 03:51:01Z INFO HostContext] Well known directory 'Bin': 'C:\laragon\www\sapapi\actions-runner\bin'
[2025-08-14 03:51:01Z INFO HostContext] Well known directory 'Root': 'C:\laragon\www\sapapi\actions-runner'
[2025-08-14 03:51:01Z INFO ConfigurationStore] RootFolder: C:\laragon\www\sapapi\actions-runner
[2025-08-14 03:51:01Z INFO HostContext] Well known directory 'Bin': 'C:\laragon\www\sapapi\actions-runner\bin'
[2025-08-14 03:51:01Z INFO HostContext] Well known directory 'Root': 'C:\laragon\www\sapapi\actions-runner'
[2025-08-14 03:51:01Z INFO HostContext] Well known config file 'Runner': 'C:\laragon\www\sapapi\actions-runner\.runner'
[2025-08-14 03:51:01Z INFO ConfigurationStore] ConfigFilePath: C:\laragon\www\sapapi\actions-runner\.runner
[2025-08-14 03:51:01Z INFO HostContext] Well known directory 'Bin': 'C:\laragon\www\sapapi\actions-runner\bin'
[2025-08-14 03:51:01Z INFO HostContext] Well known directory 'Root': 'C:\laragon\www\sapapi\actions-runner'
[2025-08-14 03:51:01Z INFO HostContext] Well known config file 'MigratedRunner': 'C:\laragon\www\sapapi\actions-runner\.runner_migrated'
[2025-08-14 03:51:01Z INFO ConfigurationStore] MigratedConfigFilePath: C:\laragon\www\sapapi\actions-runner\.runner_migrated
[2025-08-14 03:51:01Z INFO HostContext] Well known directory 'Bin': 'C:\laragon\www\sapapi\actions-runner\bin'
[2025-08-14 03:51:01Z INFO HostContext] Well known directory 'Root': 'C:\laragon\www\sapapi\actions-runner'
[2025-08-14 03:51:01Z INFO HostContext] Well known config file 'Credentials': 'C:\laragon\www\sapapi\actions-runner\.credentials'
[2025-08-14 03:51:01Z INFO ConfigurationStore] CredFilePath: C:\laragon\www\sapapi\actions-runner\.credentials
[2025-08-14 03:51:01Z INFO HostContext] Well known directory 'Bin': 'C:\laragon\www\sapapi\actions-runner\bin'
[2025-08-14 03:51:01Z INFO HostContext] Well known directory 'Root': 'C:\laragon\www\sapapi\actions-runner'
[2025-08-14 03:51:01Z INFO HostContext] Well known config file 'MigratedCredentials': 'C:\laragon\www\sapapi\actions-runner\.credentials_migrated'
[2025-08-14 03:51:01Z INFO ConfigurationStore] MigratedCredFilePath: C:\laragon\www\sapapi\actions-runner\.credentials_migrated
[2025-08-14 03:51:01Z INFO HostContext] Well known directory 'Bin': 'C:\laragon\www\sapapi\actions-runner\bin'
[2025-08-14 03:51:01Z INFO HostContext] Well known directory 'Root': 'C:\laragon\www\sapapi\actions-runner'
[2025-08-14 03:51:01Z INFO HostContext] Well known config file 'Service': 'C:\laragon\www\sapapi\actions-runner\.service'
[2025-08-14 03:51:01Z INFO ConfigurationStore] ServiceConfigFilePath: C:\laragon\www\sapapi\actions-runner\.service
[2025-08-14 03:51:01Z INFO CommandSettings] Flag 'help': 'False'
[2025-08-14 03:51:01Z INFO CommandSettings] Flag 'version': 'False'
[2025-08-14 03:51:01Z INFO CommandSettings] Flag 'commit': 'False'
[2025-08-14 03:51:01Z INFO CommandSettings] Flag 'check': 'False'
[2025-08-14 03:51:01Z INFO CommandSettings] Command 'configure': 'False'
[2025-08-14 03:51:01Z INFO CommandSettings] Command 'remove': 'False'
[2025-08-14 03:51:01Z INFO CommandSettings] Command 'warmup': 'False'
[2025-08-14 03:51:01Z INFO ConfigurationManager] LoadSettings
[2025-08-14 03:51:01Z INFO ConfigurationStore] IsConfigured()
[2025-08-14 03:51:01Z INFO ConfigurationStore] IsConfigured: True
[2025-08-14 03:51:01Z INFO ConfigurationManager] Is configured: True
[2025-08-14 03:51:01Z INFO ConfigurationStore] Read setting file: 386 chars
[2025-08-14 03:51:01Z INFO ConfigurationManager] Settings Loaded
[2025-08-14 03:51:01Z INFO ConfigurationStore] IsServiceConfigured()
[2025-08-14 03:51:01Z INFO ConfigurationStore] IsServiceConfigured: True
[2025-08-14 03:51:01Z INFO CommandSettings] Command 'run': 'True'
[2025-08-14 03:51:01Z INFO ConfigurationStore] IsConfigured()
[2025-08-14 03:51:01Z INFO ConfigurationStore] IsConfigured: True
[2025-08-14 03:51:01Z INFO ConfigurationManager] Is configured: True
[2025-08-14 03:51:01Z INFO Runner] Set runner startup type - Service
[2025-08-14 03:51:01Z INFO CommandSettings] Flag 'once': 'False'
[2025-08-14 03:51:01Z INFO CommandSettings] Flag 'once': 'False'
[2025-08-14 03:51:01Z INFO Runner] RunAsync
[2025-08-14 03:51:01Z INFO ConfigurationManager] LoadMigratedSettings
[2025-08-14 03:51:01Z INFO ConfigurationStore] IsMigratedConfigured()
[2025-08-14 03:51:01Z INFO ConfigurationStore] IsMigratedConfigured: False
[2025-08-14 03:51:01Z INFO Runner] Failed to load migrated settings: No migrated configuration found.
[2025-08-14 03:51:01Z INFO Runner] Falling back to original .runner settings
[2025-08-14 03:51:01Z INFO Runner] Using BrokerMessageListener
[2025-08-14 03:51:01Z INFO BrokerMessageListener] Using provided settings
[2025-08-14 03:51:01Z INFO BrokerMessageListener] {
  "AgentId": 22,
  "AgentName": "JO",
  "PoolId": 1,
  "PoolName": "Default",
  "ServerUrl": "https://pipelinesghubeus26.actions.githubusercontent.com/OTqsuixwcDOeboiI5ELPh9vt0loVA9erSQMzHOLYofkfIDGeBX/",
  "GitHubUrl": "https://github.com/jauharimalik/sapapi",
  "WorkFolder": "_work",
  "UseV2Flow": true,
  "ServerUrlV2": "https://broker.actions.githubusercontent.com/"
}
[2025-08-14 03:51:01Z INFO BrokerMessageListener] Loading Credentials
[2025-08-14 03:51:01Z INFO ConfigurationStore] HasCredentials()
[2025-08-14 03:51:01Z INFO ConfigurationStore] stored True
[2025-08-14 03:51:01Z INFO CredentialManager] GetCredentialProvider
[2025-08-14 03:51:01Z INFO CredentialManager] Creating type OAuth
[2025-08-14 03:51:01Z INFO CredentialManager] Creating credential type: OAuth
[2025-08-14 03:51:01Z INFO HostContext] Well known directory 'Bin': 'C:\laragon\www\sapapi\actions-runner\bin'
[2025-08-14 03:51:01Z INFO HostContext] Well known directory 'Root': 'C:\laragon\www\sapapi\actions-runner'
[2025-08-14 03:51:01Z INFO HostContext] Well known config file 'RSACredentials': 'C:\laragon\www\sapapi\actions-runner\.credentials_rsaparams'
[2025-08-14 03:51:01Z INFO RSAEncryptedFileKeyManager] Loading RSA key parameters from file C:\laragon\www\sapapi\actions-runner\.credentials_rsaparams
[2025-08-14 03:51:01Z INFO BrokerMessageListener] Attempt to create session.
[2025-08-14 03:51:01Z INFO BrokerMessageListener] Connecting to the Broker Server...
[2025-08-14 03:51:01Z INFO ConfigurationStore] HasCredentials()
[2025-08-14 03:51:01Z INFO ConfigurationStore] stored True
[2025-08-14 03:51:01Z INFO CredentialManager] GetCredentialProvider
[2025-08-14 03:51:01Z INFO CredentialManager] Creating type OAuth
[2025-08-14 03:51:01Z INFO CredentialManager] Creating credential type: OAuth
[2025-08-14 03:51:01Z INFO RSAEncryptedFileKeyManager] Loading RSA key parameters from file C:\laragon\www\sapapi\actions-runner\.credentials_rsaparams
[2025-08-14 03:51:01Z INFO BrokerMessageListener] VssConnection created
[2025-08-14 03:51:01Z INFO BrokerMessageListener] Connecting to the Runner server...
[2025-08-14 03:51:01Z INFO RunnerServer] EstablishVssConnection
[2025-08-14 03:51:01Z INFO RunnerServer] Establish connection with 100 seconds timeout.
[2025-08-14 03:51:01Z INFO GitHubActionsService] Starting operation Location.GetConnectionData
[2025-08-14 03:51:01Z INFO RunnerServer] EstablishVssConnection
[2025-08-14 03:51:01Z INFO RunnerServer] Establish connection with 60 seconds timeout.
[2025-08-14 03:51:01Z INFO GitHubActionsService] Starting operation Location.GetConnectionData
[2025-08-14 03:51:01Z INFO RunnerServer] EstablishVssConnection
[2025-08-14 03:51:01Z INFO RunnerServer] Establish connection with 60 seconds timeout.
[2025-08-14 03:51:01Z INFO GitHubActionsService] Starting operation Location.GetConnectionData
[2025-08-14 03:51:02Z INFO GitHubActionsService] Finished operation Location.GetConnectionData
[2025-08-14 03:51:02Z INFO GitHubActionsService] Finished operation Location.GetConnectionData
[2025-08-14 03:51:02Z INFO GitHubActionsService] Finished operation Location.GetConnectionData
[2025-08-14 03:51:03Z INFO BrokerMessageListener] VssConnection created
[2025-08-14 03:51:03Z INFO Terminal] WRITE LINE: 
[2025-08-14 03:51:03Z INFO Terminal] WRITE LINE: 
[2025-08-14 03:51:03Z INFO RSAEncryptedFileKeyManager] Loading RSA key parameters from file C:\laragon\www\sapapi\actions-runner\.credentials_rsaparams
[2025-08-14 03:51:03Z INFO RSAEncryptedFileKeyManager] Loading RSA key parameters from file C:\laragon\www\sapapi\actions-runner\.credentials_rsaparams
[2025-08-14 03:51:04Z INFO GitHubActionsService] AAD Correlation ID for this token request: Unknown
[2025-08-14 03:51:06Z INFO BrokerMessageListener] Session created.
[2025-08-14 03:51:06Z INFO Terminal] WRITE LINE: Current runner version: '2.327.1'
[2025-08-14 03:51:06Z INFO Terminal] WRITE LINE: 2025-08-14 03:51:06Z: Listening for Jobs
[2025-08-14 03:51:06Z INFO JobDispatcher] Set runner/worker IPC timeout to 30 seconds.
[2025-08-14 04:18:46Z WARN GitHubActionsService] Attempt 1 of GET request to https://broker.actions.githubusercontent.com/message?sessionId=df246a15-06a2-4b50-9575-2b130314e27b&status=Online&runnerVersion=2.327.1&os=Windows&architecture=X64&disableUpdate=false failed (Socket Error: ConnectionReset). The operation will be retried in 10.98 seconds.
[2025-08-14 04:41:39Z INFO RSAEncryptedFileKeyManager] Loading RSA key parameters from file C:\laragon\www\sapapi\actions-runner\.credentials_rsaparams
[2025-08-14 04:41:40Z INFO GitHubActionsService] AAD Correlation ID for this token request: Unknown
[2025-08-14 05:32:05Z INFO RSAEncryptedFileKeyManager] Loading RSA key parameters from file C:\laragon\www\sapapi\actions-runner\.credentials_rsaparams
[2025-08-14 05:32:06Z INFO GitHubActionsService] AAD Correlation ID for this token request: Unknown
[2025-08-14 06:22:32Z INFO RSAEncryptedFileKeyManager] Loading RSA key parameters from file C:\laragon\www\sapapi\actions-runner\.credentials_rsaparams
[2025-08-14 06:22:35Z INFO GitHubActionsService] AAD Correlation ID for this token request: Unknown
[2025-08-14 06:22:35Z WARN GitHubActionsService] Retrieving an AAD auth token took a long time (2.9671904 seconds)
[2025-08-14 07:13:06Z INFO RSAEncryptedFileKeyManager] Loading RSA key parameters from file C:\laragon\www\sapapi\actions-runner\.credentials_rsaparams
[2025-08-14 07:13:08Z INFO GitHubActionsService] AAD Correlation ID for this token request: Unknown
[2025-08-14 07:13:08Z WARN GitHubActionsService] Retrieving an AAD auth token took a long time (2.13434 seconds)
[2025-08-14 08:03:31Z INFO RSAEncryptedFileKeyManager] Loading RSA key parameters from file C:\laragon\www\sapapi\actions-runner\.credentials_rsaparams
[2025-08-14 08:03:33Z INFO GitHubActionsService] AAD Correlation ID for this token request: Unknown
[2025-08-14 08:03:33Z WARN GitHubActionsService] Retrieving an AAD auth token took a long time (2.1816863 seconds)
[2025-08-14 08:53:56Z INFO RSAEncryptedFileKeyManager] Loading RSA key parameters from file C:\laragon\www\sapapi\actions-runner\.credentials_rsaparams
[2025-08-14 08:53:57Z INFO GitHubActionsService] AAD Correlation ID for this token request: Unknown
